[08-Aug-2017 04:10:18 UTC] PHP Fatal error:  Uncaught Error: Call to undefined function mysql_pconnect() in /home/merakisan/shopping.merakisan.com/system/database/drivers/mysql/mysql_driver.php:91
Stack trace:
#0 /home/merakisan/shopping.merakisan.com/system/database/DB_driver.php(115): CI_DB_mysql_driver->db_pconnect()
#1 /home/merakisan/shopping.merakisan.com/system/database/DB.php(148): CI_DB_driver->initialize()
#2 /home/merakisan/shopping.merakisan.com/system/core/Loader.php(346): DB(Array, NULL)
#3 /home/merakisan/shopping.merakisan.com/application/models/category.php(10): CI_Loader->database()
#4 /home/merakisan/shopping.merakisan.com/system/core/Loader.php(303): Category->__Construct()
#5 /home/merakisan/shopping.merakisan.com/application/controllers/index.php(12): CI_Loader->model('Category')
#6 /home/merakisan/shopping.merakisan.com/system/core/CodeIgniter.php(308): Index->__Construct()
#7 /home/merakisan/shopping.merakisan.com/index.php(202): require_once('/home/merakisan...')
#8 {main}
  thrown in /home/merakisan/shopping.merakisan.com/system/database/drivers/mysql/mysql_driver.php on line 91
[08-Aug-2017 04:13:59 UTC] PHP Fatal error:  Uncaught Error: Call to undefined function mysql_pconnect() in /home/merakisan/shopping.merakisan.com/system/database/drivers/mysql/mysql_driver.php:91
Stack trace:
#0 /home/merakisan/shopping.merakisan.com/system/database/DB_driver.php(115): CI_DB_mysql_driver->db_pconnect()
#1 /home/merakisan/shopping.merakisan.com/system/database/DB.php(148): CI_DB_driver->initialize()
#2 /home/merakisan/shopping.merakisan.com/system/core/Loader.php(346): DB(Array, NULL)
#3 /home/merakisan/shopping.merakisan.com/application/models/category.php(10): CI_Loader->database()
#4 /home/merakisan/shopping.merakisan.com/system/core/Loader.php(303): Category->__Construct()
#5 /home/merakisan/shopping.merakisan.com/application/controllers/index.php(12): CI_Loader->model('Category')
#6 /home/merakisan/shopping.merakisan.com/system/core/CodeIgniter.php(308): Index->__Construct()
#7 /home/merakisan/shopping.merakisan.com/index.php(202): require_once('/home/merakisan...')
#8 {main}
  thrown in /home/merakisan/shopping.merakisan.com/system/database/drivers/mysql/mysql_driver.php on line 91
[08-Aug-2017 04:14:05 UTC] PHP Fatal error:  Uncaught Error: Call to undefined function mysql_pconnect() in /home/merakisan/shopping.merakisan.com/system/database/drivers/mysql/mysql_driver.php:91
Stack trace:
#0 /home/merakisan/shopping.merakisan.com/system/database/DB_driver.php(115): CI_DB_mysql_driver->db_pconnect()
#1 /home/merakisan/shopping.merakisan.com/system/database/DB.php(148): CI_DB_driver->initialize()
#2 /home/merakisan/shopping.merakisan.com/system/core/Loader.php(346): DB(Array, NULL)
#3 /home/merakisan/shopping.merakisan.com/application/models/category.php(10): CI_Loader->database()
#4 /home/merakisan/shopping.merakisan.com/system/core/Loader.php(303): Category->__Construct()
#5 /home/merakisan/shopping.merakisan.com/application/controllers/index.php(12): CI_Loader->model('Category')
#6 /home/merakisan/shopping.merakisan.com/system/core/CodeIgniter.php(308): Index->__Construct()
#7 /home/merakisan/shopping.merakisan.com/index.php(202): require_once('/home/merakisan...')
#8 {main}
  thrown in /home/merakisan/shopping.merakisan.com/system/database/drivers/mysql/mysql_driver.php on line 91
[08-Aug-2017 04:14:10 UTC] PHP Fatal error:  Uncaught Error: Call to undefined function mysql_pconnect() in /home/merakisan/shopping.merakisan.com/system/database/drivers/mysql/mysql_driver.php:91
Stack trace:
#0 /home/merakisan/shopping.merakisan.com/system/database/DB_driver.php(115): CI_DB_mysql_driver->db_pconnect()
#1 /home/merakisan/shopping.merakisan.com/system/database/DB.php(148): CI_DB_driver->initialize()
#2 /home/merakisan/shopping.merakisan.com/system/core/Loader.php(346): DB(Array, NULL)
#3 /home/merakisan/shopping.merakisan.com/application/models/category.php(10): CI_Loader->database()
#4 /home/merakisan/shopping.merakisan.com/system/core/Loader.php(303): Category->__Construct()
#5 /home/merakisan/shopping.merakisan.com/application/controllers/index.php(12): CI_Loader->model('Category')
#6 /home/merakisan/shopping.merakisan.com/system/core/CodeIgniter.php(308): Index->__Construct()
#7 /home/merakisan/shopping.merakisan.com/index.php(202): require_once('/home/merakisan...')
#8 {main}
  thrown in /home/merakisan/shopping.merakisan.com/system/database/drivers/mysql/mysql_driver.php on line 91
[08-Aug-2017 04:14:35 UTC] PHP Fatal error:  Uncaught Error: Call to undefined function mysql_pconnect() in /home/merakisan/shopping.merakisan.com/system/database/drivers/mysql/mysql_driver.php:91
Stack trace:
#0 /home/merakisan/shopping.merakisan.com/system/database/DB_driver.php(115): CI_DB_mysql_driver->db_pconnect()
#1 /home/merakisan/shopping.merakisan.com/system/database/DB.php(148): CI_DB_driver->initialize()
#2 /home/merakisan/shopping.merakisan.com/system/core/Loader.php(346): DB(Array, NULL)
#3 /home/merakisan/shopping.merakisan.com/application/models/category.php(10): CI_Loader->database()
#4 /home/merakisan/shopping.merakisan.com/system/core/Loader.php(303): Category->__Construct()
#5 /home/merakisan/shopping.merakisan.com/application/controllers/index.php(12): CI_Loader->model('Category')
#6 /home/merakisan/shopping.merakisan.com/system/core/CodeIgniter.php(308): Index->__Construct()
#7 /home/merakisan/shopping.merakisan.com/index.php(202): require_once('/home/merakisan...')
#8 {main}
  thrown in /home/merakisan/shopping.merakisan.com/system/database/drivers/mysql/mysql_driver.php on line 91
[08-Aug-2017 04:16:50 UTC] PHP Fatal error:  Uncaught Error: Call to undefined function mysql_pconnect() in /home/merakisan/shopping.merakisan.com/system/database/drivers/mysql/mysql_driver.php:91
Stack trace:
#0 /home/merakisan/shopping.merakisan.com/system/database/DB_driver.php(115): CI_DB_mysql_driver->db_pconnect()
#1 /home/merakisan/shopping.merakisan.com/system/database/DB.php(148): CI_DB_driver->initialize()
#2 /home/merakisan/shopping.merakisan.com/system/core/Loader.php(346): DB(Array, NULL)
#3 /home/merakisan/shopping.merakisan.com/application/models/category.php(10): CI_Loader->database()
#4 /home/merakisan/shopping.merakisan.com/system/core/Loader.php(303): Category->__Construct()
#5 /home/merakisan/shopping.merakisan.com/application/controllers/index.php(12): CI_Loader->model('Category')
#6 /home/merakisan/shopping.merakisan.com/system/core/CodeIgniter.php(308): Index->__Construct()
#7 /home/merakisan/shopping.merakisan.com/index.php(202): require_once('/home/merakisan...')
#8 {main}
  thrown in /home/merakisan/shopping.merakisan.com/system/database/drivers/mysql/mysql_driver.php on line 91
[08-Aug-2017 04:17:39 UTC] PHP Fatal error:  Uncaught Error: Call to undefined function mysql_pconnect() in /home/merakisan/shopping.merakisan.com/system/database/drivers/mysql/mysql_driver.php:91
Stack trace:
#0 /home/merakisan/shopping.merakisan.com/system/database/DB_driver.php(115): CI_DB_mysql_driver->db_pconnect()
#1 /home/merakisan/shopping.merakisan.com/system/database/DB.php(148): CI_DB_driver->initialize()
#2 /home/merakisan/shopping.merakisan.com/system/core/Loader.php(346): DB(Array, NULL)
#3 /home/merakisan/shopping.merakisan.com/application/models/category.php(10): CI_Loader->database()
#4 /home/merakisan/shopping.merakisan.com/system/core/Loader.php(303): Category->__Construct()
#5 /home/merakisan/shopping.merakisan.com/application/controllers/index.php(12): CI_Loader->model('Category')
#6 /home/merakisan/shopping.merakisan.com/system/core/CodeIgniter.php(308): Index->__Construct()
#7 /home/merakisan/shopping.merakisan.com/index.php(202): require_once('/home/merakisan...')
#8 {main}
  thrown in /home/merakisan/shopping.merakisan.com/system/database/drivers/mysql/mysql_driver.php on line 91
[08-Aug-2017 04:20:42 UTC] PHP Fatal error:  Uncaught Error: Call to undefined function mysql_pconnect() in /home/merakisan/shopping.merakisan.com/system/database/drivers/mysql/mysql_driver.php:91
Stack trace:
#0 /home/merakisan/shopping.merakisan.com/system/database/DB_driver.php(115): CI_DB_mysql_driver->db_pconnect()
#1 /home/merakisan/shopping.merakisan.com/system/database/DB.php(148): CI_DB_driver->initialize()
#2 /home/merakisan/shopping.merakisan.com/system/core/Loader.php(346): DB(Array, NULL)
#3 /home/merakisan/shopping.merakisan.com/application/models/category.php(10): CI_Loader->database()
#4 /home/merakisan/shopping.merakisan.com/system/core/Loader.php(303): Category->__Construct()
#5 /home/merakisan/shopping.merakisan.com/application/controllers/index.php(12): CI_Loader->model('Category')
#6 /home/merakisan/shopping.merakisan.com/system/core/CodeIgniter.php(308): Index->__Construct()
#7 /home/merakisan/shopping.merakisan.com/index.php(202): require_once('/home/merakisan...')
#8 {main}
  thrown in /home/merakisan/shopping.merakisan.com/system/database/drivers/mysql/mysql_driver.php on line 91
[08-Aug-2017 04:22:38 UTC] PHP Fatal error:  Uncaught Error: Call to undefined function mysql_pconnect() in /home/merakisan/shopping.merakisan.com/system/database/drivers/mysql/mysql_driver.php:91
Stack trace:
#0 /home/merakisan/shopping.merakisan.com/system/database/DB_driver.php(115): CI_DB_mysql_driver->db_pconnect()
#1 /home/merakisan/shopping.merakisan.com/system/database/DB.php(148): CI_DB_driver->initialize()
#2 /home/merakisan/shopping.merakisan.com/system/core/Loader.php(346): DB(Array, NULL)
#3 /home/merakisan/shopping.merakisan.com/application/models/category.php(10): CI_Loader->database()
#4 /home/merakisan/shopping.merakisan.com/system/core/Loader.php(303): Category->__Construct()
#5 /home/merakisan/shopping.merakisan.com/application/controllers/index.php(12): CI_Loader->model('Category')
#6 /home/merakisan/shopping.merakisan.com/system/core/CodeIgniter.php(308): Index->__Construct()
#7 /home/merakisan/shopping.merakisan.com/index.php(202): require_once('/home/merakisan...')
#8 {main}
  thrown in /home/merakisan/shopping.merakisan.com/system/database/drivers/mysql/mysql_driver.php on line 91
[08-Aug-2017 04:23:22 UTC] PHP Fatal error:  Uncaught Error: Call to undefined function mysql_pconnect() in /home/merakisan/shopping.merakisan.com/system/database/drivers/mysql/mysql_driver.php:91
Stack trace:
#0 /home/merakisan/shopping.merakisan.com/system/database/DB_driver.php(115): CI_DB_mysql_driver->db_pconnect()
#1 /home/merakisan/shopping.merakisan.com/system/database/DB.php(148): CI_DB_driver->initialize()
#2 /home/merakisan/shopping.merakisan.com/system/core/Loader.php(346): DB(Array, NULL)
#3 /home/merakisan/shopping.merakisan.com/application/models/category.php(10): CI_Loader->database()
#4 /home/merakisan/shopping.merakisan.com/system/core/Loader.php(303): Category->__Construct()
#5 /home/merakisan/shopping.merakisan.com/application/controllers/index.php(12): CI_Loader->model('Category')
#6 /home/merakisan/shopping.merakisan.com/system/core/CodeIgniter.php(308): Index->__Construct()
#7 /home/merakisan/shopping.merakisan.com/index.php(202): require_once('/home/merakisan...')
#8 {main}
  thrown in /home/merakisan/shopping.merakisan.com/system/database/drivers/mysql/mysql_driver.php on line 91
[08-Aug-2017 04:23:40 UTC] PHP Fatal error:  Uncaught Error: Call to undefined function mysql_pconnect() in /home/merakisan/shopping.merakisan.com/system/database/drivers/mysql/mysql_driver.php:91
Stack trace:
#0 /home/merakisan/shopping.merakisan.com/system/database/DB_driver.php(115): CI_DB_mysql_driver->db_pconnect()
#1 /home/merakisan/shopping.merakisan.com/system/database/DB.php(148): CI_DB_driver->initialize()
#2 /home/merakisan/shopping.merakisan.com/system/core/Loader.php(346): DB(Array, NULL)
#3 /home/merakisan/shopping.merakisan.com/application/models/category.php(10): CI_Loader->database()
#4 /home/merakisan/shopping.merakisan.com/system/core/Loader.php(303): Category->__Construct()
#5 /home/merakisan/shopping.merakisan.com/application/controllers/index.php(12): CI_Loader->model('Category')
#6 /home/merakisan/shopping.merakisan.com/system/core/CodeIgniter.php(308): Index->__Construct()
#7 /home/merakisan/shopping.merakisan.com/index.php(202): require_once('/home/merakisan...')
#8 {main}
  thrown in /home/merakisan/shopping.merakisan.com/system/database/drivers/mysql/mysql_driver.php on line 91
[08-Aug-2017 04:23:42 UTC] PHP Fatal error:  Uncaught Error: Call to undefined function mysql_pconnect() in /home/merakisan/shopping.merakisan.com/system/database/drivers/mysql/mysql_driver.php:91
Stack trace:
#0 /home/merakisan/shopping.merakisan.com/system/database/DB_driver.php(115): CI_DB_mysql_driver->db_pconnect()
#1 /home/merakisan/shopping.merakisan.com/system/database/DB.php(148): CI_DB_driver->initialize()
#2 /home/merakisan/shopping.merakisan.com/system/core/Loader.php(346): DB(Array, NULL)
#3 /home/merakisan/shopping.merakisan.com/application/models/category.php(10): CI_Loader->database()
#4 /home/merakisan/shopping.merakisan.com/system/core/Loader.php(303): Category->__Construct()
#5 /home/merakisan/shopping.merakisan.com/application/controllers/index.php(12): CI_Loader->model('Category')
#6 /home/merakisan/shopping.merakisan.com/system/core/CodeIgniter.php(308): Index->__Construct()
#7 /home/merakisan/shopping.merakisan.com/index.php(202): require_once('/home/merakisan...')
#8 {main}
  thrown in /home/merakisan/shopping.merakisan.com/system/database/drivers/mysql/mysql_driver.php on line 91
[08-Aug-2017 04:26:57 UTC] PHP Fatal error:  Uncaught Error: Call to undefined function mysql_pconnect() in /home/merakisan/shopping.merakisan.com/system/database/drivers/mysql/mysql_driver.php:91
Stack trace:
#0 /home/merakisan/shopping.merakisan.com/system/database/DB_driver.php(115): CI_DB_mysql_driver->db_pconnect()
#1 /home/merakisan/shopping.merakisan.com/system/database/DB.php(148): CI_DB_driver->initialize()
#2 /home/merakisan/shopping.merakisan.com/system/core/Loader.php(346): DB(Array, NULL)
#3 /home/merakisan/shopping.merakisan.com/application/models/category.php(10): CI_Loader->database()
#4 /home/merakisan/shopping.merakisan.com/system/core/Loader.php(303): Category->__Construct()
#5 /home/merakisan/shopping.merakisan.com/application/controllers/index.php(12): CI_Loader->model('Category')
#6 /home/merakisan/shopping.merakisan.com/system/core/CodeIgniter.php(308): Index->__Construct()
#7 /home/merakisan/shopping.merakisan.com/index.php(202): require_once('/home/merakisan...')
#8 {main}
  thrown in /home/merakisan/shopping.merakisan.com/system/database/drivers/mysql/mysql_driver.php on line 91
[08-Aug-2017 04:28:33 UTC] PHP Fatal error:  Uncaught Error: Call to undefined function mysql_pconnect() in /home/merakisan/shopping.merakisan.com/system/database/drivers/mysql/mysql_driver.php:91
Stack trace:
#0 /home/merakisan/shopping.merakisan.com/system/database/DB_driver.php(115): CI_DB_mysql_driver->db_pconnect()
#1 /home/merakisan/shopping.merakisan.com/system/database/DB.php(148): CI_DB_driver->initialize()
#2 /home/merakisan/shopping.merakisan.com/system/core/Loader.php(346): DB(Array, NULL)
#3 /home/merakisan/shopping.merakisan.com/application/models/category.php(10): CI_Loader->database()
#4 /home/merakisan/shopping.merakisan.com/system/core/Loader.php(303): Category->__Construct()
#5 /home/merakisan/shopping.merakisan.com/application/controllers/index.php(12): CI_Loader->model('Category')
#6 /home/merakisan/shopping.merakisan.com/system/core/CodeIgniter.php(308): Index->__Construct()
#7 /home/merakisan/shopping.merakisan.com/index.php(202): require_once('/home/merakisan...')
#8 {main}
  thrown in /home/merakisan/shopping.merakisan.com/system/database/drivers/mysql/mysql_driver.php on line 91
[08-Aug-2017 04:28:40 UTC] PHP Fatal error:  Uncaught Error: Call to undefined function mysql_pconnect() in /home/merakisan/shopping.merakisan.com/system/database/drivers/mysql/mysql_driver.php:91
Stack trace:
#0 /home/merakisan/shopping.merakisan.com/system/database/DB_driver.php(115): CI_DB_mysql_driver->db_pconnect()
#1 /home/merakisan/shopping.merakisan.com/system/database/DB.php(148): CI_DB_driver->initialize()
#2 /home/merakisan/shopping.merakisan.com/system/core/Loader.php(346): DB(Array, NULL)
#3 /home/merakisan/shopping.merakisan.com/application/models/category.php(10): CI_Loader->database()
#4 /home/merakisan/shopping.merakisan.com/system/core/Loader.php(303): Category->__Construct()
#5 /home/merakisan/shopping.merakisan.com/application/controllers/index.php(12): CI_Loader->model('Category')
#6 /home/merakisan/shopping.merakisan.com/system/core/CodeIgniter.php(308): Index->__Construct()
#7 /home/merakisan/shopping.merakisan.com/index.php(202): require_once('/home/merakisan...')
#8 {main}
  thrown in /home/merakisan/shopping.merakisan.com/system/database/drivers/mysql/mysql_driver.php on line 91
[08-Aug-2017 04:29:30 UTC] PHP Fatal error:  Uncaught Error: Call to undefined function mysql_pconnect() in /home/merakisan/shopping.merakisan.com/system/database/drivers/mysql/mysql_driver.php:91
Stack trace:
#0 /home/merakisan/shopping.merakisan.com/system/database/DB_driver.php(115): CI_DB_mysql_driver->db_pconnect()
#1 /home/merakisan/shopping.merakisan.com/system/database/DB.php(148): CI_DB_driver->initialize()
#2 /home/merakisan/shopping.merakisan.com/system/core/Loader.php(346): DB(Array, NULL)
#3 /home/merakisan/shopping.merakisan.com/application/models/category.php(10): CI_Loader->database()
#4 /home/merakisan/shopping.merakisan.com/system/core/Loader.php(303): Category->__Construct()
#5 /home/merakisan/shopping.merakisan.com/application/controllers/index.php(12): CI_Loader->model('Category')
#6 /home/merakisan/shopping.merakisan.com/system/core/CodeIgniter.php(308): Index->__Construct()
#7 /home/merakisan/shopping.merakisan.com/index.php(202): require_once('/home/merakisan...')
#8 {main}
  thrown in /home/merakisan/shopping.merakisan.com/system/database/drivers/mysql/mysql_driver.php on line 91
[08-Aug-2017 04:29:34 UTC] PHP Fatal error:  Uncaught Error: Call to undefined function mysql_pconnect() in /home/merakisan/shopping.merakisan.com/system/database/drivers/mysql/mysql_driver.php:91
Stack trace:
#0 /home/merakisan/shopping.merakisan.com/system/database/DB_driver.php(115): CI_DB_mysql_driver->db_pconnect()
#1 /home/merakisan/shopping.merakisan.com/system/database/DB.php(148): CI_DB_driver->initialize()
#2 /home/merakisan/shopping.merakisan.com/system/core/Loader.php(346): DB(Array, NULL)
#3 /home/merakisan/shopping.merakisan.com/application/models/category.php(10): CI_Loader->database()
#4 /home/merakisan/shopping.merakisan.com/system/core/Loader.php(303): Category->__Construct()
#5 /home/merakisan/shopping.merakisan.com/application/controllers/index.php(12): CI_Loader->model('Category')
#6 /home/merakisan/shopping.merakisan.com/system/core/CodeIgniter.php(308): Index->__Construct()
#7 /home/merakisan/shopping.merakisan.com/index.php(202): require_once('/home/merakisan...')
#8 {main}
  thrown in /home/merakisan/shopping.merakisan.com/system/database/drivers/mysql/mysql_driver.php on line 91
[08-Aug-2017 04:29:36 UTC] PHP Fatal error:  Uncaught Error: Call to undefined function mysql_pconnect() in /home/merakisan/shopping.merakisan.com/system/database/drivers/mysql/mysql_driver.php:91
Stack trace:
#0 /home/merakisan/shopping.merakisan.com/system/database/DB_driver.php(115): CI_DB_mysql_driver->db_pconnect()
#1 /home/merakisan/shopping.merakisan.com/system/database/DB.php(148): CI_DB_driver->initialize()
#2 /home/merakisan/shopping.merakisan.com/system/core/Loader.php(346): DB(Array, NULL)
#3 /home/merakisan/shopping.merakisan.com/application/models/category.php(10): CI_Loader->database()
#4 /home/merakisan/shopping.merakisan.com/system/core/Loader.php(303): Category->__Construct()
#5 /home/merakisan/shopping.merakisan.com/application/controllers/index.php(12): CI_Loader->model('Category')
#6 /home/merakisan/shopping.merakisan.com/system/core/CodeIgniter.php(308): Index->__Construct()
#7 /home/merakisan/shopping.merakisan.com/index.php(202): require_once('/home/merakisan...')
#8 {main}
  thrown in /home/merakisan/shopping.merakisan.com/system/database/drivers/mysql/mysql_driver.php on line 91
[08-Aug-2017 04:36:16 UTC] PHP Fatal error:  Uncaught Error: Call to undefined function mysql_pconnect() in /home/merakisan/shopping.merakisan.com/system/database/drivers/mysql/mysql_driver.php:91
Stack trace:
#0 /home/merakisan/shopping.merakisan.com/system/database/DB_driver.php(115): CI_DB_mysql_driver->db_pconnect()
#1 /home/merakisan/shopping.merakisan.com/system/database/DB.php(148): CI_DB_driver->initialize()
#2 /home/merakisan/shopping.merakisan.com/system/core/Loader.php(346): DB(Array, NULL)
#3 /home/merakisan/shopping.merakisan.com/application/models/category.php(10): CI_Loader->database()
#4 /home/merakisan/shopping.merakisan.com/system/core/Loader.php(303): Category->__Construct()
#5 /home/merakisan/shopping.merakisan.com/application/controllers/index.php(12): CI_Loader->model('Category')
#6 /home/merakisan/shopping.merakisan.com/system/core/CodeIgniter.php(308): Index->__Construct()
#7 /home/merakisan/shopping.merakisan.com/index.php(202): require_once('/home/merakisan...')
#8 {main}
  thrown in /home/merakisan/shopping.merakisan.com/system/database/drivers/mysql/mysql_driver.php on line 91
[08-Aug-2017 04:36:46 UTC] PHP Fatal error:  Uncaught Error: Call to undefined function mysql_pconnect() in /home/merakisan/shopping.merakisan.com/system/database/drivers/mysql/mysql_driver.php:91
Stack trace:
#0 /home/merakisan/shopping.merakisan.com/system/database/DB_driver.php(115): CI_DB_mysql_driver->db_pconnect()
#1 /home/merakisan/shopping.merakisan.com/system/database/DB.php(148): CI_DB_driver->initialize()
#2 /home/merakisan/shopping.merakisan.com/system/core/Loader.php(346): DB(Array, NULL)
#3 /home/merakisan/shopping.merakisan.com/application/models/category.php(10): CI_Loader->database()
#4 /home/merakisan/shopping.merakisan.com/system/core/Loader.php(303): Category->__Construct()
#5 /home/merakisan/shopping.merakisan.com/application/controllers/index.php(12): CI_Loader->model('Category')
#6 /home/merakisan/shopping.merakisan.com/system/core/CodeIgniter.php(308): Index->__Construct()
#7 /home/merakisan/shopping.merakisan.com/index.php(202): require_once('/home/merakisan...')
#8 {main}
  thrown in /home/merakisan/shopping.merakisan.com/system/database/drivers/mysql/mysql_driver.php on line 91
[08-Aug-2017 04:39:42 UTC] PHP Fatal error:  Uncaught Error: Call to undefined function mysql_pconnect() in /home/merakisan/shopping.merakisan.com/system/database/drivers/mysql/mysql_driver.php:91
Stack trace:
#0 /home/merakisan/shopping.merakisan.com/system/database/DB_driver.php(115): CI_DB_mysql_driver->db_pconnect()
#1 /home/merakisan/shopping.merakisan.com/system/database/DB.php(148): CI_DB_driver->initialize()
#2 /home/merakisan/shopping.merakisan.com/system/core/Loader.php(346): DB(Array, NULL)
#3 /home/merakisan/shopping.merakisan.com/application/models/category.php(10): CI_Loader->database()
#4 /home/merakisan/shopping.merakisan.com/system/core/Loader.php(303): Category->__Construct()
#5 /home/merakisan/shopping.merakisan.com/application/controllers/index.php(12): CI_Loader->model('Category')
#6 /home/merakisan/shopping.merakisan.com/system/core/CodeIgniter.php(308): Index->__Construct()
#7 /home/merakisan/shopping.merakisan.com/index.php(202): require_once('/home/merakisan...')
#8 {main}
  thrown in /home/merakisan/shopping.merakisan.com/system/database/drivers/mysql/mysql_driver.php on line 91
[08-Aug-2017 04:39:55 UTC] PHP Fatal error:  Uncaught Error: Call to undefined function mysql_pconnect() in /home/merakisan/shopping.merakisan.com/system/database/drivers/mysql/mysql_driver.php:91
Stack trace:
#0 /home/merakisan/shopping.merakisan.com/system/database/DB_driver.php(115): CI_DB_mysql_driver->db_pconnect()
#1 /home/merakisan/shopping.merakisan.com/system/database/DB.php(148): CI_DB_driver->initialize()
#2 /home/merakisan/shopping.merakisan.com/system/core/Loader.php(346): DB(Array, NULL)
#3 /home/merakisan/shopping.merakisan.com/application/models/category.php(10): CI_Loader->database()
#4 /home/merakisan/shopping.merakisan.com/system/core/Loader.php(303): Category->__Construct()
#5 /home/merakisan/shopping.merakisan.com/application/controllers/index.php(12): CI_Loader->model('Category')
#6 /home/merakisan/shopping.merakisan.com/system/core/CodeIgniter.php(308): Index->__Construct()
#7 /home/merakisan/shopping.merakisan.com/index.php(202): require_once('/home/merakisan...')
#8 {main}
  thrown in /home/merakisan/shopping.merakisan.com/system/database/drivers/mysql/mysql_driver.php on line 91
[08-Aug-2017 04:40:35 UTC] PHP Fatal error:  Uncaught Error: Call to undefined function mysql_pconnect() in /home/merakisan/shopping.merakisan.com/system/database/drivers/mysql/mysql_driver.php:91
Stack trace:
#0 /home/merakisan/shopping.merakisan.com/system/database/DB_driver.php(115): CI_DB_mysql_driver->db_pconnect()
#1 /home/merakisan/shopping.merakisan.com/system/database/DB.php(148): CI_DB_driver->initialize()
#2 /home/merakisan/shopping.merakisan.com/system/core/Loader.php(346): DB(Array, NULL)
#3 /home/merakisan/shopping.merakisan.com/application/models/category.php(10): CI_Loader->database()
#4 /home/merakisan/shopping.merakisan.com/system/core/Loader.php(303): Category->__Construct()
#5 /home/merakisan/shopping.merakisan.com/application/controllers/index.php(12): CI_Loader->model('Category')
#6 /home/merakisan/shopping.merakisan.com/system/core/CodeIgniter.php(308): Index->__Construct()
#7 /home/merakisan/shopping.merakisan.com/index.php(202): require_once('/home/merakisan...')
#8 {main}
  thrown in /home/merakisan/shopping.merakisan.com/system/database/drivers/mysql/mysql_driver.php on line 91
[08-Aug-2017 04:41:22 UTC] PHP Fatal error:  Uncaught Error: Call to undefined function mysql_pconnect() in /home/merakisan/shopping.merakisan.com/system/database/drivers/mysql/mysql_driver.php:91
Stack trace:
#0 /home/merakisan/shopping.merakisan.com/system/database/DB_driver.php(115): CI_DB_mysql_driver->db_pconnect()
#1 /home/merakisan/shopping.merakisan.com/system/database/DB.php(148): CI_DB_driver->initialize()
#2 /home/merakisan/shopping.merakisan.com/system/core/Loader.php(346): DB(Array, NULL)
#3 /home/merakisan/shopping.merakisan.com/application/models/category.php(10): CI_Loader->database()
#4 /home/merakisan/shopping.merakisan.com/system/core/Loader.php(303): Category->__Construct()
#5 /home/merakisan/shopping.merakisan.com/application/controllers/index.php(12): CI_Loader->model('Category')
#6 /home/merakisan/shopping.merakisan.com/system/core/CodeIgniter.php(308): Index->__Construct()
#7 /home/merakisan/shopping.merakisan.com/index.php(202): require_once('/home/merakisan...')
#8 {main}
  thrown in /home/merakisan/shopping.merakisan.com/system/database/drivers/mysql/mysql_driver.php on line 91
[08-Aug-2017 04:42:15 UTC] PHP Fatal error:  Uncaught Error: Call to undefined function mysql_pconnect() in /home/merakisan/shopping.merakisan.com/system/database/drivers/mysql/mysql_driver.php:91
Stack trace:
#0 /home/merakisan/shopping.merakisan.com/system/database/DB_driver.php(115): CI_DB_mysql_driver->db_pconnect()
#1 /home/merakisan/shopping.merakisan.com/system/database/DB.php(148): CI_DB_driver->initialize()
#2 /home/merakisan/shopping.merakisan.com/system/core/Loader.php(346): DB(Array, NULL)
#3 /home/merakisan/shopping.merakisan.com/application/models/category.php(10): CI_Loader->database()
#4 /home/merakisan/shopping.merakisan.com/system/core/Loader.php(303): Category->__Construct()
#5 /home/merakisan/shopping.merakisan.com/application/controllers/index.php(12): CI_Loader->model('Category')
#6 /home/merakisan/shopping.merakisan.com/system/core/CodeIgniter.php(308): Index->__Construct()
#7 /home/merakisan/shopping.merakisan.com/index.php(202): require_once('/home/merakisan...')
#8 {main}
  thrown in /home/merakisan/shopping.merakisan.com/system/database/drivers/mysql/mysql_driver.php on line 91
[08-Aug-2017 04:43:30 UTC] PHP Fatal error:  Uncaught Error: Call to undefined function mysql_pconnect() in /home/merakisan/shopping.merakisan.com/system/database/drivers/mysql/mysql_driver.php:91
Stack trace:
#0 /home/merakisan/shopping.merakisan.com/system/database/DB_driver.php(115): CI_DB_mysql_driver->db_pconnect()
#1 /home/merakisan/shopping.merakisan.com/system/database/DB.php(148): CI_DB_driver->initialize()
#2 /home/merakisan/shopping.merakisan.com/system/core/Loader.php(346): DB(Array, NULL)
#3 /home/merakisan/shopping.merakisan.com/application/models/category.php(10): CI_Loader->database()
#4 /home/merakisan/shopping.merakisan.com/system/core/Loader.php(303): Category->__Construct()
#5 /home/merakisan/shopping.merakisan.com/application/controllers/index.php(12): CI_Loader->model('Category')
#6 /home/merakisan/shopping.merakisan.com/system/core/CodeIgniter.php(308): Index->__Construct()
#7 /home/merakisan/shopping.merakisan.com/index.php(202): require_once('/home/merakisan...')
#8 {main}
  thrown in /home/merakisan/shopping.merakisan.com/system/database/drivers/mysql/mysql_driver.php on line 91
[08-Aug-2017 04:43:41 UTC] PHP Fatal error:  Uncaught Error: Call to undefined function mysql_pconnect() in /home/merakisan/shopping.merakisan.com/system/database/drivers/mysql/mysql_driver.php:91
Stack trace:
#0 /home/merakisan/shopping.merakisan.com/system/database/DB_driver.php(115): CI_DB_mysql_driver->db_pconnect()
#1 /home/merakisan/shopping.merakisan.com/system/database/DB.php(148): CI_DB_driver->initialize()
#2 /home/merakisan/shopping.merakisan.com/system/core/Loader.php(346): DB(Array, NULL)
#3 /home/merakisan/shopping.merakisan.com/application/models/category.php(10): CI_Loader->database()
#4 /home/merakisan/shopping.merakisan.com/system/core/Loader.php(303): Category->__Construct()
#5 /home/merakisan/shopping.merakisan.com/application/controllers/index.php(12): CI_Loader->model('Category')
#6 /home/merakisan/shopping.merakisan.com/system/core/CodeIgniter.php(308): Index->__Construct()
#7 /home/merakisan/shopping.merakisan.com/index.php(202): require_once('/home/merakisan...')
#8 {main}
  thrown in /home/merakisan/shopping.merakisan.com/system/database/drivers/mysql/mysql_driver.php on line 91
[08-Aug-2017 04:44:09 UTC] PHP Fatal error:  Uncaught Error: Call to undefined function mysql_pconnect() in /home/merakisan/shopping.merakisan.com/system/database/drivers/mysql/mysql_driver.php:91
Stack trace:
#0 /home/merakisan/shopping.merakisan.com/system/database/DB_driver.php(115): CI_DB_mysql_driver->db_pconnect()
#1 /home/merakisan/shopping.merakisan.com/system/database/DB.php(148): CI_DB_driver->initialize()
#2 /home/merakisan/shopping.merakisan.com/system/core/Loader.php(346): DB(Array, NULL)
#3 /home/merakisan/shopping.merakisan.com/application/models/category.php(10): CI_Loader->database()
#4 /home/merakisan/shopping.merakisan.com/system/core/Loader.php(303): Category->__Construct()
#5 /home/merakisan/shopping.merakisan.com/application/controllers/index.php(12): CI_Loader->model('Category')
#6 /home/merakisan/shopping.merakisan.com/system/core/CodeIgniter.php(308): Index->__Construct()
#7 /home/merakisan/shopping.merakisan.com/index.php(202): require_once('/home/merakisan...')
#8 {main}
  thrown in /home/merakisan/shopping.merakisan.com/system/database/drivers/mysql/mysql_driver.php on line 91
[08-Aug-2017 04:45:57 UTC] PHP Fatal error:  Uncaught Error: Call to undefined function mysql_pconnect() in /home/merakisan/shopping.merakisan.com/system/database/drivers/mysql/mysql_driver.php:91
Stack trace:
#0 /home/merakisan/shopping.merakisan.com/system/database/DB_driver.php(115): CI_DB_mysql_driver->db_pconnect()
#1 /home/merakisan/shopping.merakisan.com/system/database/DB.php(148): CI_DB_driver->initialize()
#2 /home/merakisan/shopping.merakisan.com/system/core/Loader.php(346): DB(Array, NULL)
#3 /home/merakisan/shopping.merakisan.com/application/models/category.php(10): CI_Loader->database()
#4 /home/merakisan/shopping.merakisan.com/system/core/Loader.php(303): Category->__Construct()
#5 /home/merakisan/shopping.merakisan.com/application/controllers/index.php(12): CI_Loader->model('Category')
#6 /home/merakisan/shopping.merakisan.com/system/core/CodeIgniter.php(308): Index->__Construct()
#7 /home/merakisan/shopping.merakisan.com/index.php(202): require_once('/home/merakisan...')
#8 {main}
  thrown in /home/merakisan/shopping.merakisan.com/system/database/drivers/mysql/mysql_driver.php on line 91
[08-Aug-2017 04:49:35 UTC] PHP Fatal error:  Uncaught Error: Call to undefined function mysql_pconnect() in /home/merakisan/shopping.merakisan.com/system/database/drivers/mysql/mysql_driver.php:91
Stack trace:
#0 /home/merakisan/shopping.merakisan.com/system/database/DB_driver.php(115): CI_DB_mysql_driver->db_pconnect()
#1 /home/merakisan/shopping.merakisan.com/system/database/DB.php(148): CI_DB_driver->initialize()
#2 /home/merakisan/shopping.merakisan.com/system/core/Loader.php(346): DB(Array, NULL)
#3 /home/merakisan/shopping.merakisan.com/application/models/category.php(10): CI_Loader->database()
#4 /home/merakisan/shopping.merakisan.com/system/core/Loader.php(303): Category->__Construct()
#5 /home/merakisan/shopping.merakisan.com/application/controllers/index.php(12): CI_Loader->model('Category')
#6 /home/merakisan/shopping.merakisan.com/system/core/CodeIgniter.php(308): Index->__Construct()
#7 /home/merakisan/shopping.merakisan.com/index.php(202): require_once('/home/merakisan...')
#8 {main}
  thrown in /home/merakisan/shopping.merakisan.com/system/database/drivers/mysql/mysql_driver.php on line 91
[08-Aug-2017 05:02:46 UTC] PHP Fatal error:  Uncaught Error: Call to undefined function mysql_pconnect() in /home/merakisan/shopping.merakisan.com/system/database/drivers/mysql/mysql_driver.php:91
Stack trace:
#0 /home/merakisan/shopping.merakisan.com/system/database/DB_driver.php(115): CI_DB_mysql_driver->db_pconnect()
#1 /home/merakisan/shopping.merakisan.com/system/database/DB.php(148): CI_DB_driver->initialize()
#2 /home/merakisan/shopping.merakisan.com/system/core/Loader.php(346): DB(Array, NULL)
#3 /home/merakisan/shopping.merakisan.com/application/models/category.php(10): CI_Loader->database()
#4 /home/merakisan/shopping.merakisan.com/system/core/Loader.php(303): Category->__Construct()
#5 /home/merakisan/shopping.merakisan.com/application/controllers/index.php(12): CI_Loader->model('Category')
#6 /home/merakisan/shopping.merakisan.com/system/core/CodeIgniter.php(308): Index->__Construct()
#7 /home/merakisan/shopping.merakisan.com/index.php(202): require_once('/home/merakisan...')
#8 {main}
  thrown in /home/merakisan/shopping.merakisan.com/system/database/drivers/mysql/mysql_driver.php on line 91
[08-Aug-2017 05:07:44 UTC] PHP Fatal error:  Uncaught Error: Call to undefined function mysql_pconnect() in /home/merakisan/shopping.merakisan.com/system/database/drivers/mysql/mysql_driver.php:91
Stack trace:
#0 /home/merakisan/shopping.merakisan.com/system/database/DB_driver.php(115): CI_DB_mysql_driver->db_pconnect()
#1 /home/merakisan/shopping.merakisan.com/system/database/DB.php(148): CI_DB_driver->initialize()
#2 /home/merakisan/shopping.merakisan.com/system/core/Loader.php(346): DB(Array, NULL)
#3 /home/merakisan/shopping.merakisan.com/application/models/category.php(10): CI_Loader->database()
#4 /home/merakisan/shopping.merakisan.com/system/core/Loader.php(303): Category->__Construct()
#5 /home/merakisan/shopping.merakisan.com/application/controllers/index.php(12): CI_Loader->model('Category')
#6 /home/merakisan/shopping.merakisan.com/system/core/CodeIgniter.php(308): Index->__Construct()
#7 /home/merakisan/shopping.merakisan.com/index.php(202): require_once('/home/merakisan...')
#8 {main}
  thrown in /home/merakisan/shopping.merakisan.com/system/database/drivers/mysql/mysql_driver.php on line 91
[08-Aug-2017 05:18:20 UTC] PHP Fatal error:  Uncaught Error: Call to undefined function mysql_pconnect() in /home/merakisan/shopping.merakisan.com/system/database/drivers/mysql/mysql_driver.php:91
Stack trace:
#0 /home/merakisan/shopping.merakisan.com/system/database/DB_driver.php(115): CI_DB_mysql_driver->db_pconnect()
#1 /home/merakisan/shopping.merakisan.com/system/database/DB.php(148): CI_DB_driver->initialize()
#2 /home/merakisan/shopping.merakisan.com/system/core/Loader.php(346): DB(Array, NULL)
#3 /home/merakisan/shopping.merakisan.com/application/models/category.php(10): CI_Loader->database()
#4 /home/merakisan/shopping.merakisan.com/system/core/Loader.php(303): Category->__Construct()
#5 /home/merakisan/shopping.merakisan.com/application/controllers/index.php(12): CI_Loader->model('Category')
#6 /home/merakisan/shopping.merakisan.com/system/core/CodeIgniter.php(308): Index->__Construct()
#7 /home/merakisan/shopping.merakisan.com/index.php(202): require_once('/home/merakisan...')
#8 {main}
  thrown in /home/merakisan/shopping.merakisan.com/system/database/drivers/mysql/mysql_driver.php on line 91
[08-Aug-2017 05:18:24 UTC] PHP Fatal error:  Uncaught Error: Call to undefined function mysql_pconnect() in /home/merakisan/shopping.merakisan.com/system/database/drivers/mysql/mysql_driver.php:91
Stack trace:
#0 /home/merakisan/shopping.merakisan.com/system/database/DB_driver.php(115): CI_DB_mysql_driver->db_pconnect()
#1 /home/merakisan/shopping.merakisan.com/system/database/DB.php(148): CI_DB_driver->initialize()
#2 /home/merakisan/shopping.merakisan.com/system/core/Loader.php(346): DB(Array, NULL)
#3 /home/merakisan/shopping.merakisan.com/application/models/category.php(10): CI_Loader->database()
#4 /home/merakisan/shopping.merakisan.com/system/core/Loader.php(303): Category->__Construct()
#5 /home/merakisan/shopping.merakisan.com/application/controllers/index.php(12): CI_Loader->model('Category')
#6 /home/merakisan/shopping.merakisan.com/system/core/CodeIgniter.php(308): Index->__Construct()
#7 /home/merakisan/shopping.merakisan.com/index.php(202): require_once('/home/merakisan...')
#8 {main}
  thrown in /home/merakisan/shopping.merakisan.com/system/database/drivers/mysql/mysql_driver.php on line 91
[08-Aug-2017 05:18:41 UTC] PHP Fatal error:  Uncaught Error: Call to undefined function mysql_pconnect() in /home/merakisan/shopping.merakisan.com/system/database/drivers/mysql/mysql_driver.php:91
Stack trace:
#0 /home/merakisan/shopping.merakisan.com/system/database/DB_driver.php(115): CI_DB_mysql_driver->db_pconnect()
#1 /home/merakisan/shopping.merakisan.com/system/database/DB.php(148): CI_DB_driver->initialize()
#2 /home/merakisan/shopping.merakisan.com/system/core/Loader.php(346): DB(Array, NULL)
#3 /home/merakisan/shopping.merakisan.com/application/models/category.php(10): CI_Loader->database()
#4 /home/merakisan/shopping.merakisan.com/system/core/Loader.php(303): Category->__Construct()
#5 /home/merakisan/shopping.merakisan.com/application/controllers/index.php(12): CI_Loader->model('Category')
#6 /home/merakisan/shopping.merakisan.com/system/core/CodeIgniter.php(308): Index->__Construct()
#7 /home/merakisan/shopping.merakisan.com/index.php(202): require_once('/home/merakisan...')
#8 {main}
  thrown in /home/merakisan/shopping.merakisan.com/system/database/drivers/mysql/mysql_driver.php on line 91
[08-Aug-2017 05:18:43 UTC] PHP Fatal error:  Uncaught Error: Call to undefined function mysql_pconnect() in /home/merakisan/shopping.merakisan.com/system/database/drivers/mysql/mysql_driver.php:91
Stack trace:
#0 /home/merakisan/shopping.merakisan.com/system/database/DB_driver.php(115): CI_DB_mysql_driver->db_pconnect()
#1 /home/merakisan/shopping.merakisan.com/system/database/DB.php(148): CI_DB_driver->initialize()
#2 /home/merakisan/shopping.merakisan.com/system/core/Loader.php(346): DB(Array, NULL)
#3 /home/merakisan/shopping.merakisan.com/application/models/category.php(10): CI_Loader->database()
#4 /home/merakisan/shopping.merakisan.com/system/core/Loader.php(303): Category->__Construct()
#5 /home/merakisan/shopping.merakisan.com/application/controllers/index.php(12): CI_Loader->model('Category')
#6 /home/merakisan/shopping.merakisan.com/system/core/CodeIgniter.php(308): Index->__Construct()
#7 /home/merakisan/shopping.merakisan.com/index.php(202): require_once('/home/merakisan...')
#8 {main}
  thrown in /home/merakisan/shopping.merakisan.com/system/database/drivers/mysql/mysql_driver.php on line 91
[08-Aug-2017 05:18:44 UTC] PHP Fatal error:  Uncaught Error: Call to undefined function mysql_pconnect() in /home/merakisan/shopping.merakisan.com/system/database/drivers/mysql/mysql_driver.php:91
Stack trace:
#0 /home/merakisan/shopping.merakisan.com/system/database/DB_driver.php(115): CI_DB_mysql_driver->db_pconnect()
#1 /home/merakisan/shopping.merakisan.com/system/database/DB.php(148): CI_DB_driver->initialize()
#2 /home/merakisan/shopping.merakisan.com/system/core/Loader.php(346): DB(Array, NULL)
#3 /home/merakisan/shopping.merakisan.com/application/models/category.php(10): CI_Loader->database()
#4 /home/merakisan/shopping.merakisan.com/system/core/Loader.php(303): Category->__Construct()
#5 /home/merakisan/shopping.merakisan.com/application/controllers/index.php(12): CI_Loader->model('Category')
#6 /home/merakisan/shopping.merakisan.com/system/core/CodeIgniter.php(308): Index->__Construct()
#7 /home/merakisan/shopping.merakisan.com/index.php(202): require_once('/home/merakisan...')
#8 {main}
  thrown in /home/merakisan/shopping.merakisan.com/system/database/drivers/mysql/mysql_driver.php on line 91
[08-Aug-2017 05:18:45 UTC] PHP Fatal error:  Uncaught Error: Call to undefined function mysql_pconnect() in /home/merakisan/shopping.merakisan.com/system/database/drivers/mysql/mysql_driver.php:91
Stack trace:
#0 /home/merakisan/shopping.merakisan.com/system/database/DB_driver.php(115): CI_DB_mysql_driver->db_pconnect()
#1 /home/merakisan/shopping.merakisan.com/system/database/DB.php(148): CI_DB_driver->initialize()
#2 /home/merakisan/shopping.merakisan.com/system/core/Loader.php(346): DB(Array, NULL)
#3 /home/merakisan/shopping.merakisan.com/application/models/category.php(10): CI_Loader->database()
#4 /home/merakisan/shopping.merakisan.com/system/core/Loader.php(303): Category->__Construct()
#5 /home/merakisan/shopping.merakisan.com/application/controllers/index.php(12): CI_Loader->model('Category')
#6 /home/merakisan/shopping.merakisan.com/system/core/CodeIgniter.php(308): Index->__Construct()
#7 /home/merakisan/shopping.merakisan.com/index.php(202): require_once('/home/merakisan...')
#8 {main}
  thrown in /home/merakisan/shopping.merakisan.com/system/database/drivers/mysql/mysql_driver.php on line 91
[08-Aug-2017 05:18:45 UTC] PHP Fatal error:  Uncaught Error: Call to undefined function mysql_pconnect() in /home/merakisan/shopping.merakisan.com/system/database/drivers/mysql/mysql_driver.php:91
Stack trace:
#0 /home/merakisan/shopping.merakisan.com/system/database/DB_driver.php(115): CI_DB_mysql_driver->db_pconnect()
#1 /home/merakisan/shopping.merakisan.com/system/database/DB.php(148): CI_DB_driver->initialize()
#2 /home/merakisan/shopping.merakisan.com/system/core/Loader.php(346): DB(Array, NULL)
#3 /home/merakisan/shopping.merakisan.com/application/models/category.php(10): CI_Loader->database()
#4 /home/merakisan/shopping.merakisan.com/system/core/Loader.php(303): Category->__Construct()
#5 /home/merakisan/shopping.merakisan.com/application/controllers/index.php(12): CI_Loader->model('Category')
#6 /home/merakisan/shopping.merakisan.com/system/core/CodeIgniter.php(308): Index->__Construct()
#7 /home/merakisan/shopping.merakisan.com/index.php(202): require_once('/home/merakisan...')
#8 {main}
  thrown in /home/merakisan/shopping.merakisan.com/system/database/drivers/mysql/mysql_driver.php on line 91
[08-Aug-2017 05:18:45 UTC] PHP Fatal error:  Uncaught Error: Call to undefined function mysql_pconnect() in /home/merakisan/shopping.merakisan.com/system/database/drivers/mysql/mysql_driver.php:91
Stack trace:
#0 /home/merakisan/shopping.merakisan.com/system/database/DB_driver.php(115): CI_DB_mysql_driver->db_pconnect()
#1 /home/merakisan/shopping.merakisan.com/system/database/DB.php(148): CI_DB_driver->initialize()
#2 /home/merakisan/shopping.merakisan.com/system/core/Loader.php(346): DB(Array, NULL)
#3 /home/merakisan/shopping.merakisan.com/application/models/category.php(10): CI_Loader->database()
#4 /home/merakisan/shopping.merakisan.com/system/core/Loader.php(303): Category->__Construct()
#5 /home/merakisan/shopping.merakisan.com/application/controllers/index.php(12): CI_Loader->model('Category')
#6 /home/merakisan/shopping.merakisan.com/system/core/CodeIgniter.php(308): Index->__Construct()
#7 /home/merakisan/shopping.merakisan.com/index.php(202): require_once('/home/merakisan...')
#8 {main}
  thrown in /home/merakisan/shopping.merakisan.com/system/database/drivers/mysql/mysql_driver.php on line 91
[08-Aug-2017 05:18:45 UTC] PHP Fatal error:  Uncaught Error: Call to undefined function mysql_pconnect() in /home/merakisan/shopping.merakisan.com/system/database/drivers/mysql/mysql_driver.php:91
Stack trace:
#0 /home/merakisan/shopping.merakisan.com/system/database/DB_driver.php(115): CI_DB_mysql_driver->db_pconnect()
#1 /home/merakisan/shopping.merakisan.com/system/database/DB.php(148): CI_DB_driver->initialize()
#2 /home/merakisan/shopping.merakisan.com/system/core/Loader.php(346): DB(Array, NULL)
#3 /home/merakisan/shopping.merakisan.com/application/models/category.php(10): CI_Loader->database()
#4 /home/merakisan/shopping.merakisan.com/system/core/Loader.php(303): Category->__Construct()
#5 /home/merakisan/shopping.merakisan.com/application/controllers/index.php(12): CI_Loader->model('Category')
#6 /home/merakisan/shopping.merakisan.com/system/core/CodeIgniter.php(308): Index->__Construct()
#7 /home/merakisan/shopping.merakisan.com/index.php(202): require_once('/home/merakisan...')
#8 {main}
  thrown in /home/merakisan/shopping.merakisan.com/system/database/drivers/mysql/mysql_driver.php on line 91
[08-Aug-2017 05:18:45 UTC] PHP Fatal error:  Uncaught Error: Call to undefined function mysql_pconnect() in /home/merakisan/shopping.merakisan.com/system/database/drivers/mysql/mysql_driver.php:91
Stack trace:
#0 /home/merakisan/shopping.merakisan.com/system/database/DB_driver.php(115): CI_DB_mysql_driver->db_pconnect()
#1 /home/merakisan/shopping.merakisan.com/system/database/DB.php(148): CI_DB_driver->initialize()
#2 /home/merakisan/shopping.merakisan.com/system/core/Loader.php(346): DB(Array, NULL)
#3 /home/merakisan/shopping.merakisan.com/application/models/category.php(10): CI_Loader->database()
#4 /home/merakisan/shopping.merakisan.com/system/core/Loader.php(303): Category->__Construct()
#5 /home/merakisan/shopping.merakisan.com/application/controllers/index.php(12): CI_Loader->model('Category')
#6 /home/merakisan/shopping.merakisan.com/system/core/CodeIgniter.php(308): Index->__Construct()
#7 /home/merakisan/shopping.merakisan.com/index.php(202): require_once('/home/merakisan...')
#8 {main}
  thrown in /home/merakisan/shopping.merakisan.com/system/database/drivers/mysql/mysql_driver.php on line 91
[08-Aug-2017 05:18:46 UTC] PHP Fatal error:  Uncaught Error: Call to undefined function mysql_pconnect() in /home/merakisan/shopping.merakisan.com/system/database/drivers/mysql/mysql_driver.php:91
Stack trace:
#0 /home/merakisan/shopping.merakisan.com/system/database/DB_driver.php(115): CI_DB_mysql_driver->db_pconnect()
#1 /home/merakisan/shopping.merakisan.com/system/database/DB.php(148): CI_DB_driver->initialize()
#2 /home/merakisan/shopping.merakisan.com/system/core/Loader.php(346): DB(Array, NULL)
#3 /home/merakisan/shopping.merakisan.com/application/models/category.php(10): CI_Loader->database()
#4 /home/merakisan/shopping.merakisan.com/system/core/Loader.php(303): Category->__Construct()
#5 /home/merakisan/shopping.merakisan.com/application/controllers/index.php(12): CI_Loader->model('Category')
#6 /home/merakisan/shopping.merakisan.com/system/core/CodeIgniter.php(308): Index->__Construct()
#7 /home/merakisan/shopping.merakisan.com/index.php(202): require_once('/home/merakisan...')
#8 {main}
  thrown in /home/merakisan/shopping.merakisan.com/system/database/drivers/mysql/mysql_driver.php on line 91
[08-Aug-2017 05:18:46 UTC] PHP Fatal error:  Uncaught Error: Call to undefined function mysql_pconnect() in /home/merakisan/shopping.merakisan.com/system/database/drivers/mysql/mysql_driver.php:91
Stack trace:
#0 /home/merakisan/shopping.merakisan.com/system/database/DB_driver.php(115): CI_DB_mysql_driver->db_pconnect()
#1 /home/merakisan/shopping.merakisan.com/system/database/DB.php(148): CI_DB_driver->initialize()
#2 /home/merakisan/shopping.merakisan.com/system/core/Loader.php(346): DB(Array, NULL)
#3 /home/merakisan/shopping.merakisan.com/application/models/category.php(10): CI_Loader->database()
#4 /home/merakisan/shopping.merakisan.com/system/core/Loader.php(303): Category->__Construct()
#5 /home/merakisan/shopping.merakisan.com/application/controllers/index.php(12): CI_Loader->model('Category')
#6 /home/merakisan/shopping.merakisan.com/system/core/CodeIgniter.php(308): Index->__Construct()
#7 /home/merakisan/shopping.merakisan.com/index.php(202): require_once('/home/merakisan...')
#8 {main}
  thrown in /home/merakisan/shopping.merakisan.com/system/database/drivers/mysql/mysql_driver.php on line 91
[08-Aug-2017 05:18:46 UTC] PHP Fatal error:  Uncaught Error: Call to undefined function mysql_pconnect() in /home/merakisan/shopping.merakisan.com/system/database/drivers/mysql/mysql_driver.php:91
Stack trace:
#0 /home/merakisan/shopping.merakisan.com/system/database/DB_driver.php(115): CI_DB_mysql_driver->db_pconnect()
#1 /home/merakisan/shopping.merakisan.com/system/database/DB.php(148): CI_DB_driver->initialize()
#2 /home/merakisan/shopping.merakisan.com/system/core/Loader.php(346): DB(Array, NULL)
#3 /home/merakisan/shopping.merakisan.com/application/models/category.php(10): CI_Loader->database()
#4 /home/merakisan/shopping.merakisan.com/system/core/Loader.php(303): Category->__Construct()
#5 /home/merakisan/shopping.merakisan.com/application/controllers/index.php(12): CI_Loader->model('Category')
#6 /home/merakisan/shopping.merakisan.com/system/core/CodeIgniter.php(308): Index->__Construct()
#7 /home/merakisan/shopping.merakisan.com/index.php(202): require_once('/home/merakisan...')
#8 {main}
  thrown in /home/merakisan/shopping.merakisan.com/system/database/drivers/mysql/mysql_driver.php on line 91
[08-Aug-2017 05:18:46 UTC] PHP Fatal error:  Uncaught Error: Call to undefined function mysql_pconnect() in /home/merakisan/shopping.merakisan.com/system/database/drivers/mysql/mysql_driver.php:91
Stack trace:
#0 /home/merakisan/shopping.merakisan.com/system/database/DB_driver.php(115): CI_DB_mysql_driver->db_pconnect()
#1 /home/merakisan/shopping.merakisan.com/system/database/DB.php(148): CI_DB_driver->initialize()
#2 /home/merakisan/shopping.merakisan.com/system/core/Loader.php(346): DB(Array, NULL)
#3 /home/merakisan/shopping.merakisan.com/application/models/category.php(10): CI_Loader->database()
#4 /home/merakisan/shopping.merakisan.com/system/core/Loader.php(303): Category->__Construct()
#5 /home/merakisan/shopping.merakisan.com/application/controllers/index.php(12): CI_Loader->model('Category')
#6 /home/merakisan/shopping.merakisan.com/system/core/CodeIgniter.php(308): Index->__Construct()
#7 /home/merakisan/shopping.merakisan.com/index.php(202): require_once('/home/merakisan...')
#8 {main}
  thrown in /home/merakisan/shopping.merakisan.com/system/database/drivers/mysql/mysql_driver.php on line 91
[08-Aug-2017 05:18:46 UTC] PHP Fatal error:  Uncaught Error: Call to undefined function mysql_pconnect() in /home/merakisan/shopping.merakisan.com/system/database/drivers/mysql/mysql_driver.php:91
Stack trace:
#0 /home/merakisan/shopping.merakisan.com/system/database/DB_driver.php(115): CI_DB_mysql_driver->db_pconnect()
#1 /home/merakisan/shopping.merakisan.com/system/database/DB.php(148): CI_DB_driver->initialize()
#2 /home/merakisan/shopping.merakisan.com/system/core/Loader.php(346): DB(Array, NULL)
#3 /home/merakisan/shopping.merakisan.com/application/models/category.php(10): CI_Loader->database()
#4 /home/merakisan/shopping.merakisan.com/system/core/Loader.php(303): Category->__Construct()
#5 /home/merakisan/shopping.merakisan.com/application/controllers/index.php(12): CI_Loader->model('Category')
#6 /home/merakisan/shopping.merakisan.com/system/core/CodeIgniter.php(308): Index->__Construct()
#7 /home/merakisan/shopping.merakisan.com/index.php(202): require_once('/home/merakisan...')
#8 {main}
  thrown in /home/merakisan/shopping.merakisan.com/system/database/drivers/mysql/mysql_driver.php on line 91
[08-Aug-2017 05:19:21 UTC] PHP Fatal error:  Uncaught Error: Call to undefined function mysql_pconnect() in /home/merakisan/shopping.merakisan.com/system/database/drivers/mysql/mysql_driver.php:91
Stack trace:
#0 /home/merakisan/shopping.merakisan.com/system/database/DB_driver.php(115): CI_DB_mysql_driver->db_pconnect()
#1 /home/merakisan/shopping.merakisan.com/system/database/DB.php(148): CI_DB_driver->initialize()
#2 /home/merakisan/shopping.merakisan.com/system/core/Loader.php(346): DB(Array, NULL)
#3 /home/merakisan/shopping.merakisan.com/application/models/category.php(10): CI_Loader->database()
#4 /home/merakisan/shopping.merakisan.com/system/core/Loader.php(303): Category->__Construct()
#5 /home/merakisan/shopping.merakisan.com/application/controllers/index.php(12): CI_Loader->model('Category')
#6 /home/merakisan/shopping.merakisan.com/system/core/CodeIgniter.php(308): Index->__Construct()
#7 /home/merakisan/shopping.merakisan.com/index.php(202): require_once('/home/merakisan...')
#8 {main}
  thrown in /home/merakisan/shopping.merakisan.com/system/database/drivers/mysql/mysql_driver.php on line 91
[08-Aug-2017 05:19:28 UTC] PHP Fatal error:  Uncaught Error: Call to undefined function mysql_pconnect() in /home/merakisan/shopping.merakisan.com/system/database/drivers/mysql/mysql_driver.php:91
Stack trace:
#0 /home/merakisan/shopping.merakisan.com/system/database/DB_driver.php(115): CI_DB_mysql_driver->db_pconnect()
#1 /home/merakisan/shopping.merakisan.com/system/database/DB.php(148): CI_DB_driver->initialize()
#2 /home/merakisan/shopping.merakisan.com/system/core/Loader.php(346): DB(Array, NULL)
#3 /home/merakisan/shopping.merakisan.com/application/models/category.php(10): CI_Loader->database()
#4 /home/merakisan/shopping.merakisan.com/system/core/Loader.php(303): Category->__Construct()
#5 /home/merakisan/shopping.merakisan.com/application/controllers/index.php(12): CI_Loader->model('Category')
#6 /home/merakisan/shopping.merakisan.com/system/core/CodeIgniter.php(308): Index->__Construct()
#7 /home/merakisan/shopping.merakisan.com/index.php(202): require_once('/home/merakisan...')
#8 {main}
  thrown in /home/merakisan/shopping.merakisan.com/system/database/drivers/mysql/mysql_driver.php on line 91
[08-Aug-2017 05:19:30 UTC] PHP Fatal error:  Uncaught Error: Call to undefined function mysql_pconnect() in /home/merakisan/shopping.merakisan.com/system/database/drivers/mysql/mysql_driver.php:91
Stack trace:
#0 /home/merakisan/shopping.merakisan.com/system/database/DB_driver.php(115): CI_DB_mysql_driver->db_pconnect()
#1 /home/merakisan/shopping.merakisan.com/system/database/DB.php(148): CI_DB_driver->initialize()
#2 /home/merakisan/shopping.merakisan.com/system/core/Loader.php(346): DB(Array, NULL)
#3 /home/merakisan/shopping.merakisan.com/application/models/category.php(10): CI_Loader->database()
#4 /home/merakisan/shopping.merakisan.com/system/core/Loader.php(303): Category->__Construct()
#5 /home/merakisan/shopping.merakisan.com/application/controllers/index.php(12): CI_Loader->model('Category')
#6 /home/merakisan/shopping.merakisan.com/system/core/CodeIgniter.php(308): Index->__Construct()
#7 /home/merakisan/shopping.merakisan.com/index.php(202): require_once('/home/merakisan...')
#8 {main}
  thrown in /home/merakisan/shopping.merakisan.com/system/database/drivers/mysql/mysql_driver.php on line 91
[08-Aug-2017 05:19:34 UTC] PHP Fatal error:  Uncaught Error: Call to undefined function mysql_pconnect() in /home/merakisan/shopping.merakisan.com/system/database/drivers/mysql/mysql_driver.php:91
Stack trace:
#0 /home/merakisan/shopping.merakisan.com/system/database/DB_driver.php(115): CI_DB_mysql_driver->db_pconnect()
#1 /home/merakisan/shopping.merakisan.com/system/database/DB.php(148): CI_DB_driver->initialize()
#2 /home/merakisan/shopping.merakisan.com/system/core/Loader.php(346): DB(Array, NULL)
#3 /home/merakisan/shopping.merakisan.com/application/models/category.php(10): CI_Loader->database()
#4 /home/merakisan/shopping.merakisan.com/system/core/Loader.php(303): Category->__Construct()
#5 /home/merakisan/shopping.merakisan.com/application/controllers/index.php(12): CI_Loader->model('Category')
#6 /home/merakisan/shopping.merakisan.com/system/core/CodeIgniter.php(308): Index->__Construct()
#7 /home/merakisan/shopping.merakisan.com/index.php(202): require_once('/home/merakisan...')
#8 {main}
  thrown in /home/merakisan/shopping.merakisan.com/system/database/drivers/mysql/mysql_driver.php on line 91
[08-Aug-2017 05:19:35 UTC] PHP Fatal error:  Uncaught Error: Call to undefined function mysql_pconnect() in /home/merakisan/shopping.merakisan.com/system/database/drivers/mysql/mysql_driver.php:91
Stack trace:
#0 /home/merakisan/shopping.merakisan.com/system/database/DB_driver.php(115): CI_DB_mysql_driver->db_pconnect()
#1 /home/merakisan/shopping.merakisan.com/system/database/DB.php(148): CI_DB_driver->initialize()
#2 /home/merakisan/shopping.merakisan.com/system/core/Loader.php(346): DB(Array, NULL)
#3 /home/merakisan/shopping.merakisan.com/application/models/category.php(10): CI_Loader->database()
#4 /home/merakisan/shopping.merakisan.com/system/core/Loader.php(303): Category->__Construct()
#5 /home/merakisan/shopping.merakisan.com/application/controllers/index.php(12): CI_Loader->model('Category')
#6 /home/merakisan/shopping.merakisan.com/system/core/CodeIgniter.php(308): Index->__Construct()
#7 /home/merakisan/shopping.merakisan.com/index.php(202): require_once('/home/merakisan...')
#8 {main}
  thrown in /home/merakisan/shopping.merakisan.com/system/database/drivers/mysql/mysql_driver.php on line 91
[08-Aug-2017 05:19:39 UTC] PHP Fatal error:  Uncaught Error: Call to undefined function mysql_pconnect() in /home/merakisan/shopping.merakisan.com/system/database/drivers/mysql/mysql_driver.php:91
Stack trace:
#0 /home/merakisan/shopping.merakisan.com/system/database/DB_driver.php(115): CI_DB_mysql_driver->db_pconnect()
#1 /home/merakisan/shopping.merakisan.com/system/database/DB.php(148): CI_DB_driver->initialize()
#2 /home/merakisan/shopping.merakisan.com/system/core/Loader.php(346): DB(Array, NULL)
#3 /home/merakisan/shopping.merakisan.com/application/models/category.php(10): CI_Loader->database()
#4 /home/merakisan/shopping.merakisan.com/system/core/Loader.php(303): Category->__Construct()
#5 /home/merakisan/shopping.merakisan.com/application/controllers/index.php(12): CI_Loader->model('Category')
#6 /home/merakisan/shopping.merakisan.com/system/core/CodeIgniter.php(308): Index->__Construct()
#7 /home/merakisan/shopping.merakisan.com/index.php(202): require_once('/home/merakisan...')
#8 {main}
  thrown in /home/merakisan/shopping.merakisan.com/system/database/drivers/mysql/mysql_driver.php on line 91
[08-Aug-2017 05:19:42 UTC] PHP Fatal error:  Uncaught Error: Call to undefined function mysql_pconnect() in /home/merakisan/shopping.merakisan.com/system/database/drivers/mysql/mysql_driver.php:91
Stack trace:
#0 /home/merakisan/shopping.merakisan.com/system/database/DB_driver.php(115): CI_DB_mysql_driver->db_pconnect()
#1 /home/merakisan/shopping.merakisan.com/system/database/DB.php(148): CI_DB_driver->initialize()
#2 /home/merakisan/shopping.merakisan.com/system/core/Loader.php(346): DB(Array, NULL)
#3 /home/merakisan/shopping.merakisan.com/application/models/category.php(10): CI_Loader->database()
#4 /home/merakisan/shopping.merakisan.com/system/core/Loader.php(303): Category->__Construct()
#5 /home/merakisan/shopping.merakisan.com/application/controllers/index.php(12): CI_Loader->model('Category')
#6 /home/merakisan/shopping.merakisan.com/system/core/CodeIgniter.php(308): Index->__Construct()
#7 /home/merakisan/shopping.merakisan.com/index.php(202): require_once('/home/merakisan...')
#8 {main}
  thrown in /home/merakisan/shopping.merakisan.com/system/database/drivers/mysql/mysql_driver.php on line 91
[08-Aug-2017 05:19:47 UTC] PHP Fatal error:  Uncaught Error: Call to undefined function mysql_pconnect() in /home/merakisan/shopping.merakisan.com/system/database/drivers/mysql/mysql_driver.php:91
Stack trace:
#0 /home/merakisan/shopping.merakisan.com/system/database/DB_driver.php(115): CI_DB_mysql_driver->db_pconnect()
#1 /home/merakisan/shopping.merakisan.com/system/database/DB.php(148): CI_DB_driver->initialize()
#2 /home/merakisan/shopping.merakisan.com/system/core/Loader.php(346): DB(Array, NULL)
#3 /home/merakisan/shopping.merakisan.com/application/models/category.php(10): CI_Loader->database()
#4 /home/merakisan/shopping.merakisan.com/system/core/Loader.php(303): Category->__Construct()
#5 /home/merakisan/shopping.merakisan.com/application/controllers/index.php(12): CI_Loader->model('Category')
#6 /home/merakisan/shopping.merakisan.com/system/core/CodeIgniter.php(308): Index->__Construct()
#7 /home/merakisan/shopping.merakisan.com/index.php(202): require_once('/home/merakisan...')
#8 {main}
  thrown in /home/merakisan/shopping.merakisan.com/system/database/drivers/mysql/mysql_driver.php on line 91
[08-Aug-2017 05:22:22 UTC] PHP Fatal error:  Uncaught Error: Call to undefined function mysql_pconnect() in /home/merakisan/shopping.merakisan.com/system/database/drivers/mysql/mysql_driver.php:91
Stack trace:
#0 /home/merakisan/shopping.merakisan.com/system/database/DB_driver.php(115): CI_DB_mysql_driver->db_pconnect()
#1 /home/merakisan/shopping.merakisan.com/system/database/DB.php(148): CI_DB_driver->initialize()
#2 /home/merakisan/shopping.merakisan.com/system/core/Loader.php(346): DB(Array, NULL)
#3 /home/merakisan/shopping.merakisan.com/application/models/category.php(10): CI_Loader->database()
#4 /home/merakisan/shopping.merakisan.com/system/core/Loader.php(303): Category->__Construct()
#5 /home/merakisan/shopping.merakisan.com/application/controllers/index.php(12): CI_Loader->model('Category')
#6 /home/merakisan/shopping.merakisan.com/system/core/CodeIgniter.php(308): Index->__Construct()
#7 /home/merakisan/shopping.merakisan.com/index.php(202): require_once('/home/merakisan...')
#8 {main}
  thrown in /home/merakisan/shopping.merakisan.com/system/database/drivers/mysql/mysql_driver.php on line 91
[08-Aug-2017 05:22:28 UTC] PHP Fatal error:  Uncaught Error: Call to undefined function mysql_pconnect() in /home/merakisan/shopping.merakisan.com/system/database/drivers/mysql/mysql_driver.php:91
Stack trace:
#0 /home/merakisan/shopping.merakisan.com/system/database/DB_driver.php(115): CI_DB_mysql_driver->db_pconnect()
#1 /home/merakisan/shopping.merakisan.com/system/database/DB.php(148): CI_DB_driver->initialize()
#2 /home/merakisan/shopping.merakisan.com/system/core/Loader.php(346): DB(Array, NULL)
#3 /home/merakisan/shopping.merakisan.com/application/models/category.php(10): CI_Loader->database()
#4 /home/merakisan/shopping.merakisan.com/system/core/Loader.php(303): Category->__Construct()
#5 /home/merakisan/shopping.merakisan.com/application/controllers/index.php(12): CI_Loader->model('Category')
#6 /home/merakisan/shopping.merakisan.com/system/core/CodeIgniter.php(308): Index->__Construct()
#7 /home/merakisan/shopping.merakisan.com/index.php(202): require_once('/home/merakisan...')
#8 {main}
  thrown in /home/merakisan/shopping.merakisan.com/system/database/drivers/mysql/mysql_driver.php on line 91
[08-Aug-2017 05:23:36 UTC] PHP Fatal error:  Uncaught Error: Call to undefined function mysql_pconnect() in /home/merakisan/shopping.merakisan.com/system/database/drivers/mysql/mysql_driver.php:91
Stack trace:
#0 /home/merakisan/shopping.merakisan.com/system/database/DB_driver.php(115): CI_DB_mysql_driver->db_pconnect()
#1 /home/merakisan/shopping.merakisan.com/system/database/DB.php(148): CI_DB_driver->initialize()
#2 /home/merakisan/shopping.merakisan.com/system/core/Loader.php(346): DB(Array, NULL)
#3 /home/merakisan/shopping.merakisan.com/application/models/category.php(10): CI_Loader->database()
#4 /home/merakisan/shopping.merakisan.com/system/core/Loader.php(303): Category->__Construct()
#5 /home/merakisan/shopping.merakisan.com/application/controllers/index.php(12): CI_Loader->model('Category')
#6 /home/merakisan/shopping.merakisan.com/system/core/CodeIgniter.php(308): Index->__Construct()
#7 /home/merakisan/shopping.merakisan.com/index.php(202): require_once('/home/merakisan...')
#8 {main}
  thrown in /home/merakisan/shopping.merakisan.com/system/database/drivers/mysql/mysql_driver.php on line 91
[08-Aug-2017 05:23:45 UTC] PHP Fatal error:  Uncaught Error: Call to undefined function mysql_pconnect() in /home/merakisan/shopping.merakisan.com/system/database/drivers/mysql/mysql_driver.php:91
Stack trace:
#0 /home/merakisan/shopping.merakisan.com/system/database/DB_driver.php(115): CI_DB_mysql_driver->db_pconnect()
#1 /home/merakisan/shopping.merakisan.com/system/database/DB.php(148): CI_DB_driver->initialize()
#2 /home/merakisan/shopping.merakisan.com/system/core/Loader.php(346): DB(Array, NULL)
#3 /home/merakisan/shopping.merakisan.com/application/models/category.php(10): CI_Loader->database()
#4 /home/merakisan/shopping.merakisan.com/system/core/Loader.php(303): Category->__Construct()
#5 /home/merakisan/shopping.merakisan.com/application/controllers/index.php(12): CI_Loader->model('Category')
#6 /home/merakisan/shopping.merakisan.com/system/core/CodeIgniter.php(308): Index->__Construct()
#7 /home/merakisan/shopping.merakisan.com/index.php(202): require_once('/home/merakisan...')
#8 {main}
  thrown in /home/merakisan/shopping.merakisan.com/system/database/drivers/mysql/mysql_driver.php on line 91
[08-Aug-2017 05:27:05 UTC] PHP Fatal error:  Uncaught Error: Call to undefined function mysql_pconnect() in /home/merakisan/shopping.merakisan.com/system/database/drivers/mysql/mysql_driver.php:91
Stack trace:
#0 /home/merakisan/shopping.merakisan.com/system/database/DB_driver.php(115): CI_DB_mysql_driver->db_pconnect()
#1 /home/merakisan/shopping.merakisan.com/system/database/DB.php(148): CI_DB_driver->initialize()
#2 /home/merakisan/shopping.merakisan.com/system/core/Loader.php(346): DB(Array, NULL)
#3 /home/merakisan/shopping.merakisan.com/application/models/category.php(10): CI_Loader->database()
#4 /home/merakisan/shopping.merakisan.com/system/core/Loader.php(303): Category->__Construct()
#5 /home/merakisan/shopping.merakisan.com/application/controllers/index.php(12): CI_Loader->model('Category')
#6 /home/merakisan/shopping.merakisan.com/system/core/CodeIgniter.php(308): Index->__Construct()
#7 /home/merakisan/shopping.merakisan.com/index.php(202): require_once('/home/merakisan...')
#8 {main}
  thrown in /home/merakisan/shopping.merakisan.com/system/database/drivers/mysql/mysql_driver.php on line 91
[08-Aug-2017 05:28:02 UTC] PHP Fatal error:  Uncaught Error: Call to undefined function mysql_pconnect() in /home/merakisan/shopping.merakisan.com/system/database/drivers/mysql/mysql_driver.php:91
Stack trace:
#0 /home/merakisan/shopping.merakisan.com/system/database/DB_driver.php(115): CI_DB_mysql_driver->db_pconnect()
#1 /home/merakisan/shopping.merakisan.com/system/database/DB.php(148): CI_DB_driver->initialize()
#2 /home/merakisan/shopping.merakisan.com/system/core/Loader.php(346): DB(Array, NULL)
#3 /home/merakisan/shopping.merakisan.com/application/models/category.php(10): CI_Loader->database()
#4 /home/merakisan/shopping.merakisan.com/system/core/Loader.php(303): Category->__Construct()
#5 /home/merakisan/shopping.merakisan.com/application/controllers/index.php(12): CI_Loader->model('Category')
#6 /home/merakisan/shopping.merakisan.com/system/core/CodeIgniter.php(308): Index->__Construct()
#7 /home/merakisan/shopping.merakisan.com/index.php(202): require_once('/home/merakisan...')
#8 {main}
  thrown in /home/merakisan/shopping.merakisan.com/system/database/drivers/mysql/mysql_driver.php on line 91
[08-Aug-2017 05:31:32 UTC] PHP Fatal error:  Uncaught Error: Call to undefined function mysql_pconnect() in /home/merakisan/public_html/shopping.merakisan.com/system/database/drivers/mysql/mysql_driver.php:91
Stack trace:
#0 /home/merakisan/public_html/shopping.merakisan.com/system/database/DB_driver.php(115): CI_DB_mysql_driver->db_pconnect()
#1 /home/merakisan/public_html/shopping.merakisan.com/system/database/DB.php(148): CI_DB_driver->initialize()
#2 /home/merakisan/public_html/shopping.merakisan.com/system/core/Loader.php(346): DB(Array, NULL)
#3 /home/merakisan/public_html/shopping.merakisan.com/application/models/category.php(10): CI_Loader->database()
#4 /home/merakisan/public_html/shopping.merakisan.com/system/core/Loader.php(303): Category->__Construct()
#5 /home/merakisan/public_html/shopping.merakisan.com/application/controllers/index.php(12): CI_Loader->model('Category')
#6 /home/merakisan/public_html/shopping.merakisan.com/system/core/CodeIgniter.php(308): Index->__Construct()
#7 /home/merakisan/public_html/shopping.merakisan.com/index.php in /home/merakisan/public_html/shopping.merakisan.com/system/database/drivers/mysql/mysql_driver.php on line 91
[08-Aug-2017 07:00:50 UTC] PHP Fatal error:  Uncaught Error: Call to undefined function mysql_pconnect() in /home/merakisan/public_html/shopping.merakisan.com/system/database/drivers/mysql/mysql_driver.php:91
Stack trace:
#0 /home/merakisan/public_html/shopping.merakisan.com/system/database/DB_driver.php(115): CI_DB_mysql_driver->db_pconnect()
#1 /home/merakisan/public_html/shopping.merakisan.com/system/database/DB.php(148): CI_DB_driver->initialize()
#2 /home/merakisan/public_html/shopping.merakisan.com/system/core/Loader.php(346): DB(Array, NULL)
#3 /home/merakisan/public_html/shopping.merakisan.com/application/models/category.php(10): CI_Loader->database()
#4 /home/merakisan/public_html/shopping.merakisan.com/system/core/Loader.php(303): Category->__Construct()
#5 /home/merakisan/public_html/shopping.merakisan.com/application/controllers/index.php(12): CI_Loader->model('Category')
#6 /home/merakisan/public_html/shopping.merakisan.com/system/core/CodeIgniter.php(308): Index->__Construct()
#7 /home/merakisan/public_html/shopping.merakisan.com/index.php in /home/merakisan/public_html/shopping.merakisan.com/system/database/drivers/mysql/mysql_driver.php on line 91
[08-Aug-2017 07:00:52 UTC] PHP Fatal error:  Uncaught Error: Call to undefined function mysql_pconnect() in /home/merakisan/public_html/shopping.merakisan.com/system/database/drivers/mysql/mysql_driver.php:91
Stack trace:
#0 /home/merakisan/public_html/shopping.merakisan.com/system/database/DB_driver.php(115): CI_DB_mysql_driver->db_pconnect()
#1 /home/merakisan/public_html/shopping.merakisan.com/system/database/DB.php(148): CI_DB_driver->initialize()
#2 /home/merakisan/public_html/shopping.merakisan.com/system/core/Loader.php(346): DB(Array, NULL)
#3 /home/merakisan/public_html/shopping.merakisan.com/application/models/category.php(10): CI_Loader->database()
#4 /home/merakisan/public_html/shopping.merakisan.com/system/core/Loader.php(303): Category->__Construct()
#5 /home/merakisan/public_html/shopping.merakisan.com/application/controllers/index.php(12): CI_Loader->model('Category')
#6 /home/merakisan/public_html/shopping.merakisan.com/system/core/CodeIgniter.php(308): Index->__Construct()
#7 /home/merakisan/public_html/shopping.merakisan.com/index.php in /home/merakisan/public_html/shopping.merakisan.com/system/database/drivers/mysql/mysql_driver.php on line 91
[08-Aug-2017 07:00:52 UTC] PHP Fatal error:  Uncaught Error: Call to undefined function mysql_pconnect() in /home/merakisan/public_html/shopping.merakisan.com/system/database/drivers/mysql/mysql_driver.php:91
Stack trace:
#0 /home/merakisan/public_html/shopping.merakisan.com/system/database/DB_driver.php(115): CI_DB_mysql_driver->db_pconnect()
#1 /home/merakisan/public_html/shopping.merakisan.com/system/database/DB.php(148): CI_DB_driver->initialize()
#2 /home/merakisan/public_html/shopping.merakisan.com/system/core/Loader.php(346): DB(Array, NULL)
#3 /home/merakisan/public_html/shopping.merakisan.com/application/models/category.php(10): CI_Loader->database()
#4 /home/merakisan/public_html/shopping.merakisan.com/system/core/Loader.php(303): Category->__Construct()
#5 /home/merakisan/public_html/shopping.merakisan.com/application/controllers/index.php(12): CI_Loader->model('Category')
#6 /home/merakisan/public_html/shopping.merakisan.com/system/core/CodeIgniter.php(308): Index->__Construct()
#7 /home/merakisan/public_html/shopping.merakisan.com/index.php in /home/merakisan/public_html/shopping.merakisan.com/system/database/drivers/mysql/mysql_driver.php on line 91
[08-Aug-2017 07:00:52 UTC] PHP Fatal error:  Uncaught Error: Call to undefined function mysql_pconnect() in /home/merakisan/public_html/shopping.merakisan.com/system/database/drivers/mysql/mysql_driver.php:91
Stack trace:
#0 /home/merakisan/public_html/shopping.merakisan.com/system/database/DB_driver.php(115): CI_DB_mysql_driver->db_pconnect()
#1 /home/merakisan/public_html/shopping.merakisan.com/system/database/DB.php(148): CI_DB_driver->initialize()
#2 /home/merakisan/public_html/shopping.merakisan.com/system/core/Loader.php(346): DB(Array, NULL)
#3 /home/merakisan/public_html/shopping.merakisan.com/application/models/category.php(10): CI_Loader->database()
#4 /home/merakisan/public_html/shopping.merakisan.com/system/core/Loader.php(303): Category->__Construct()
#5 /home/merakisan/public_html/shopping.merakisan.com/application/controllers/index.php(12): CI_Loader->model('Category')
#6 /home/merakisan/public_html/shopping.merakisan.com/system/core/CodeIgniter.php(308): Index->__Construct()
#7 /home/merakisan/public_html/shopping.merakisan.com/index.php in /home/merakisan/public_html/shopping.merakisan.com/system/database/drivers/mysql/mysql_driver.php on line 91
[08-Aug-2017 07:00:53 UTC] PHP Fatal error:  Uncaught Error: Call to undefined function mysql_pconnect() in /home/merakisan/public_html/shopping.merakisan.com/system/database/drivers/mysql/mysql_driver.php:91
Stack trace:
#0 /home/merakisan/public_html/shopping.merakisan.com/system/database/DB_driver.php(115): CI_DB_mysql_driver->db_pconnect()
#1 /home/merakisan/public_html/shopping.merakisan.com/system/database/DB.php(148): CI_DB_driver->initialize()
#2 /home/merakisan/public_html/shopping.merakisan.com/system/core/Loader.php(346): DB(Array, NULL)
#3 /home/merakisan/public_html/shopping.merakisan.com/application/models/category.php(10): CI_Loader->database()
#4 /home/merakisan/public_html/shopping.merakisan.com/system/core/Loader.php(303): Category->__Construct()
#5 /home/merakisan/public_html/shopping.merakisan.com/application/controllers/index.php(12): CI_Loader->model('Category')
#6 /home/merakisan/public_html/shopping.merakisan.com/system/core/CodeIgniter.php(308): Index->__Construct()
#7 /home/merakisan/public_html/shopping.merakisan.com/index.php in /home/merakisan/public_html/shopping.merakisan.com/system/database/drivers/mysql/mysql_driver.php on line 91
[08-Aug-2017 07:00:53 UTC] PHP Fatal error:  Uncaught Error: Call to undefined function mysql_pconnect() in /home/merakisan/public_html/shopping.merakisan.com/system/database/drivers/mysql/mysql_driver.php:91
Stack trace:
#0 /home/merakisan/public_html/shopping.merakisan.com/system/database/DB_driver.php(115): CI_DB_mysql_driver->db_pconnect()
#1 /home/merakisan/public_html/shopping.merakisan.com/system/database/DB.php(148): CI_DB_driver->initialize()
#2 /home/merakisan/public_html/shopping.merakisan.com/system/core/Loader.php(346): DB(Array, NULL)
#3 /home/merakisan/public_html/shopping.merakisan.com/application/models/category.php(10): CI_Loader->database()
#4 /home/merakisan/public_html/shopping.merakisan.com/system/core/Loader.php(303): Category->__Construct()
#5 /home/merakisan/public_html/shopping.merakisan.com/application/controllers/index.php(12): CI_Loader->model('Category')
#6 /home/merakisan/public_html/shopping.merakisan.com/system/core/CodeIgniter.php(308): Index->__Construct()
#7 /home/merakisan/public_html/shopping.merakisan.com/index.php in /home/merakisan/public_html/shopping.merakisan.com/system/database/drivers/mysql/mysql_driver.php on line 91
[08-Aug-2017 07:00:53 UTC] PHP Fatal error:  Uncaught Error: Call to undefined function mysql_pconnect() in /home/merakisan/public_html/shopping.merakisan.com/system/database/drivers/mysql/mysql_driver.php:91
Stack trace:
#0 /home/merakisan/public_html/shopping.merakisan.com/system/database/DB_driver.php(115): CI_DB_mysql_driver->db_pconnect()
#1 /home/merakisan/public_html/shopping.merakisan.com/system/database/DB.php(148): CI_DB_driver->initialize()
#2 /home/merakisan/public_html/shopping.merakisan.com/system/core/Loader.php(346): DB(Array, NULL)
#3 /home/merakisan/public_html/shopping.merakisan.com/application/models/category.php(10): CI_Loader->database()
#4 /home/merakisan/public_html/shopping.merakisan.com/system/core/Loader.php(303): Category->__Construct()
#5 /home/merakisan/public_html/shopping.merakisan.com/application/controllers/index.php(12): CI_Loader->model('Category')
#6 /home/merakisan/public_html/shopping.merakisan.com/system/core/CodeIgniter.php(308): Index->__Construct()
#7 /home/merakisan/public_html/shopping.merakisan.com/index.php in /home/merakisan/public_html/shopping.merakisan.com/system/database/drivers/mysql/mysql_driver.php on line 91
[08-Aug-2017 07:00:53 UTC] PHP Fatal error:  Uncaught Error: Call to undefined function mysql_pconnect() in /home/merakisan/public_html/shopping.merakisan.com/system/database/drivers/mysql/mysql_driver.php:91
Stack trace:
#0 /home/merakisan/public_html/shopping.merakisan.com/system/database/DB_driver.php(115): CI_DB_mysql_driver->db_pconnect()
#1 /home/merakisan/public_html/shopping.merakisan.com/system/database/DB.php(148): CI_DB_driver->initialize()
#2 /home/merakisan/public_html/shopping.merakisan.com/system/core/Loader.php(346): DB(Array, NULL)
#3 /home/merakisan/public_html/shopping.merakisan.com/application/models/category.php(10): CI_Loader->database()
#4 /home/merakisan/public_html/shopping.merakisan.com/system/core/Loader.php(303): Category->__Construct()
#5 /home/merakisan/public_html/shopping.merakisan.com/application/controllers/index.php(12): CI_Loader->model('Category')
#6 /home/merakisan/public_html/shopping.merakisan.com/system/core/CodeIgniter.php(308): Index->__Construct()
#7 /home/merakisan/public_html/shopping.merakisan.com/index.php in /home/merakisan/public_html/shopping.merakisan.com/system/database/drivers/mysql/mysql_driver.php on line 91
[08-Aug-2017 07:08:47 UTC] PHP Fatal error:  Uncaught Error: Call to undefined function mysql_pconnect() in /home/merakisan/public_html/shopping.merakisan.com/system/database/drivers/mysql/mysql_driver.php:91
Stack trace:
#0 /home/merakisan/public_html/shopping.merakisan.com/system/database/DB_driver.php(115): CI_DB_mysql_driver->db_pconnect()
#1 /home/merakisan/public_html/shopping.merakisan.com/system/database/DB.php(148): CI_DB_driver->initialize()
#2 /home/merakisan/public_html/shopping.merakisan.com/system/core/Loader.php(346): DB(Array, NULL)
#3 /home/merakisan/public_html/shopping.merakisan.com/application/models/category.php(10): CI_Loader->database()
#4 /home/merakisan/public_html/shopping.merakisan.com/system/core/Loader.php(303): Category->__Construct()
#5 /home/merakisan/public_html/shopping.merakisan.com/application/controllers/index.php(12): CI_Loader->model('Category')
#6 /home/merakisan/public_html/shopping.merakisan.com/system/core/CodeIgniter.php(308): Index->__Construct()
#7 /home/merakisan/public_html/shopping.merakisan.com/index.php in /home/merakisan/public_html/shopping.merakisan.com/system/database/drivers/mysql/mysql_driver.php on line 91
[08-Aug-2017 07:19:46 UTC] PHP Fatal error:  Uncaught Error: Call to undefined function mysql_pconnect() in /home/merakisan/public_html/shopping.merakisan.com/system/database/drivers/mysql/mysql_driver.php:91
Stack trace:
#0 /home/merakisan/public_html/shopping.merakisan.com/system/database/DB_driver.php(115): CI_DB_mysql_driver->db_pconnect()
#1 /home/merakisan/public_html/shopping.merakisan.com/system/database/DB.php(148): CI_DB_driver->initialize()
#2 /home/merakisan/public_html/shopping.merakisan.com/system/core/Loader.php(346): DB(Array, NULL)
#3 /home/merakisan/public_html/shopping.merakisan.com/application/models/category.php(10): CI_Loader->database()
#4 /home/merakisan/public_html/shopping.merakisan.com/system/core/Loader.php(303): Category->__Construct()
#5 /home/merakisan/public_html/shopping.merakisan.com/application/controllers/index.php(12): CI_Loader->model('Category')
#6 /home/merakisan/public_html/shopping.merakisan.com/system/core/CodeIgniter.php(308): Index->__Construct()
#7 /home/merakisan/public_html/shopping.merakisan.com/index.php in /home/merakisan/public_html/shopping.merakisan.com/system/database/drivers/mysql/mysql_driver.php on line 91
[08-Aug-2017 07:19:48 UTC] PHP Fatal error:  Uncaught Error: Call to undefined function mysql_pconnect() in /home/merakisan/public_html/shopping.merakisan.com/system/database/drivers/mysql/mysql_driver.php:91
Stack trace:
#0 /home/merakisan/public_html/shopping.merakisan.com/system/database/DB_driver.php(115): CI_DB_mysql_driver->db_pconnect()
#1 /home/merakisan/public_html/shopping.merakisan.com/system/database/DB.php(148): CI_DB_driver->initialize()
#2 /home/merakisan/public_html/shopping.merakisan.com/system/core/Loader.php(346): DB(Array, NULL)
#3 /home/merakisan/public_html/shopping.merakisan.com/application/models/category.php(10): CI_Loader->database()
#4 /home/merakisan/public_html/shopping.merakisan.com/system/core/Loader.php(303): Category->__Construct()
#5 /home/merakisan/public_html/shopping.merakisan.com/application/controllers/index.php(12): CI_Loader->model('Category')
#6 /home/merakisan/public_html/shopping.merakisan.com/system/core/CodeIgniter.php(308): Index->__Construct()
#7 /home/merakisan/public_html/shopping.merakisan.com/index.php in /home/merakisan/public_html/shopping.merakisan.com/system/database/drivers/mysql/mysql_driver.php on line 91
[08-Aug-2017 07:21:26 UTC] PHP Fatal error:  Uncaught Error: Call to undefined function mysql_pconnect() in /home/merakisan/public_html/shopping.merakisan.com/system/database/drivers/mysql/mysql_driver.php:91
Stack trace:
#0 /home/merakisan/public_html/shopping.merakisan.com/system/database/DB_driver.php(115): CI_DB_mysql_driver->db_pconnect()
#1 /home/merakisan/public_html/shopping.merakisan.com/system/database/DB.php(148): CI_DB_driver->initialize()
#2 /home/merakisan/public_html/shopping.merakisan.com/system/core/Loader.php(346): DB(Array, NULL)
#3 /home/merakisan/public_html/shopping.merakisan.com/application/models/category.php(10): CI_Loader->database()
#4 /home/merakisan/public_html/shopping.merakisan.com/system/core/Loader.php(303): Category->__Construct()
#5 /home/merakisan/public_html/shopping.merakisan.com/application/controllers/index.php(12): CI_Loader->model('Category')
#6 /home/merakisan/public_html/shopping.merakisan.com/system/core/CodeIgniter.php(308): Index->__Construct()
#7 /home/merakisan/public_html/shopping.merakisan.com/index.php in /home/merakisan/public_html/shopping.merakisan.com/system/database/drivers/mysql/mysql_driver.php on line 91
[08-Aug-2017 07:23:40 UTC] PHP Fatal error:  Uncaught Error: Call to undefined function mysql_pconnect() in /home/merakisan/public_html/shopping.merakisan.com/system/database/drivers/mysql/mysql_driver.php:91
Stack trace:
#0 /home/merakisan/public_html/shopping.merakisan.com/system/database/DB_driver.php(115): CI_DB_mysql_driver->db_pconnect()
#1 /home/merakisan/public_html/shopping.merakisan.com/system/database/DB.php(148): CI_DB_driver->initialize()
#2 /home/merakisan/public_html/shopping.merakisan.com/system/core/Loader.php(346): DB(Array, NULL)
#3 /home/merakisan/public_html/shopping.merakisan.com/application/models/category.php(10): CI_Loader->database()
#4 /home/merakisan/public_html/shopping.merakisan.com/system/core/Loader.php(303): Category->__Construct()
#5 /home/merakisan/public_html/shopping.merakisan.com/application/controllers/index.php(12): CI_Loader->model('Category')
#6 /home/merakisan/public_html/shopping.merakisan.com/system/core/CodeIgniter.php(308): Index->__Construct()
#7 /home/merakisan/public_html/shopping.merakisan.com/index.php in /home/merakisan/public_html/shopping.merakisan.com/system/database/drivers/mysql/mysql_driver.php on line 91
[08-Aug-2017 07:35:44 UTC] PHP Fatal error:  Uncaught Error: Call to undefined function mysql_pconnect() in /home/merakisan/public_html/shopping.merakisan.com/system/database/drivers/mysql/mysql_driver.php:91
Stack trace:
#0 /home/merakisan/public_html/shopping.merakisan.com/system/database/DB_driver.php(115): CI_DB_mysql_driver->db_pconnect()
#1 /home/merakisan/public_html/shopping.merakisan.com/system/database/DB.php(148): CI_DB_driver->initialize()
#2 /home/merakisan/public_html/shopping.merakisan.com/system/core/Loader.php(346): DB(Array, NULL)
#3 /home/merakisan/public_html/shopping.merakisan.com/application/models/category.php(10): CI_Loader->database()
#4 /home/merakisan/public_html/shopping.merakisan.com/system/core/Loader.php(303): Category->__Construct()
#5 /home/merakisan/public_html/shopping.merakisan.com/application/controllers/index.php(12): CI_Loader->model('Category')
#6 /home/merakisan/public_html/shopping.merakisan.com/system/core/CodeIgniter.php(308): Index->__Construct()
#7 /home/merakisan/public_html/shopping.merakisan.com/index.php in /home/merakisan/public_html/shopping.merakisan.com/system/database/drivers/mysql/mysql_driver.php on line 91
[08-Aug-2017 07:35:46 UTC] PHP Fatal error:  Uncaught Error: Call to undefined function mysql_pconnect() in /home/merakisan/public_html/shopping.merakisan.com/system/database/drivers/mysql/mysql_driver.php:91
Stack trace:
#0 /home/merakisan/public_html/shopping.merakisan.com/system/database/DB_driver.php(115): CI_DB_mysql_driver->db_pconnect()
#1 /home/merakisan/public_html/shopping.merakisan.com/system/database/DB.php(148): CI_DB_driver->initialize()
#2 /home/merakisan/public_html/shopping.merakisan.com/system/core/Loader.php(346): DB(Array, NULL)
#3 /home/merakisan/public_html/shopping.merakisan.com/application/models/category.php(10): CI_Loader->database()
#4 /home/merakisan/public_html/shopping.merakisan.com/system/core/Loader.php(303): Category->__Construct()
#5 /home/merakisan/public_html/shopping.merakisan.com/application/controllers/index.php(12): CI_Loader->model('Category')
#6 /home/merakisan/public_html/shopping.merakisan.com/system/core/CodeIgniter.php(308): Index->__Construct()
#7 /home/merakisan/public_html/shopping.merakisan.com/index.php in /home/merakisan/public_html/shopping.merakisan.com/system/database/drivers/mysql/mysql_driver.php on line 91
[11-Aug-2017 05:30:34 UTC] PHP Parse error:  syntax error, unexpected end of file in /home/merakisan/public_html/shopping.merakisan.com/application/views/login.php on line 49
[11-Aug-2017 05:31:34 UTC] PHP Parse error:  syntax error, unexpected end of file in /home/merakisan/public_html/shopping.merakisan.com/application/views/login.php on line 49
[11-Aug-2017 05:31:56 UTC] PHP Parse error:  syntax error, unexpected end of file in /home/merakisan/public_html/shopping.merakisan.com/application/views/login.php on line 49
[11-Aug-2017 05:32:01 UTC] PHP Parse error:  syntax error, unexpected end of file in /home/merakisan/public_html/shopping.merakisan.com/application/views/login.php on line 49
[11-Aug-2017 05:33:08 UTC] PHP Parse error:  syntax error, unexpected end of file in /home/merakisan/public_html/shopping.merakisan.com/application/views/login.php on line 49
[11-Aug-2017 05:33:13 UTC] PHP Parse error:  syntax error, unexpected end of file in /home/merakisan/public_html/shopping.merakisan.com/application/views/login.php on line 49
[11-Aug-2017 05:34:44 UTC] PHP Parse error:  syntax error, unexpected end of file in /home/merakisan/public_html/shopping.merakisan.com/application/views/login.php on line 49
[11-Aug-2017 05:34:50 UTC] PHP Parse error:  syntax error, unexpected end of file in /home/merakisan/public_html/shopping.merakisan.com/application/views/login.php on line 49
[11-Aug-2017 05:35:27 UTC] PHP Parse error:  syntax error, unexpected end of file in /home/merakisan/public_html/shopping.merakisan.com/application/views/login.php on line 49
[11-Aug-2017 05:36:32 UTC] PHP Parse error:  syntax error, unexpected end of file in /home/merakisan/public_html/shopping.merakisan.com/application/views/login.php on line 49
[11-Aug-2017 05:52:30 UTC] PHP Fatal error:  Function name must be a string in /home/merakisan/public_html/shopping.merakisan.com/application/views/login.php on line 39
[11-Aug-2017 05:59:49 UTC] PHP Parse error:  syntax error, unexpected end of file in /home/merakisan/public_html/shopping.merakisan.com/application/views/login.php on line 49
[11-Aug-2017 06:00:01 UTC] PHP Parse error:  syntax error, unexpected end of file in /home/merakisan/public_html/shopping.merakisan.com/application/views/login.php on line 49
[11-Aug-2017 06:04:09 UTC] PHP Parse error:  syntax error, unexpected end of file in /home/merakisan/public_html/shopping.merakisan.com/application/views/login.php on line 49
[11-Aug-2017 06:04:12 UTC] PHP Parse error:  syntax error, unexpected end of file in /home/merakisan/public_html/shopping.merakisan.com/application/views/login.php on line 49
[11-Aug-2017 06:04:29 UTC] PHP Parse error:  syntax error, unexpected end of file in /home/merakisan/public_html/shopping.merakisan.com/application/views/login.php on line 49
[11-Aug-2017 06:04:39 UTC] PHP Parse error:  syntax error, unexpected end of file in /home/merakisan/public_html/shopping.merakisan.com/application/views/login.php on line 49
[11-Aug-2017 06:04:58 UTC] PHP Parse error:  syntax error, unexpected end of file in /home/merakisan/public_html/shopping.merakisan.com/application/views/login.php on line 49
[11-Aug-2017 06:29:25 UTC] PHP Parse error:  syntax error, unexpected 'die' (T_EXIT), expecting ',' or ';' in /home/merakisan/public_html/shopping.merakisan.com/application/controllers/index.php on line 73
[11-Aug-2017 06:29:34 UTC] PHP Parse error:  syntax error, unexpected 'die' (T_EXIT), expecting ',' or ';' in /home/merakisan/public_html/shopping.merakisan.com/application/controllers/index.php on line 73
[11-Aug-2017 06:29:40 UTC] PHP Parse error:  syntax error, unexpected 'die' (T_EXIT), expecting ',' or ';' in /home/merakisan/public_html/shopping.merakisan.com/application/controllers/index.php on line 73
[11-Aug-2017 08:20:54 UTC] PHP Parse error:  syntax error, unexpected 'if' (T_IF) in /home/merakisan/public_html/shopping.merakisan.com/application/libraries/Facebook.php on line 93
[11-Aug-2017 08:20:58 UTC] PHP Parse error:  syntax error, unexpected 'if' (T_IF) in /home/merakisan/public_html/shopping.merakisan.com/application/libraries/Facebook.php on line 93
[11-Aug-2017 08:21:02 UTC] PHP Parse error:  syntax error, unexpected 'if' (T_IF) in /home/merakisan/public_html/shopping.merakisan.com/application/libraries/Facebook.php on line 93
[11-Aug-2017 08:21:03 UTC] PHP Parse error:  syntax error, unexpected 'if' (T_IF) in /home/merakisan/public_html/shopping.merakisan.com/application/libraries/Facebook.php on line 93
[11-Aug-2017 08:21:05 UTC] PHP Parse error:  syntax error, unexpected 'if' (T_IF) in /home/merakisan/public_html/shopping.merakisan.com/application/libraries/Facebook.php on line 93
[11-Aug-2017 08:21:05 UTC] PHP Parse error:  syntax error, unexpected 'if' (T_IF) in /home/merakisan/public_html/shopping.merakisan.com/application/libraries/Facebook.php on line 93
[11-Aug-2017 08:22:21 UTC] PHP Parse error:  syntax error, unexpected 'if' (T_IF) in /home/merakisan/public_html/shopping.merakisan.com/application/libraries/Facebook.php on line 93
[11-Aug-2017 08:22:25 UTC] PHP Parse error:  syntax error, unexpected 'if' (T_IF) in /home/merakisan/public_html/shopping.merakisan.com/application/libraries/Facebook.php on line 93
[11-Aug-2017 08:22:29 UTC] PHP Parse error:  syntax error, unexpected 'if' (T_IF) in /home/merakisan/public_html/shopping.merakisan.com/application/libraries/Facebook.php on line 93
[11-Aug-2017 08:22:33 UTC] PHP Parse error:  syntax error, unexpected 'if' (T_IF) in /home/merakisan/public_html/shopping.merakisan.com/application/libraries/Facebook.php on line 93
[11-Aug-2017 08:22:34 UTC] PHP Parse error:  syntax error, unexpected 'if' (T_IF) in /home/merakisan/public_html/shopping.merakisan.com/application/libraries/Facebook.php on line 93
[11-Aug-2017 08:23:31 UTC] PHP Parse error:  syntax error, unexpected 'if' (T_IF) in /home/merakisan/public_html/shopping.merakisan.com/application/libraries/Facebook.php on line 93
[11-Aug-2017 08:23:34 UTC] PHP Parse error:  syntax error, unexpected 'if' (T_IF) in /home/merakisan/public_html/shopping.merakisan.com/application/libraries/Facebook.php on line 93
[11-Aug-2017 08:29:06 UTC] PHP Parse error:  syntax error, unexpected '-', expecting ',' or ';' in /home/merakisan/public_html/shopping.merakisan.com/application/libraries/Facebook.php on line 0
[11-Aug-2017 08:30:15 UTC] PHP Parse error:  syntax error, unexpected end of file, expecting function (T_FUNCTION) in /home/merakisan/public_html/shopping.merakisan.com/application/libraries/Facebook.php on line 84
[11-Aug-2017 08:32:25 UTC] PHP Parse error:  syntax error, unexpected ';' in /home/merakisan/public_html/shopping.merakisan.com/application/libraries/Facebook.php on line 167
[11-Aug-2017 08:45:46 UTC] PHP Parse error:  syntax error, unexpected end of file in /home/merakisan/public_html/shopping.merakisan.com/application/controllers/index.php on line 92
[12-Aug-2017 11:15:40 UTC] PHP Parse error:  syntax error, unexpected '"','"' (T_CONSTANT_ENCAPSED_STRING) in /home/merakisan/public_html/shopping.merakisan.com/application/views/pay.php on line 22
[12-Aug-2017 11:15:43 UTC] PHP Parse error:  syntax error, unexpected '"','"' (T_CONSTANT_ENCAPSED_STRING) in /home/merakisan/public_html/shopping.merakisan.com/application/views/pay.php on line 22
[12-Aug-2017 11:15:52 UTC] PHP Parse error:  syntax error, unexpected '"','"' (T_CONSTANT_ENCAPSED_STRING) in /home/merakisan/public_html/shopping.merakisan.com/application/views/pay.php on line 22
[12-Aug-2017 11:18:17 UTC] PHP Parse error:  syntax error, unexpected '"','"' (T_CONSTANT_ENCAPSED_STRING) in /home/merakisan/public_html/shopping.merakisan.com/application/views/pay.php on line 22
[12-Aug-2017 11:18:58 UTC] PHP Parse error:  syntax error, unexpected '"','"' (T_CONSTANT_ENCAPSED_STRING) in /home/merakisan/public_html/shopping.merakisan.com/application/views/pay.php on line 22
[12-Aug-2017 12:24:13 UTC] PHP Parse error:  syntax error, unexpected end of file in /home/merakisan/public_html/shopping.merakisan.com/application/views/pay.php on line 86
[12-Aug-2017 12:24:19 UTC] PHP Parse error:  syntax error, unexpected end of file in /home/merakisan/public_html/shopping.merakisan.com/application/views/pay.php on line 86
[12-Aug-2017 12:25:36 UTC] PHP Parse error:  syntax error, unexpected end of file in /home/merakisan/public_html/shopping.merakisan.com/application/views/pay.php on line 86
[12-Aug-2017 12:25:45 UTC] PHP Parse error:  syntax error, unexpected end of file in /home/merakisan/public_html/shopping.merakisan.com/application/views/pay.php on line 86
[12-Aug-2017 12:26:30 UTC] PHP Parse error:  syntax error, unexpected '}' in /home/merakisan/public_html/shopping.merakisan.com/application/views/pay.php on line 41
[14-Aug-2017 09:25:44 UTC] PHP Fatal error:  Call to undefined method Register_model::getcity() in /home/merakisan/public_html/shopping.merakisan.com/application/controllers/index.php on line 257
[14-Aug-2017 09:25:46 UTC] PHP Fatal error:  Call to undefined method Register_model::getcity() in /home/merakisan/public_html/shopping.merakisan.com/application/controllers/index.php on line 257
[14-Aug-2017 09:26:53 UTC] PHP Fatal error:  Call to undefined method Register_model::getcity() in /home/merakisan/public_html/shopping.merakisan.com/application/controllers/index.php on line 257
[14-Aug-2017 09:27:01 UTC] PHP Fatal error:  Call to undefined method Register_model::getcity() in /home/merakisan/public_html/shopping.merakisan.com/application/controllers/index.php on line 257
[14-Aug-2017 09:27:23 UTC] PHP Fatal error:  Call to undefined method Register_model::getcity() in /home/merakisan/public_html/shopping.merakisan.com/application/controllers/index.php on line 257
[14-Aug-2017 09:46:15 UTC] PHP Parse error:  syntax error, unexpected '$this' (T_VARIABLE) in /home/merakisan/public_html/shopping.merakisan.com/application/controllers/index.php on line 267
[14-Aug-2017 09:46:36 UTC] PHP Parse error:  syntax error, unexpected '$this' (T_VARIABLE) in /home/merakisan/public_html/shopping.merakisan.com/application/controllers/index.php on line 267
[14-Aug-2017 09:46:36 UTC] PHP Parse error:  syntax error, unexpected '$this' (T_VARIABLE) in /home/merakisan/public_html/shopping.merakisan.com/application/controllers/index.php on line 267
[14-Aug-2017 09:46:42 UTC] PHP Parse error:  syntax error, unexpected '$this' (T_VARIABLE) in /home/merakisan/public_html/shopping.merakisan.com/application/controllers/index.php on line 267
[14-Aug-2017 09:46:42 UTC] PHP Parse error:  syntax error, unexpected '$this' (T_VARIABLE) in /home/merakisan/public_html/shopping.merakisan.com/application/controllers/index.php on line 267
[14-Aug-2017 09:46:45 UTC] PHP Parse error:  syntax error, unexpected '$this' (T_VARIABLE) in /home/merakisan/public_html/shopping.merakisan.com/application/controllers/index.php on line 267
[14-Aug-2017 09:46:46 UTC] PHP Parse error:  syntax error, unexpected '$this' (T_VARIABLE) in /home/merakisan/public_html/shopping.merakisan.com/application/controllers/index.php on line 267
[14-Aug-2017 09:46:48 UTC] PHP Parse error:  syntax error, unexpected '$this' (T_VARIABLE) in /home/merakisan/public_html/shopping.merakisan.com/application/controllers/index.php on line 267
[14-Aug-2017 09:46:48 UTC] PHP Parse error:  syntax error, unexpected '$this' (T_VARIABLE) in /home/merakisan/public_html/shopping.merakisan.com/application/controllers/index.php on line 267
[14-Aug-2017 09:46:52 UTC] PHP Parse error:  syntax error, unexpected '$this' (T_VARIABLE) in /home/merakisan/public_html/shopping.merakisan.com/application/controllers/index.php on line 267
[14-Aug-2017 09:46:52 UTC] PHP Parse error:  syntax error, unexpected '$this' (T_VARIABLE) in /home/merakisan/public_html/shopping.merakisan.com/application/controllers/index.php on line 267
[14-Aug-2017 09:46:59 UTC] PHP Parse error:  syntax error, unexpected '$this' (T_VARIABLE) in /home/merakisan/public_html/shopping.merakisan.com/application/controllers/index.php on line 267
[14-Aug-2017 09:46:59 UTC] PHP Parse error:  syntax error, unexpected '$this' (T_VARIABLE) in /home/merakisan/public_html/shopping.merakisan.com/application/controllers/index.php on line 267
[14-Aug-2017 09:47:03 UTC] PHP Parse error:  syntax error, unexpected '$this' (T_VARIABLE) in /home/merakisan/public_html/shopping.merakisan.com/application/controllers/index.php on line 267
[14-Aug-2017 09:47:04 UTC] PHP Parse error:  syntax error, unexpected '$this' (T_VARIABLE) in /home/merakisan/public_html/shopping.merakisan.com/application/controllers/index.php on line 267
[14-Aug-2017 09:47:08 UTC] PHP Parse error:  syntax error, unexpected '$this' (T_VARIABLE) in /home/merakisan/public_html/shopping.merakisan.com/application/controllers/index.php on line 267
[14-Aug-2017 09:47:09 UTC] PHP Parse error:  syntax error, unexpected '$this' (T_VARIABLE) in /home/merakisan/public_html/shopping.merakisan.com/application/controllers/index.php on line 267
[14-Aug-2017 09:47:11 UTC] PHP Parse error:  syntax error, unexpected '$this' (T_VARIABLE) in /home/merakisan/public_html/shopping.merakisan.com/application/controllers/index.php on line 267
[14-Aug-2017 09:47:12 UTC] PHP Parse error:  syntax error, unexpected '$this' (T_VARIABLE) in /home/merakisan/public_html/shopping.merakisan.com/application/controllers/index.php on line 267
[14-Aug-2017 09:47:18 UTC] PHP Parse error:  syntax error, unexpected '$this' (T_VARIABLE) in /home/merakisan/public_html/shopping.merakisan.com/application/controllers/index.php on line 267
[14-Aug-2017 09:47:19 UTC] PHP Parse error:  syntax error, unexpected '$this' (T_VARIABLE) in /home/merakisan/public_html/shopping.merakisan.com/application/controllers/index.php on line 267
[14-Aug-2017 09:48:09 UTC] PHP Parse error:  syntax error, unexpected '$this' (T_VARIABLE) in /home/merakisan/public_html/shopping.merakisan.com/application/controllers/index.php on line 267
[14-Aug-2017 09:52:49 UTC] PHP Parse error:  syntax error, unexpected '$this' (T_VARIABLE) in /home/merakisan/public_html/shopping.merakisan.com/application/controllers/index.php on line 267
[14-Aug-2017 09:54:28 UTC] PHP Parse error:  syntax error, unexpected '$this' (T_VARIABLE) in /home/merakisan/public_html/shopping.merakisan.com/application/controllers/index.php on line 267
[14-Aug-2017 09:55:48 UTC] PHP Parse error:  syntax error, unexpected '$this' (T_VARIABLE) in /home/merakisan/public_html/shopping.merakisan.com/application/controllers/index.php on line 267
[14-Aug-2017 09:56:07 UTC] PHP Parse error:  syntax error, unexpected '$this' (T_VARIABLE) in /home/merakisan/public_html/shopping.merakisan.com/application/controllers/index.php on line 267
[14-Aug-2017 09:56:52 UTC] PHP Parse error:  syntax error, unexpected '$this' (T_VARIABLE) in /home/merakisan/public_html/shopping.merakisan.com/application/controllers/index.php on line 267
[14-Aug-2017 09:57:11 UTC] PHP Parse error:  syntax error, unexpected '$this' (T_VARIABLE) in /home/merakisan/public_html/shopping.merakisan.com/application/controllers/index.php on line 267
[14-Aug-2017 09:57:30 UTC] PHP Parse error:  syntax error, unexpected '$this' (T_VARIABLE) in /home/merakisan/public_html/shopping.merakisan.com/application/controllers/index.php on line 267
[14-Aug-2017 09:58:03 UTC] PHP Parse error:  syntax error, unexpected '$this' (T_VARIABLE) in /home/merakisan/public_html/shopping.merakisan.com/application/controllers/index.php on line 267
[14-Aug-2017 09:58:06 UTC] PHP Parse error:  syntax error, unexpected '$this' (T_VARIABLE) in /home/merakisan/public_html/shopping.merakisan.com/application/controllers/index.php on line 267
[14-Aug-2017 09:59:11 UTC] PHP Parse error:  syntax error, unexpected '$this' (T_VARIABLE) in /home/merakisan/public_html/shopping.merakisan.com/application/controllers/index.php on line 267
[14-Aug-2017 10:00:19 UTC] PHP Parse error:  syntax error, unexpected '$this' (T_VARIABLE) in /home/merakisan/public_html/shopping.merakisan.com/application/controllers/index.php on line 267
[14-Aug-2017 10:00:49 UTC] PHP Parse error:  syntax error, unexpected '$this' (T_VARIABLE) in /home/merakisan/public_html/shopping.merakisan.com/application/controllers/index.php on line 267
[14-Aug-2017 10:03:22 UTC] PHP Parse error:  syntax error, unexpected '$this' (T_VARIABLE) in /home/merakisan/public_html/shopping.merakisan.com/application/controllers/index.php on line 267
[14-Aug-2017 10:03:55 UTC] PHP Parse error:  syntax error, unexpected '$this' (T_VARIABLE) in /home/merakisan/public_html/shopping.merakisan.com/application/controllers/index.php on line 267
[14-Aug-2017 10:05:04 UTC] PHP Parse error:  syntax error, unexpected '$this' (T_VARIABLE) in /home/merakisan/public_html/shopping.merakisan.com/application/controllers/index.php on line 267
[14-Aug-2017 10:05:29 UTC] PHP Parse error:  syntax error, unexpected '$this' (T_VARIABLE) in /home/merakisan/public_html/shopping.merakisan.com/application/controllers/index.php on line 267
[14-Aug-2017 10:05:33 UTC] PHP Parse error:  syntax error, unexpected '$this' (T_VARIABLE) in /home/merakisan/public_html/shopping.merakisan.com/application/controllers/index.php on line 267
[14-Aug-2017 10:05:38 UTC] PHP Parse error:  syntax error, unexpected '$this' (T_VARIABLE) in /home/merakisan/public_html/shopping.merakisan.com/application/controllers/index.php on line 267
[14-Aug-2017 10:05:44 UTC] PHP Parse error:  syntax error, unexpected '$this' (T_VARIABLE) in /home/merakisan/public_html/shopping.merakisan.com/application/controllers/index.php on line 267
[14-Aug-2017 10:05:47 UTC] PHP Parse error:  syntax error, unexpected '$this' (T_VARIABLE) in /home/merakisan/public_html/shopping.merakisan.com/application/controllers/index.php on line 267
[14-Aug-2017 10:05:48 UTC] PHP Parse error:  syntax error, unexpected '$this' (T_VARIABLE) in /home/merakisan/public_html/shopping.merakisan.com/application/controllers/index.php on line 267
[14-Aug-2017 10:06:08 UTC] PHP Parse error:  syntax error, unexpected '$this' (T_VARIABLE) in /home/merakisan/public_html/shopping.merakisan.com/application/controllers/index.php on line 267
[14-Aug-2017 10:06:32 UTC] PHP Parse error:  syntax error, unexpected '$this' (T_VARIABLE) in /home/merakisan/public_html/shopping.merakisan.com/application/controllers/index.php on line 267
[14-Aug-2017 10:06:42 UTC] PHP Parse error:  syntax error, unexpected '$this' (T_VARIABLE) in /home/merakisan/public_html/shopping.merakisan.com/application/controllers/index.php on line 267
[14-Aug-2017 10:07:59 UTC] PHP Parse error:  syntax error, unexpected '$this' (T_VARIABLE) in /home/merakisan/public_html/shopping.merakisan.com/application/controllers/index.php on line 267
[14-Aug-2017 10:08:02 UTC] PHP Parse error:  syntax error, unexpected '$this' (T_VARIABLE) in /home/merakisan/public_html/shopping.merakisan.com/application/controllers/index.php on line 267
[14-Aug-2017 10:08:15 UTC] PHP Parse error:  syntax error, unexpected '$this' (T_VARIABLE) in /home/merakisan/public_html/shopping.merakisan.com/application/controllers/index.php on line 267
[14-Aug-2017 10:08:34 UTC] PHP Parse error:  syntax error, unexpected '$this' (T_VARIABLE) in /home/merakisan/public_html/shopping.merakisan.com/application/controllers/index.php on line 267
[14-Aug-2017 10:08:42 UTC] PHP Parse error:  syntax error, unexpected '$this' (T_VARIABLE) in /home/merakisan/public_html/shopping.merakisan.com/application/controllers/index.php on line 267
[14-Aug-2017 10:13:11 UTC] PHP Parse error:  syntax error, unexpected ';' in /home/merakisan/public_html/shopping.merakisan.com/application/models/register_model.php on line 11
[14-Aug-2017 10:13:36 UTC] PHP Parse error:  syntax error, unexpected ';' in /home/merakisan/public_html/shopping.merakisan.com/application/models/register_model.php on line 11
[14-Aug-2017 10:14:23 UTC] PHP Parse error:  syntax error, unexpected ';' in /home/merakisan/public_html/shopping.merakisan.com/application/models/register_model.php on line 11
[14-Aug-2017 10:18:05 UTC] PHP Parse error:  syntax error, unexpected '$this' (T_VARIABLE) in /home/merakisan/public_html/shopping.merakisan.com/application/models/register_model.php on line 11
[14-Aug-2017 10:29:41 UTC] PHP Fatal error:  Class 'Register_model' not found in /home/merakisan/public_html/shopping.merakisan.com/system/core/Loader.php on line 303
[14-Aug-2017 17:14:13 UTC] PHP Parse error:  syntax error, unexpected '?>' in /home/merakisan/public_html/shopping.merakisan.com/application/views/pay.php on line 143
[14-Aug-2017 17:18:33 UTC] PHP Parse error:  syntax error, unexpected '?>' in /home/merakisan/public_html/shopping.merakisan.com/application/views/pay.php on line 144
[14-Aug-2017 19:56:50 UTC] PHP Fatal error:  Cannot use object of type stdClass as array in /home/merakisan/public_html/shopping.merakisan.com/application/controllers/index.php on line 32
[14-Aug-2017 19:56:53 UTC] PHP Fatal error:  Cannot use object of type stdClass as array in /home/merakisan/public_html/shopping.merakisan.com/application/controllers/index.php on line 32
[14-Aug-2017 20:43:03 UTC] PHP Parse error:  syntax error, unexpected ';', expecting identifier (T_STRING) or variable (T_VARIABLE) or '{' or '$' in /home/merakisan/public_html/shopping.merakisan.com/application/views/ordermanage.php on line 43
[14-Aug-2017 20:43:09 UTC] PHP Parse error:  syntax error, unexpected ';', expecting identifier (T_STRING) or variable (T_VARIABLE) or '{' or '$' in /home/merakisan/public_html/shopping.merakisan.com/application/views/ordermanage.php on line 43
[14-Aug-2017 20:43:12 UTC] PHP Parse error:  syntax error, unexpected ';', expecting identifier (T_STRING) or variable (T_VARIABLE) or '{' or '$' in /home/merakisan/public_html/shopping.merakisan.com/application/views/ordermanage.php on line 43
[14-Aug-2017 20:43:15 UTC] PHP Parse error:  syntax error, unexpected ';', expecting identifier (T_STRING) or variable (T_VARIABLE) or '{' or '$' in /home/merakisan/public_html/shopping.merakisan.com/application/views/ordermanage.php on line 43
[15-Aug-2017 05:34:00 UTC] PHP Parse error:  syntax error, unexpected ')' in /home/merakisan/public_html/shopping.merakisan.com/application/views/common/header.php on line 125
[15-Aug-2017 07:18:52 UTC] PHP Fatal error:  Call to a member function getAccessToken() on a non-object in /home/merakisan/public_html/shopping.merakisan.com/application/controllers/index.php on line 133
[15-Aug-2017 07:19:19 UTC] PHP Fatal error:  Cannot access empty property in /home/merakisan/public_html/shopping.merakisan.com/application/controllers/index.php on line 133
[15-Aug-2017 07:19:28 UTC] PHP Fatal error:  Cannot access empty property in /home/merakisan/public_html/shopping.merakisan.com/application/controllers/index.php on line 133
[15-Aug-2017 07:19:50 UTC] PHP Fatal error:  Call to undefined method Facebook::getAccessToken() in /home/merakisan/public_html/shopping.merakisan.com/application/controllers/index.php on line 133
[15-Aug-2017 07:20:22 UTC] PHP Fatal error:  Call to undefined method Facebook::getAccessToken() in /home/merakisan/public_html/shopping.merakisan.com/application/controllers/index.php on line 133
[15-Aug-2017 08:48:39 UTC] PHP Fatal error:  Call to a member function getLoginUrl() on a non-object in /home/merakisan/public_html/shopping.merakisan.com/application/controllers/fblogin.php on line 23
[15-Aug-2017 08:49:16 UTC] PHP Fatal error:  Call to a member function getLoginUrl() on a non-object in /home/merakisan/public_html/shopping.merakisan.com/application/controllers/fblogin.php on line 23
[15-Aug-2017 12:58:09 UTC] PHP Fatal error:  Uncaught OAuthException: An active access token must be used to query information about the current user.
  thrown in /home/merakisan/public_html/shopping.merakisan.com/application/libraries/base_facebook.php on line 1249
[15-Aug-2017 12:58:14 UTC] PHP Fatal error:  Uncaught OAuthException: An active access token must be used to query information about the current user.
  thrown in /home/merakisan/public_html/shopping.merakisan.com/application/libraries/base_facebook.php on line 1249
[15-Aug-2017 12:58:48 UTC] PHP Fatal error:  Uncaught OAuthException: An active access token must be used to query information about the current user.
  thrown in /home/merakisan/public_html/shopping.merakisan.com/application/libraries/base_facebook.php on line 1249
[15-Aug-2017 12:58:49 UTC] PHP Fatal error:  Uncaught OAuthException: An active access token must be used to query information about the current user.
  thrown in /home/merakisan/public_html/shopping.merakisan.com/application/libraries/base_facebook.php on line 1249
[15-Aug-2017 12:58:55 UTC] PHP Fatal error:  Uncaught OAuthException: An active access token must be used to query information about the current user.
  thrown in /home/merakisan/public_html/shopping.merakisan.com/application/libraries/base_facebook.php on line 1249
[15-Aug-2017 12:59:20 UTC] PHP Fatal error:  Uncaught OAuthException: An active access token must be used to query information about the current user.
  thrown in /home/merakisan/public_html/shopping.merakisan.com/application/libraries/base_facebook.php on line 1249
[15-Aug-2017 12:59:52 UTC] PHP Fatal error:  Uncaught OAuthException: An active access token must be used to query information about the current user.
  thrown in /home/merakisan/public_html/shopping.merakisan.com/application/libraries/base_facebook.php on line 1249
[15-Aug-2017 13:05:10 UTC] PHP Fatal error:  Uncaught OAuthException: An active access token must be used to query information about the current user.
  thrown in /home/merakisan/public_html/shopping.merakisan.com/application/libraries/base_facebook.php on line 1249
[15-Aug-2017 13:05:11 UTC] PHP Fatal error:  Uncaught OAuthException: An active access token must be used to query information about the current user.
  thrown in /home/merakisan/public_html/shopping.merakisan.com/application/libraries/base_facebook.php on line 1249
[15-Aug-2017 13:05:54 UTC] PHP Fatal error:  Call to a member function api() on a non-object in /home/merakisan/public_html/shopping.merakisan.com/application/controllers/fblogin.php on line 25
[15-Aug-2017 13:06:25 UTC] PHP Fatal error:  Uncaught OAuthException: An active access token must be used to query information about the current user.
  thrown in /home/merakisan/public_html/shopping.merakisan.com/application/libraries/base_facebook.php on line 1249
[15-Aug-2017 13:06:29 UTC] PHP Fatal error:  Uncaught OAuthException: An active access token must be used to query information about the current user.
  thrown in /home/merakisan/public_html/shopping.merakisan.com/application/libraries/base_facebook.php on line 1249
[15-Aug-2017 13:06:50 UTC] PHP Fatal error:  Uncaught OAuthException: An active access token must be used to query information about the current user.
  thrown in /home/merakisan/public_html/shopping.merakisan.com/application/libraries/base_facebook.php on line 1249
[15-Aug-2017 13:06:59 UTC] PHP Fatal error:  Uncaught OAuthException: An active access token must be used to query information about the current user.
  thrown in /home/merakisan/public_html/shopping.merakisan.com/application/libraries/base_facebook.php on line 1249
[15-Aug-2017 13:07:05 UTC] PHP Fatal error:  Uncaught OAuthException: An active access token must be used to query information about the current user.
  thrown in /home/merakisan/public_html/shopping.merakisan.com/application/libraries/base_facebook.php on line 1249
[15-Aug-2017 13:08:18 UTC] PHP Fatal error:  Uncaught OAuthException: An active access token must be used to query information about the current user.
  thrown in /home/merakisan/public_html/shopping.merakisan.com/application/libraries/base_facebook.php on line 1249
[15-Aug-2017 13:08:21 UTC] PHP Fatal error:  Uncaught OAuthException: An active access token must be used to query information about the current user.
  thrown in /home/merakisan/public_html/shopping.merakisan.com/application/libraries/base_facebook.php on line 1249
[15-Aug-2017 13:08:24 UTC] PHP Fatal error:  Uncaught OAuthException: An active access token must be used to query information about the current user.
  thrown in /home/merakisan/public_html/shopping.merakisan.com/application/libraries/base_facebook.php on line 1249
[15-Aug-2017 13:08:35 UTC] PHP Fatal error:  Uncaught OAuthException: An active access token must be used to query information about the current user.
  thrown in /home/merakisan/public_html/shopping.merakisan.com/application/libraries/base_facebook.php on line 1249
[15-Aug-2017 13:08:38 UTC] PHP Fatal error:  Uncaught OAuthException: An active access token must be used to query information about the current user.
  thrown in /home/merakisan/public_html/shopping.merakisan.com/application/libraries/base_facebook.php on line 1249
[15-Aug-2017 13:10:56 UTC] PHP Fatal error:  Uncaught OAuthException: An active access token must be used to query information about the current user.
  thrown in /home/merakisan/public_html/shopping.merakisan.com/application/libraries/base_facebook.php on line 1249
[15-Aug-2017 13:14:20 UTC] PHP Fatal error:  Uncaught OAuthException: An active access token must be used to query information about the current user.
  thrown in /home/merakisan/public_html/shopping.merakisan.com/application/libraries/base_facebook.php on line 1249
[15-Aug-2017 13:17:49 UTC] PHP Fatal error:  Call to a member function is_authenticated() on a non-object in /home/merakisan/public_html/shopping.merakisan.com/application/controllers/index.php on line 81
[15-Aug-2017 13:18:10 UTC] PHP Fatal error:  Call to a member function is_authenticated() on a non-object in /home/merakisan/public_html/shopping.merakisan.com/application/controllers/index.php on line 81
[15-Aug-2017 13:18:25 UTC] PHP Fatal error:  Call to a member function is_authenticated() on a non-object in /home/merakisan/public_html/shopping.merakisan.com/application/controllers/index.php on line 81
[15-Aug-2017 13:18:31 UTC] PHP Fatal error:  Call to a member function is_authenticated() on a non-object in /home/merakisan/public_html/shopping.merakisan.com/application/controllers/index.php on line 81
[15-Aug-2017 13:18:34 UTC] PHP Fatal error:  Call to a member function is_authenticated() on a non-object in /home/merakisan/public_html/shopping.merakisan.com/application/controllers/index.php on line 81
[15-Aug-2017 13:23:19 UTC] PHP Fatal error:  Call to a member function is_authenticated() on a non-object in /home/merakisan/public_html/shopping.merakisan.com/application/controllers/index.php on line 81
[15-Aug-2017 13:23:21 UTC] PHP Fatal error:  Call to a member function is_authenticated() on a non-object in /home/merakisan/public_html/shopping.merakisan.com/application/controllers/index.php on line 81
[15-Aug-2017 13:23:24 UTC] PHP Fatal error:  Call to a member function is_authenticated() on a non-object in /home/merakisan/public_html/shopping.merakisan.com/application/controllers/index.php on line 81
[15-Aug-2017 13:30:36 UTC] PHP Fatal error:  Call to a member function is_authenticated() on a non-object in /home/merakisan/public_html/shopping.merakisan.com/application/controllers/index.php on line 81
[15-Aug-2017 13:34:01 UTC] PHP Fatal error:  Call to a member function is_authenticated() on a non-object in /home/merakisan/public_html/shopping.merakisan.com/application/controllers/index.php on line 81
[15-Aug-2017 15:18:54 UTC] PHP Fatal error:  Call to a member function getValue() on a non-object in /home/merakisan/public_html/shopping.merakisan.com/application/controllers/index.php on line 130
[15-Aug-2017 15:21:58 UTC] PHP Fatal error:  Call to undefined method Index::get_access_token() in /home/merakisan/public_html/shopping.merakisan.com/application/controllers/index.php on line 132
[15-Aug-2017 15:25:57 UTC] PHP Fatal error:  Call to undefined method Index::get_access_token() in /home/merakisan/public_html/shopping.merakisan.com/application/controllers/index.php on line 144
[15-Aug-2017 15:27:08 UTC] PHP Fatal error:  Call to undefined method Index::get_access_token() in /home/merakisan/public_html/shopping.merakisan.com/application/controllers/index.php on line 144
[15-Aug-2017 15:28:02 UTC] PHP Fatal error:  Call to undefined method Index::get_access_token() in /home/merakisan/public_html/shopping.merakisan.com/application/controllers/index.php on line 144
[15-Aug-2017 16:00:45 UTC] PHP Fatal error:  Cannot re-assign $this in /home/merakisan/public_html/shopping.merakisan.com/application/libraries/Facebook.php on line 112
[15-Aug-2017 16:00:46 UTC] PHP Fatal error:  Cannot re-assign $this in /home/merakisan/public_html/shopping.merakisan.com/application/libraries/Facebook.php on line 112
[15-Aug-2017 16:00:51 UTC] PHP Parse error:  syntax error, unexpected '$this' (T_VARIABLE) in /home/merakisan/public_html/shopping.merakisan.com/application/libraries/Facebook.php on line 112
[15-Aug-2017 16:00:55 UTC] PHP Parse error:  syntax error, unexpected '$this' (T_VARIABLE) in /home/merakisan/public_html/shopping.merakisan.com/application/libraries/Facebook.php on line 112
[15-Aug-2017 16:00:55 UTC] PHP Parse error:  syntax error, unexpected '$this' (T_VARIABLE) in /home/merakisan/public_html/shopping.merakisan.com/application/libraries/Facebook.php on line 112
[15-Aug-2017 16:01:00 UTC] PHP Parse error:  syntax error, unexpected '$this' (T_VARIABLE) in /home/merakisan/public_html/shopping.merakisan.com/application/libraries/Facebook.php on line 112
[15-Aug-2017 16:01:03 UTC] PHP Parse error:  syntax error, unexpected '$this' (T_VARIABLE) in /home/merakisan/public_html/shopping.merakisan.com/application/libraries/Facebook.php on line 112
[15-Aug-2017 16:01:06 UTC] PHP Parse error:  syntax error, unexpected '$this' (T_VARIABLE) in /home/merakisan/public_html/shopping.merakisan.com/application/libraries/Facebook.php on line 112
[15-Aug-2017 16:01:09 UTC] PHP Parse error:  syntax error, unexpected '$this' (T_VARIABLE) in /home/merakisan/public_html/shopping.merakisan.com/application/libraries/Facebook.php on line 112
[15-Aug-2017 16:01:12 UTC] PHP Parse error:  syntax error, unexpected '$this' (T_VARIABLE) in /home/merakisan/public_html/shopping.merakisan.com/application/libraries/Facebook.php on line 112
[15-Aug-2017 16:01:13 UTC] PHP Parse error:  syntax error, unexpected '$this' (T_VARIABLE) in /home/merakisan/public_html/shopping.merakisan.com/application/libraries/Facebook.php on line 112
[15-Aug-2017 16:01:14 UTC] PHP Parse error:  syntax error, unexpected '$this' (T_VARIABLE) in /home/merakisan/public_html/shopping.merakisan.com/application/libraries/Facebook.php on line 112
[15-Aug-2017 16:01:14 UTC] PHP Parse error:  syntax error, unexpected '$this' (T_VARIABLE) in /home/merakisan/public_html/shopping.merakisan.com/application/libraries/Facebook.php on line 112
[15-Aug-2017 16:01:15 UTC] PHP Parse error:  syntax error, unexpected '$this' (T_VARIABLE) in /home/merakisan/public_html/shopping.merakisan.com/application/libraries/Facebook.php on line 112
[15-Aug-2017 16:01:16 UTC] PHP Parse error:  syntax error, unexpected '$this' (T_VARIABLE) in /home/merakisan/public_html/shopping.merakisan.com/application/libraries/Facebook.php on line 112
[15-Aug-2017 16:01:16 UTC] PHP Parse error:  syntax error, unexpected '$this' (T_VARIABLE) in /home/merakisan/public_html/shopping.merakisan.com/application/libraries/Facebook.php on line 112
[15-Aug-2017 16:01:17 UTC] PHP Parse error:  syntax error, unexpected '$this' (T_VARIABLE) in /home/merakisan/public_html/shopping.merakisan.com/application/libraries/Facebook.php on line 112
[15-Aug-2017 16:34:35 UTC] PHP Fatal error:  Class 'Register_model' not found in /home/merakisan/public_html/shopping.merakisan.com/system/core/Loader.php on line 303
[15-Aug-2017 17:20:11 UTC] PHP Fatal error:  Class 'Register_model' not found in /home/merakisan/public_html/shopping.merakisan.com/system/core/Loader.php on line 303
[15-Aug-2017 17:22:23 UTC] PHP Fatal error:  Class 'Register_model' not found in /home/merakisan/public_html/shopping.merakisan.com/system/core/Loader.php on line 303
[15-Aug-2017 17:23:11 UTC] PHP Fatal error:  Class 'Register_model' not found in /home/merakisan/public_html/shopping.merakisan.com/system/core/Loader.php on line 303
[16-Aug-2017 15:15:08 UTC] PHP Fatal error:  Call to undefined method CI_Loader::query() in /home/merakisan/public_html/shopping.merakisan.com/application/views/pay.php on line 75
[16-Aug-2017 15:15:10 UTC] PHP Fatal error:  Call to undefined method CI_Loader::query() in /home/merakisan/public_html/shopping.merakisan.com/application/views/pay.php on line 75
[16-Aug-2017 15:15:13 UTC] PHP Fatal error:  Call to undefined method CI_Loader::query() in /home/merakisan/public_html/shopping.merakisan.com/application/views/pay.php on line 75
[16-Aug-2017 15:15:15 UTC] PHP Fatal error:  Call to undefined method CI_Loader::query() in /home/merakisan/public_html/shopping.merakisan.com/application/views/pay.php on line 75
[16-Aug-2017 15:15:45 UTC] PHP Fatal error:  Call to undefined method CI_Loader::query() in /home/merakisan/public_html/shopping.merakisan.com/application/views/pay.php on line 75
[16-Aug-2017 15:15:47 UTC] PHP Fatal error:  Call to undefined method CI_Loader::query() in /home/merakisan/public_html/shopping.merakisan.com/application/views/pay.php on line 75
[16-Aug-2017 15:17:20 UTC] PHP Fatal error:  Call to undefined method CI_Loader::query() in /home/merakisan/public_html/shopping.merakisan.com/application/views/pay.php on line 76
[16-Aug-2017 15:17:22 UTC] PHP Fatal error:  Call to undefined method CI_Loader::query() in /home/merakisan/public_html/shopping.merakisan.com/application/views/pay.php on line 76
[16-Aug-2017 15:17:24 UTC] PHP Fatal error:  Call to undefined method CI_Loader::query() in /home/merakisan/public_html/shopping.merakisan.com/application/views/pay.php on line 76
[16-Aug-2017 15:17:30 UTC] PHP Fatal error:  Call to undefined method CI_Loader::query() in /home/merakisan/public_html/shopping.merakisan.com/application/views/pay.php on line 76
[16-Aug-2017 15:45:48 UTC] PHP Fatal error:  Cannot redeclare Register_model::getcity() in /home/merakisan/public_html/shopping.merakisan.com/application/models/register_model.php on line 148
[16-Aug-2017 15:47:22 UTC] PHP Fatal error:  Cannot redeclare Register_model::getcity() in /home/merakisan/public_html/shopping.merakisan.com/application/models/register_model.php on line 148
[16-Aug-2017 15:47:25 UTC] PHP Fatal error:  Cannot redeclare Register_model::getcity() in /home/merakisan/public_html/shopping.merakisan.com/application/models/register_model.php on line 148
[17-Aug-2017 16:26:05 UTC] PHP Parse error:  syntax error, unexpected end of file in /home/merakisan/public_html/shopping.merakisan.com/application/views/common/header.php on line 212
[17-Aug-2017 16:36:11 UTC] PHP Parse error:  syntax error, unexpected end of file in /home/merakisan/public_html/shopping.merakisan.com/application/views/common/header.php on line 212
[17-Aug-2017 18:26:45 UTC] PHP Parse error:  syntax error, unexpected ''c' (T_ENCAPSED_AND_WHITESPACE) in /home/merakisan/public_html/shopping.merakisan.com/application/controllers/index.php on line 269
[17-Aug-2017 18:31:13 UTC] PHP Parse error:  syntax error, unexpected 'redirect' (T_STRING) in /home/merakisan/public_html/shopping.merakisan.com/application/controllers/index.php on line 186
[17-Aug-2017 18:31:16 UTC] PHP Parse error:  syntax error, unexpected 'redirect' (T_STRING) in /home/merakisan/public_html/shopping.merakisan.com/application/controllers/index.php on line 186
[17-Aug-2017 18:31:17 UTC] PHP Parse error:  syntax error, unexpected 'redirect' (T_STRING) in /home/merakisan/public_html/shopping.merakisan.com/application/controllers/index.php on line 186
[17-Aug-2017 18:31:23 UTC] PHP Parse error:  syntax error, unexpected 'redirect' (T_STRING) in /home/merakisan/public_html/shopping.merakisan.com/application/controllers/index.php on line 186
[17-Aug-2017 18:31:29 UTC] PHP Parse error:  syntax error, unexpected 'redirect' (T_STRING) in /home/merakisan/public_html/shopping.merakisan.com/application/controllers/index.php on line 186
[17-Aug-2017 18:31:32 UTC] PHP Parse error:  syntax error, unexpected 'redirect' (T_STRING) in /home/merakisan/public_html/shopping.merakisan.com/application/controllers/index.php on line 186
[17-Aug-2017 18:31:55 UTC] PHP Parse error:  syntax error, unexpected 'redirect' (T_STRING) in /home/merakisan/public_html/shopping.merakisan.com/application/controllers/index.php on line 186
[17-Aug-2017 18:34:36 UTC] PHP Parse error:  syntax error, unexpected end of file in /home/merakisan/public_html/shopping.merakisan.com/application/controllers/index.php on line 270
[17-Aug-2017 19:14:47 UTC] PHP Parse error:  syntax error, unexpected '$data' (T_VARIABLE) in /home/merakisan/public_html/shopping.merakisan.com/application/controllers/index.php on line 32
[17-Aug-2017 19:14:48 UTC] PHP Parse error:  syntax error, unexpected '$data' (T_VARIABLE) in /home/merakisan/public_html/shopping.merakisan.com/application/controllers/index.php on line 32
[17-Aug-2017 19:14:49 UTC] PHP Parse error:  syntax error, unexpected '$data' (T_VARIABLE) in /home/merakisan/public_html/shopping.merakisan.com/application/controllers/index.php on line 32
[17-Aug-2017 19:14:50 UTC] PHP Parse error:  syntax error, unexpected '$data' (T_VARIABLE) in /home/merakisan/public_html/shopping.merakisan.com/application/controllers/index.php on line 32
[17-Aug-2017 19:14:51 UTC] PHP Parse error:  syntax error, unexpected '$data' (T_VARIABLE) in /home/merakisan/public_html/shopping.merakisan.com/application/controllers/index.php on line 32
[17-Aug-2017 19:15:11 UTC] PHP Parse error:  syntax error, unexpected end of file, expecting variable (T_VARIABLE) or '$' in /home/merakisan/public_html/shopping.merakisan.com/application/controllers/index.php on line 257
[17-Aug-2017 19:20:19 UTC] PHP Parse error:  syntax error, unexpected '(', expecting identifier (T_STRING) or variable (T_VARIABLE) or '{' or '$' in /home/merakisan/public_html/shopping.merakisan.com/application/controllers/index.php on line 55
[17-Aug-2017 19:20:21 UTC] PHP Parse error:  syntax error, unexpected '(', expecting identifier (T_STRING) or variable (T_VARIABLE) or '{' or '$' in /home/merakisan/public_html/shopping.merakisan.com/application/controllers/index.php on line 55
[17-Aug-2017 19:20:23 UTC] PHP Parse error:  syntax error, unexpected '(', expecting identifier (T_STRING) or variable (T_VARIABLE) or '{' or '$' in /home/merakisan/public_html/shopping.merakisan.com/application/controllers/index.php on line 55
[17-Aug-2017 19:20:26 UTC] PHP Parse error:  syntax error, unexpected '(', expecting identifier (T_STRING) or variable (T_VARIABLE) or '{' or '$' in /home/merakisan/public_html/shopping.merakisan.com/application/controllers/index.php on line 55
[17-Aug-2017 19:20:42 UTC] PHP Parse error:  syntax error, unexpected '(', expecting identifier (T_STRING) or variable (T_VARIABLE) or '{' or '$' in /home/merakisan/public_html/shopping.merakisan.com/application/controllers/index.php on line 55
[17-Aug-2017 19:20:44 UTC] PHP Parse error:  syntax error, unexpected '(', expecting identifier (T_STRING) or variable (T_VARIABLE) or '{' or '$' in /home/merakisan/public_html/shopping.merakisan.com/application/controllers/index.php on line 55
[17-Aug-2017 19:21:33 UTC] PHP Parse error:  syntax error, unexpected end of file in /home/merakisan/public_html/shopping.merakisan.com/application/controllers/index.php on line 86
[17-Aug-2017 19:22:33 UTC] PHP Parse error:  syntax error, unexpected end of file in /home/merakisan/public_html/shopping.merakisan.com/application/controllers/index.php on line 255
[17-Aug-2017 19:25:59 UTC] PHP Parse error:  syntax error, unexpected end of file in /home/merakisan/public_html/shopping.merakisan.com/application/views/index.php on line 94
[17-Aug-2017 19:25:59 UTC] PHP Parse error:  syntax error, unexpected end of file in /home/merakisan/public_html/shopping.merakisan.com/application/views/index.php on line 94
[17-Aug-2017 19:32:36 UTC] PHP Fatal error:  Class 'Register_model' not found in /home/merakisan/public_html/shopping.merakisan.com/system/core/Loader.php on line 303
[17-Aug-2017 20:45:43 UTC] PHP Parse error:  syntax error, unexpected ''<body style="margin:0px;">' (T_ENCAPSED_AND_WHITESPACE) in /home/merakisan/public_html/shopping.merakisan.com/application/models/register_model.php on line 48
[18-Aug-2017 15:22:41 UTC] PHP Fatal error:  Class 'Product_model' not found in /home/merakisan/public_html/shopping.merakisan.com/system/core/Loader.php on line 303
[18-Aug-2017 20:51:46 UTC] PHP Parse error:  syntax error, unexpected ''<div class="modal-header">' (T_ENCAPSED_AND_WHITESPACE) in /home/merakisan/public_html/shopping.merakisan.com/application/models/product_model.php on line 85
[18-Aug-2017 22:31:40 UTC] PHP Parse error:  syntax error, unexpected ''<br>' (T_ENCAPSED_AND_WHITESPACE) in /home/merakisan/public_html/shopping.merakisan.com/application/models/register_model.php on line 36
[19-Aug-2017 20:07:42 UTC] PHP Parse error:  syntax error, unexpected ''' (T_ENCAPSED_AND_WHITESPACE) in /home/merakisan/public_html/shopping.merakisan.com/application/models/register_model.php on line 184
[20-Aug-2017 12:07:14 UTC] PHP Parse error:  syntax error, unexpected end of file in /home/merakisan/public_html/shopping.merakisan.com/application/views/common/header.php on line 224
[20-Aug-2017 13:18:15 UTC] PHP Fatal error:  Cannot use isset() on the result of a function call (you can use "null !== func()" instead) in /home/merakisan/public_html/shopping.merakisan.com/application/views/contactus.php on line 16
[20-Aug-2017 13:18:49 UTC] PHP Fatal error:  Cannot use isset() on the result of a function call (you can use "null !== func()" instead) in /home/merakisan/public_html/shopping.merakisan.com/application/views/contactus.php on line 16
[20-Aug-2017 13:26:09 UTC] PHP Parse error:  syntax error, unexpected '$data' (T_VARIABLE) in /home/merakisan/public_html/shopping.merakisan.com/application/controllers/index.php on line 174
[20-Aug-2017 13:26:14 UTC] PHP Parse error:  syntax error, unexpected '$data' (T_VARIABLE) in /home/merakisan/public_html/shopping.merakisan.com/application/controllers/index.php on line 174
[20-Aug-2017 13:26:42 UTC] PHP Parse error:  syntax error, unexpected '$data' (T_VARIABLE) in /home/merakisan/public_html/shopping.merakisan.com/application/controllers/index.php on line 174
[20-Aug-2017 13:26:57 UTC] PHP Parse error:  syntax error, unexpected '$data' (T_VARIABLE) in /home/merakisan/public_html/shopping.merakisan.com/application/controllers/index.php on line 174
[20-Aug-2017 13:27:01 UTC] PHP Parse error:  syntax error, unexpected '$data' (T_VARIABLE) in /home/merakisan/public_html/shopping.merakisan.com/application/controllers/index.php on line 174
[20-Aug-2017 13:27:01 UTC] PHP Parse error:  syntax error, unexpected '$data' (T_VARIABLE) in /home/merakisan/public_html/shopping.merakisan.com/application/controllers/index.php on line 174
[20-Aug-2017 13:28:28 UTC] PHP Parse error:  syntax error, unexpected '$data' (T_VARIABLE) in /home/merakisan/public_html/shopping.merakisan.com/application/controllers/index.php on line 174
[20-Aug-2017 13:28:31 UTC] PHP Parse error:  syntax error, unexpected '$data' (T_VARIABLE) in /home/merakisan/public_html/shopping.merakisan.com/application/controllers/index.php on line 174
[20-Aug-2017 13:28:32 UTC] PHP Parse error:  syntax error, unexpected '$data' (T_VARIABLE) in /home/merakisan/public_html/shopping.merakisan.com/application/controllers/index.php on line 174
[20-Aug-2017 13:28:32 UTC] PHP Parse error:  syntax error, unexpected '$data' (T_VARIABLE) in /home/merakisan/public_html/shopping.merakisan.com/application/controllers/index.php on line 174
[20-Aug-2017 13:29:58 UTC] PHP Parse error:  syntax error, unexpected '$data' (T_VARIABLE) in /home/merakisan/public_html/shopping.merakisan.com/application/controllers/index.php on line 174
[20-Aug-2017 13:30:09 UTC] PHP Parse error:  syntax error, unexpected '$data' (T_VARIABLE) in /home/merakisan/public_html/shopping.merakisan.com/application/controllers/index.php on line 174
[20-Aug-2017 13:30:19 UTC] PHP Parse error:  syntax error, unexpected '$data' (T_VARIABLE) in /home/merakisan/public_html/shopping.merakisan.com/application/controllers/index.php on line 174
[20-Aug-2017 13:30:20 UTC] PHP Parse error:  syntax error, unexpected '$data' (T_VARIABLE) in /home/merakisan/public_html/shopping.merakisan.com/application/controllers/index.php on line 174
[20-Aug-2017 13:30:22 UTC] PHP Parse error:  syntax error, unexpected '$data' (T_VARIABLE) in /home/merakisan/public_html/shopping.merakisan.com/application/controllers/index.php on line 174
[20-Aug-2017 13:30:27 UTC] PHP Parse error:  syntax error, unexpected '$data' (T_VARIABLE) in /home/merakisan/public_html/shopping.merakisan.com/application/controllers/index.php on line 174
[20-Aug-2017 13:34:18 UTC] PHP Fatal error:  Cannot use isset() on the result of a function call (you can use "null !== func()" instead) in /home/merakisan/public_html/shopping.merakisan.com/application/views/contactus.php on line 16
[20-Aug-2017 13:43:03 UTC] PHP Fatal error:  Cannot use isset() on the result of a function call (you can use "null !== func()" instead) in /home/merakisan/public_html/shopping.merakisan.com/application/views/contactus.php on line 16
[20-Aug-2017 13:43:04 UTC] PHP Fatal error:  Cannot use isset() on the result of a function call (you can use "null !== func()" instead) in /home/merakisan/public_html/shopping.merakisan.com/application/views/contactus.php on line 16
[20-Aug-2017 13:43:14 UTC] PHP Fatal error:  Cannot use isset() on the result of a function call (you can use "null !== func()" instead) in /home/merakisan/public_html/shopping.merakisan.com/application/views/contactus.php on line 16
[20-Aug-2017 13:43:19 UTC] PHP Fatal error:  Cannot use isset() on the result of a function call (you can use "null !== func()" instead) in /home/merakisan/public_html/shopping.merakisan.com/application/views/contactus.php on line 16
[20-Aug-2017 13:43:20 UTC] PHP Fatal error:  Cannot use isset() on the result of a function call (you can use "null !== func()" instead) in /home/merakisan/public_html/shopping.merakisan.com/application/views/contactus.php on line 16
[20-Aug-2017 13:43:23 UTC] PHP Fatal error:  Cannot use isset() on the result of a function call (you can use "null !== func()" instead) in /home/merakisan/public_html/shopping.merakisan.com/application/views/contactus.php on line 16
[20-Aug-2017 13:43:25 UTC] PHP Fatal error:  Cannot use isset() on the result of a function call (you can use "null !== func()" instead) in /home/merakisan/public_html/shopping.merakisan.com/application/views/contactus.php on line 16
[20-Aug-2017 13:43:29 UTC] PHP Fatal error:  Cannot use isset() on the result of a function call (you can use "null !== func()" instead) in /home/merakisan/public_html/shopping.merakisan.com/application/views/contactus.php on line 16
[20-Aug-2017 13:43:47 UTC] PHP Fatal error:  Cannot use isset() on the result of a function call (you can use "null !== func()" instead) in /home/merakisan/public_html/shopping.merakisan.com/application/views/contactus.php on line 16
[20-Aug-2017 14:06:39 UTC] PHP Fatal error:  Class 'Register_model' not found in /home/merakisan/public_html/shopping.merakisan.com/system/core/Loader.php on line 303
[20-Aug-2017 14:06:40 UTC] PHP Parse error:  syntax error, unexpected ''' (T_ENCAPSED_AND_WHITESPACE) in /home/merakisan/public_html/shopping.merakisan.com/application/models/register_model.php on line 190
[20-Aug-2017 14:06:40 UTC] PHP Parse error:  syntax error, unexpected ''' (T_ENCAPSED_AND_WHITESPACE) in /home/merakisan/public_html/shopping.merakisan.com/application/models/register_model.php on line 190
[20-Aug-2017 14:06:40 UTC] PHP Parse error:  syntax error, unexpected ''' (T_ENCAPSED_AND_WHITESPACE) in /home/merakisan/public_html/shopping.merakisan.com/application/models/register_model.php on line 190
[21-Aug-2017 00:53:46 UTC] PHP Parse error:  syntax error, unexpected end of file in /home/merakisan/public_html/shopping.merakisan.com/application/controllers/index.php on line 82
[21-Aug-2017 01:14:02 UTC] PHP Parse error:  syntax error, unexpected ';' in /home/merakisan/public_html/shopping.merakisan.com/application/views/paywitheasebuzz-php-lib-master/index.php on line 50
[21-Aug-2017 01:14:17 UTC] PHP Parse error:  syntax error, unexpected ';' in /home/merakisan/public_html/shopping.merakisan.com/application/views/paywitheasebuzz-php-lib-master/index.php on line 50
[21-Aug-2017 01:54:49 UTC] PHP Parse error:  syntax error, unexpected end of file in /home/merakisan/public_html/shopping.merakisan.com/application/controllers/index.php on line 82
[21-Aug-2017 15:00:59 UTC] PHP Parse error:  syntax error, unexpected end of file in /home/merakisan/public_html/shopping.merakisan.com/application/views/index.php on line 199
[21-Aug-2017 15:20:29 UTC] PHP Parse error:  syntax error, unexpected end of file in /home/merakisan/public_html/shopping.merakisan.com/application/views/common/header.php on line 222
[21-Aug-2017 15:35:37 UTC] PHP Parse error:  syntax error, unexpected end of file in /home/merakisan/public_html/shopping.merakisan.com/application/controllers/index.php on line 151
[21-Aug-2017 15:35:46 UTC] PHP Parse error:  syntax error, unexpected end of file in /home/merakisan/public_html/shopping.merakisan.com/application/controllers/index.php on line 151
[21-Aug-2017 15:35:47 UTC] PHP Parse error:  syntax error, unexpected end of file in /home/merakisan/public_html/shopping.merakisan.com/application/controllers/index.php on line 151
[21-Aug-2017 15:35:49 UTC] PHP Parse error:  syntax error, unexpected end of file in /home/merakisan/public_html/shopping.merakisan.com/application/controllers/index.php on line 151
[21-Aug-2017 15:35:50 UTC] PHP Parse error:  syntax error, unexpected end of file in /home/merakisan/public_html/shopping.merakisan.com/application/controllers/index.php on line 151
[21-Aug-2017 15:35:51 UTC] PHP Parse error:  syntax error, unexpected end of file in /home/merakisan/public_html/shopping.merakisan.com/application/controllers/index.php on line 151
[21-Aug-2017 15:35:52 UTC] PHP Parse error:  syntax error, unexpected end of file in /home/merakisan/public_html/shopping.merakisan.com/application/controllers/index.php on line 151
[21-Aug-2017 15:35:52 UTC] PHP Parse error:  syntax error, unexpected end of file in /home/merakisan/public_html/shopping.merakisan.com/application/controllers/index.php on line 151
[21-Aug-2017 15:35:53 UTC] PHP Parse error:  syntax error, unexpected end of file in /home/merakisan/public_html/shopping.merakisan.com/application/controllers/index.php on line 151
[21-Aug-2017 15:35:54 UTC] PHP Parse error:  syntax error, unexpected end of file in /home/merakisan/public_html/shopping.merakisan.com/application/controllers/index.php on line 151
[21-Aug-2017 15:35:55 UTC] PHP Parse error:  syntax error, unexpected end of file in /home/merakisan/public_html/shopping.merakisan.com/application/controllers/index.php on line 151
[21-Aug-2017 15:35:56 UTC] PHP Parse error:  syntax error, unexpected end of file in /home/merakisan/public_html/shopping.merakisan.com/application/controllers/index.php on line 151
[21-Aug-2017 15:36:03 UTC] PHP Parse error:  syntax error, unexpected end of file in /home/merakisan/public_html/shopping.merakisan.com/application/controllers/index.php on line 151
[21-Aug-2017 15:36:08 UTC] PHP Parse error:  syntax error, unexpected end of file in /home/merakisan/public_html/shopping.merakisan.com/application/controllers/index.php on line 151
[21-Aug-2017 15:36:51 UTC] PHP Parse error:  syntax error, unexpected end of file in /home/merakisan/public_html/shopping.merakisan.com/application/controllers/index.php on line 151
[21-Aug-2017 15:38:02 UTC] PHP Parse error:  syntax error, unexpected end of file in /home/merakisan/public_html/shopping.merakisan.com/application/controllers/index.php on line 151
[21-Aug-2017 15:38:05 UTC] PHP Parse error:  syntax error, unexpected end of file in /home/merakisan/public_html/shopping.merakisan.com/application/controllers/index.php on line 151
[21-Aug-2017 15:38:08 UTC] PHP Parse error:  syntax error, unexpected end of file in /home/merakisan/public_html/shopping.merakisan.com/application/controllers/index.php on line 151
[21-Aug-2017 15:38:11 UTC] PHP Parse error:  syntax error, unexpected end of file in /home/merakisan/public_html/shopping.merakisan.com/application/controllers/index.php on line 151
[21-Aug-2017 15:38:12 UTC] PHP Parse error:  syntax error, unexpected end of file in /home/merakisan/public_html/shopping.merakisan.com/application/controllers/index.php on line 151
[21-Aug-2017 15:38:33 UTC] PHP Parse error:  syntax error, unexpected end of file in /home/merakisan/public_html/shopping.merakisan.com/application/controllers/index.php on line 151
[21-Aug-2017 15:40:46 UTC] PHP Parse error:  syntax error, unexpected end of file in /home/merakisan/public_html/shopping.merakisan.com/application/controllers/index.php on line 151
[21-Aug-2017 15:40:48 UTC] PHP Parse error:  syntax error, unexpected end of file in /home/merakisan/public_html/shopping.merakisan.com/application/controllers/index.php on line 151
[21-Aug-2017 15:41:02 UTC] PHP Parse error:  syntax error, unexpected end of file in /home/merakisan/public_html/shopping.merakisan.com/application/controllers/index.php on line 151
[21-Aug-2017 15:41:13 UTC] PHP Parse error:  syntax error, unexpected end of file in /home/merakisan/public_html/shopping.merakisan.com/application/controllers/index.php on line 151
[21-Aug-2017 15:41:52 UTC] PHP Parse error:  syntax error, unexpected end of file in /home/merakisan/public_html/shopping.merakisan.com/application/controllers/index.php on line 151
[21-Aug-2017 15:43:34 UTC] PHP Parse error:  syntax error, unexpected end of file in /home/merakisan/public_html/shopping.merakisan.com/application/controllers/index.php on line 151
[21-Aug-2017 15:43:37 UTC] PHP Parse error:  syntax error, unexpected end of file in /home/merakisan/public_html/shopping.merakisan.com/application/controllers/index.php on line 151
[21-Aug-2017 15:43:55 UTC] PHP Parse error:  syntax error, unexpected end of file in /home/merakisan/public_html/shopping.merakisan.com/application/controllers/index.php on line 151
[21-Aug-2017 15:43:58 UTC] PHP Parse error:  syntax error, unexpected end of file in /home/merakisan/public_html/shopping.merakisan.com/application/controllers/index.php on line 151
[21-Aug-2017 15:45:06 UTC] PHP Parse error:  syntax error, unexpected end of file in /home/merakisan/public_html/shopping.merakisan.com/application/controllers/index.php on line 151
[21-Aug-2017 15:45:08 UTC] PHP Parse error:  syntax error, unexpected end of file in /home/merakisan/public_html/shopping.merakisan.com/application/controllers/index.php on line 151
[21-Aug-2017 15:45:20 UTC] PHP Parse error:  syntax error, unexpected end of file in /home/merakisan/public_html/shopping.merakisan.com/application/controllers/index.php on line 151
[21-Aug-2017 15:45:22 UTC] PHP Parse error:  syntax error, unexpected end of file in /home/merakisan/public_html/shopping.merakisan.com/application/controllers/index.php on line 151
[21-Aug-2017 15:45:25 UTC] PHP Parse error:  syntax error, unexpected end of file in /home/merakisan/public_html/shopping.merakisan.com/application/controllers/index.php on line 151
[21-Aug-2017 15:45:27 UTC] PHP Parse error:  syntax error, unexpected end of file in /home/merakisan/public_html/shopping.merakisan.com/application/controllers/index.php on line 151
[21-Aug-2017 15:45:29 UTC] PHP Parse error:  syntax error, unexpected end of file in /home/merakisan/public_html/shopping.merakisan.com/application/controllers/index.php on line 151
[21-Aug-2017 15:46:24 UTC] PHP Parse error:  syntax error, unexpected end of file in /home/merakisan/public_html/shopping.merakisan.com/application/controllers/index.php on line 151
[21-Aug-2017 15:46:29 UTC] PHP Parse error:  syntax error, unexpected end of file in /home/merakisan/public_html/shopping.merakisan.com/application/controllers/index.php on line 151
[21-Aug-2017 15:46:53 UTC] PHP Parse error:  syntax error, unexpected end of file in /home/merakisan/public_html/shopping.merakisan.com/application/controllers/index.php on line 151
[21-Aug-2017 15:46:54 UTC] PHP Parse error:  syntax error, unexpected end of file in /home/merakisan/public_html/shopping.merakisan.com/application/controllers/index.php on line 151
[21-Aug-2017 15:46:57 UTC] PHP Parse error:  syntax error, unexpected end of file in /home/merakisan/public_html/shopping.merakisan.com/application/controllers/index.php on line 151
[21-Aug-2017 15:46:58 UTC] PHP Parse error:  syntax error, unexpected end of file in /home/merakisan/public_html/shopping.merakisan.com/application/controllers/index.php on line 151
[21-Aug-2017 15:46:59 UTC] PHP Parse error:  syntax error, unexpected end of file in /home/merakisan/public_html/shopping.merakisan.com/application/controllers/index.php on line 151
[21-Aug-2017 15:47:19 UTC] PHP Parse error:  syntax error, unexpected end of file in /home/merakisan/public_html/shopping.merakisan.com/application/controllers/index.php on line 151
[21-Aug-2017 15:47:21 UTC] PHP Parse error:  syntax error, unexpected end of file in /home/merakisan/public_html/shopping.merakisan.com/application/controllers/index.php on line 151
[21-Aug-2017 15:47:33 UTC] PHP Parse error:  syntax error, unexpected end of file in /home/merakisan/public_html/shopping.merakisan.com/application/controllers/index.php on line 151
[21-Aug-2017 15:48:13 UTC] PHP Parse error:  syntax error, unexpected end of file in /home/merakisan/public_html/shopping.merakisan.com/application/controllers/index.php on line 151
[21-Aug-2017 15:48:34 UTC] PHP Parse error:  syntax error, unexpected end of file in /home/merakisan/public_html/shopping.merakisan.com/application/controllers/index.php on line 151
[21-Aug-2017 15:49:04 UTC] PHP Parse error:  syntax error, unexpected end of file in /home/merakisan/public_html/shopping.merakisan.com/application/controllers/index.php on line 151
[21-Aug-2017 15:49:06 UTC] PHP Parse error:  syntax error, unexpected end of file in /home/merakisan/public_html/shopping.merakisan.com/application/controllers/index.php on line 151
[21-Aug-2017 15:49:36 UTC] PHP Parse error:  syntax error, unexpected end of file in /home/merakisan/public_html/shopping.merakisan.com/application/controllers/index.php on line 151
[21-Aug-2017 15:49:40 UTC] PHP Parse error:  syntax error, unexpected end of file in /home/merakisan/public_html/shopping.merakisan.com/application/controllers/index.php on line 151
[21-Aug-2017 15:49:53 UTC] PHP Parse error:  syntax error, unexpected end of file in /home/merakisan/public_html/shopping.merakisan.com/application/controllers/index.php on line 151
[21-Aug-2017 15:49:55 UTC] PHP Parse error:  syntax error, unexpected end of file in /home/merakisan/public_html/shopping.merakisan.com/application/controllers/index.php on line 151
[21-Aug-2017 15:50:00 UTC] PHP Parse error:  syntax error, unexpected end of file in /home/merakisan/public_html/shopping.merakisan.com/application/controllers/index.php on line 151
[21-Aug-2017 15:52:41 UTC] PHP Parse error:  syntax error, unexpected end of file in /home/merakisan/public_html/shopping.merakisan.com/application/controllers/index.php on line 151
[21-Aug-2017 15:53:15 UTC] PHP Parse error:  syntax error, unexpected end of file in /home/merakisan/public_html/shopping.merakisan.com/application/controllers/index.php on line 151
[21-Aug-2017 15:54:21 UTC] PHP Parse error:  syntax error, unexpected end of file in /home/merakisan/public_html/shopping.merakisan.com/application/controllers/index.php on line 151
[21-Aug-2017 15:55:00 UTC] PHP Parse error:  syntax error, unexpected end of file in /home/merakisan/public_html/shopping.merakisan.com/application/controllers/index.php on line 151
[21-Aug-2017 15:55:03 UTC] PHP Parse error:  syntax error, unexpected end of file in /home/merakisan/public_html/shopping.merakisan.com/application/controllers/index.php on line 151
[21-Aug-2017 15:57:24 UTC] PHP Parse error:  syntax error, unexpected end of file in /home/merakisan/public_html/shopping.merakisan.com/application/controllers/index.php on line 151
[21-Aug-2017 15:57:44 UTC] PHP Parse error:  syntax error, unexpected end of file in /home/merakisan/public_html/shopping.merakisan.com/application/controllers/index.php on line 151
[21-Aug-2017 15:57:47 UTC] PHP Parse error:  syntax error, unexpected end of file in /home/merakisan/public_html/shopping.merakisan.com/application/controllers/index.php on line 151
[21-Aug-2017 15:57:58 UTC] PHP Parse error:  syntax error, unexpected end of file in /home/merakisan/public_html/shopping.merakisan.com/application/controllers/index.php on line 151
[21-Aug-2017 15:58:06 UTC] PHP Parse error:  syntax error, unexpected end of file in /home/merakisan/public_html/shopping.merakisan.com/application/controllers/index.php on line 151
[21-Aug-2017 15:59:46 UTC] PHP Parse error:  syntax error, unexpected end of file in /home/merakisan/public_html/shopping.merakisan.com/application/controllers/index.php on line 151
[21-Aug-2017 16:00:15 UTC] PHP Parse error:  syntax error, unexpected end of file in /home/merakisan/public_html/shopping.merakisan.com/application/controllers/index.php on line 151
[21-Aug-2017 16:00:18 UTC] PHP Parse error:  syntax error, unexpected end of file in /home/merakisan/public_html/shopping.merakisan.com/application/controllers/index.php on line 151
[21-Aug-2017 16:00:40 UTC] PHP Parse error:  syntax error, unexpected end of file in /home/merakisan/public_html/shopping.merakisan.com/application/controllers/index.php on line 151
[21-Aug-2017 16:00:52 UTC] PHP Parse error:  syntax error, unexpected end of file in /home/merakisan/public_html/shopping.merakisan.com/application/controllers/index.php on line 151
[21-Aug-2017 16:01:10 UTC] PHP Parse error:  syntax error, unexpected end of file in /home/merakisan/public_html/shopping.merakisan.com/application/controllers/index.php on line 151
[21-Aug-2017 16:01:18 UTC] PHP Parse error:  syntax error, unexpected end of file in /home/merakisan/public_html/shopping.merakisan.com/application/controllers/index.php on line 151
[21-Aug-2017 16:01:23 UTC] PHP Parse error:  syntax error, unexpected end of file in /home/merakisan/public_html/shopping.merakisan.com/application/controllers/index.php on line 151
[21-Aug-2017 16:02:56 UTC] PHP Parse error:  syntax error, unexpected end of file in /home/merakisan/public_html/shopping.merakisan.com/application/controllers/index.php on line 151
[21-Aug-2017 16:03:06 UTC] PHP Parse error:  syntax error, unexpected end of file in /home/merakisan/public_html/shopping.merakisan.com/application/controllers/index.php on line 151
[21-Aug-2017 16:04:55 UTC] PHP Parse error:  syntax error, unexpected end of file in /home/merakisan/public_html/shopping.merakisan.com/application/controllers/index.php on line 151
[21-Aug-2017 16:07:42 UTC] PHP Parse error:  syntax error, unexpected end of file in /home/merakisan/public_html/shopping.merakisan.com/application/controllers/index.php on line 151
[21-Aug-2017 16:08:10 UTC] PHP Parse error:  syntax error, unexpected end of file in /home/merakisan/public_html/shopping.merakisan.com/application/controllers/index.php on line 151
[21-Aug-2017 16:08:15 UTC] PHP Parse error:  syntax error, unexpected end of file in /home/merakisan/public_html/shopping.merakisan.com/application/controllers/index.php on line 151
[21-Aug-2017 16:08:17 UTC] PHP Parse error:  syntax error, unexpected end of file in /home/merakisan/public_html/shopping.merakisan.com/application/controllers/index.php on line 151
[21-Aug-2017 16:08:17 UTC] PHP Parse error:  syntax error, unexpected end of file in /home/merakisan/public_html/shopping.merakisan.com/application/controllers/index.php on line 151
[21-Aug-2017 16:08:18 UTC] PHP Parse error:  syntax error, unexpected end of file in /home/merakisan/public_html/shopping.merakisan.com/application/controllers/index.php on line 151
[21-Aug-2017 16:08:18 UTC] PHP Parse error:  syntax error, unexpected end of file in /home/merakisan/public_html/shopping.merakisan.com/application/controllers/index.php on line 151
[21-Aug-2017 16:08:18 UTC] PHP Parse error:  syntax error, unexpected end of file in /home/merakisan/public_html/shopping.merakisan.com/application/controllers/index.php on line 151
[21-Aug-2017 16:08:18 UTC] PHP Parse error:  syntax error, unexpected end of file in /home/merakisan/public_html/shopping.merakisan.com/application/controllers/index.php on line 151
[21-Aug-2017 16:08:18 UTC] PHP Parse error:  syntax error, unexpected end of file in /home/merakisan/public_html/shopping.merakisan.com/application/controllers/index.php on line 151
[21-Aug-2017 16:08:19 UTC] PHP Parse error:  syntax error, unexpected end of file in /home/merakisan/public_html/shopping.merakisan.com/application/controllers/index.php on line 151
[21-Aug-2017 16:08:20 UTC] PHP Parse error:  syntax error, unexpected end of file in /home/merakisan/public_html/shopping.merakisan.com/application/controllers/index.php on line 151
[21-Aug-2017 16:08:20 UTC] PHP Parse error:  syntax error, unexpected end of file in /home/merakisan/public_html/shopping.merakisan.com/application/controllers/index.php on line 151
[21-Aug-2017 16:08:20 UTC] PHP Parse error:  syntax error, unexpected end of file in /home/merakisan/public_html/shopping.merakisan.com/application/controllers/index.php on line 151
[21-Aug-2017 16:08:20 UTC] PHP Parse error:  syntax error, unexpected end of file in /home/merakisan/public_html/shopping.merakisan.com/application/controllers/index.php on line 151
[21-Aug-2017 16:08:21 UTC] PHP Parse error:  syntax error, unexpected end of file in /home/merakisan/public_html/shopping.merakisan.com/application/controllers/index.php on line 151
[21-Aug-2017 16:08:21 UTC] PHP Parse error:  syntax error, unexpected end of file in /home/merakisan/public_html/shopping.merakisan.com/application/controllers/index.php on line 151
[21-Aug-2017 16:08:23 UTC] PHP Parse error:  syntax error, unexpected end of file in /home/merakisan/public_html/shopping.merakisan.com/application/controllers/index.php on line 151
[21-Aug-2017 16:08:23 UTC] PHP Parse error:  syntax error, unexpected end of file in /home/merakisan/public_html/shopping.merakisan.com/application/controllers/index.php on line 151
[21-Aug-2017 16:08:31 UTC] PHP Parse error:  syntax error, unexpected end of file in /home/merakisan/public_html/shopping.merakisan.com/application/controllers/index.php on line 151
[21-Aug-2017 16:08:33 UTC] PHP Parse error:  syntax error, unexpected end of file in /home/merakisan/public_html/shopping.merakisan.com/application/controllers/index.php on line 151
[21-Aug-2017 16:08:34 UTC] PHP Parse error:  syntax error, unexpected end of file in /home/merakisan/public_html/shopping.merakisan.com/application/controllers/index.php on line 151
[21-Aug-2017 16:08:34 UTC] PHP Parse error:  syntax error, unexpected end of file in /home/merakisan/public_html/shopping.merakisan.com/application/controllers/index.php on line 151
[21-Aug-2017 16:08:36 UTC] PHP Parse error:  syntax error, unexpected end of file in /home/merakisan/public_html/shopping.merakisan.com/application/controllers/index.php on line 151
[21-Aug-2017 16:08:37 UTC] PHP Parse error:  syntax error, unexpected end of file in /home/merakisan/public_html/shopping.merakisan.com/application/controllers/index.php on line 151
[21-Aug-2017 16:08:38 UTC] PHP Parse error:  syntax error, unexpected end of file in /home/merakisan/public_html/shopping.merakisan.com/application/controllers/index.php on line 151
[21-Aug-2017 16:08:38 UTC] PHP Parse error:  syntax error, unexpected end of file in /home/merakisan/public_html/shopping.merakisan.com/application/controllers/index.php on line 151
[21-Aug-2017 16:08:41 UTC] PHP Parse error:  syntax error, unexpected end of file in /home/merakisan/public_html/shopping.merakisan.com/application/controllers/index.php on line 151
[21-Aug-2017 16:09:13 UTC] PHP Parse error:  syntax error, unexpected end of file in /home/merakisan/public_html/shopping.merakisan.com/application/controllers/index.php on line 151
[21-Aug-2017 16:09:15 UTC] PHP Parse error:  syntax error, unexpected end of file in /home/merakisan/public_html/shopping.merakisan.com/application/controllers/index.php on line 151
[21-Aug-2017 16:09:20 UTC] PHP Parse error:  syntax error, unexpected end of file in /home/merakisan/public_html/shopping.merakisan.com/application/controllers/index.php on line 151
[21-Aug-2017 16:09:24 UTC] PHP Parse error:  syntax error, unexpected end of file in /home/merakisan/public_html/shopping.merakisan.com/application/controllers/index.php on line 151
[21-Aug-2017 16:09:36 UTC] PHP Parse error:  syntax error, unexpected end of file in /home/merakisan/public_html/shopping.merakisan.com/application/controllers/index.php on line 151
[21-Aug-2017 17:08:11 UTC] PHP Parse error:  syntax error, unexpected end of file in /home/merakisan/public_html/shopping.merakisan.com/application/views/index.php on line 150
[21-Aug-2017 17:12:24 UTC] PHP Parse error:  syntax error, unexpected end of file in /home/merakisan/public_html/shopping.merakisan.com/application/views/index.php on line 152
[21-Aug-2017 17:20:05 UTC] PHP Parse error:  syntax error, unexpected end of file in /home/merakisan/public_html/shopping.merakisan.com/application/views/index.php on line 131
[21-Aug-2017 17:35:21 UTC] PHP Fatal error:  Class 'Product_model' not found in /home/merakisan/public_html/shopping.merakisan.com/system/core/Loader.php on line 303
[21-Aug-2017 17:35:24 UTC] PHP Parse error:  syntax error, unexpected ')' in /home/merakisan/public_html/shopping.merakisan.com/application/models/product_model.php on line 38
[21-Aug-2017 17:48:01 UTC] PHP Fatal error:  Class 'Product_model' not found in /home/merakisan/public_html/shopping.merakisan.com/system/core/Loader.php on line 303
[24-Aug-2017 09:15:08 UTC] PHP Parse error:  syntax error, unexpected end of file in /home/merakisan/public_html/shopping.merakisan.com/application/views/common/header.php on line 373
[24-Aug-2017 09:15:11 UTC] PHP Parse error:  syntax error, unexpected end of file in /home/merakisan/public_html/shopping.merakisan.com/application/views/common/header.php on line 373
[24-Aug-2017 09:15:13 UTC] PHP Parse error:  syntax error, unexpected end of file in /home/merakisan/public_html/shopping.merakisan.com/application/views/common/header.php on line 373
[24-Aug-2017 09:15:14 UTC] PHP Parse error:  syntax error, unexpected end of file in /home/merakisan/public_html/shopping.merakisan.com/application/views/common/header.php on line 373
[24-Aug-2017 09:15:18 UTC] PHP Parse error:  syntax error, unexpected end of file in /home/merakisan/public_html/shopping.merakisan.com/application/views/common/header.php on line 373
[24-Aug-2017 10:06:58 UTC] PHP Parse error:  syntax error, unexpected end of file in /home/merakisan/public_html/shopping.merakisan.com/application/views/common/header.php on line 375
[24-Aug-2017 10:07:02 UTC] PHP Parse error:  syntax error, unexpected end of file in /home/merakisan/public_html/shopping.merakisan.com/application/views/common/header.php on line 375
[24-Aug-2017 20:17:28 UTC] PHP Parse error:  syntax error, unexpected end of file in /home/merakisan/public_html/shopping.merakisan.com/application/views/common/header.php on line 321
[24-Aug-2017 20:17:38 UTC] PHP Parse error:  syntax error, unexpected end of file in /home/merakisan/public_html/shopping.merakisan.com/application/views/common/header.php on line 321
[25-Aug-2017 04:30:49 UTC] PHP Parse error:  syntax error, unexpected '->' (T_OBJECT_OPERATOR), expecting identifier (T_STRING) or variable (T_VARIABLE) or '{' or '$' in /home/merakisan/public_html/shopping.merakisan.com/application/views/single.php on line 12
[25-Aug-2017 04:30:55 UTC] PHP Parse error:  syntax error, unexpected '->' (T_OBJECT_OPERATOR), expecting identifier (T_STRING) or variable (T_VARIABLE) or '{' or '$' in /home/merakisan/public_html/shopping.merakisan.com/application/views/single.php on line 12
[28-Aug-2017 10:38:01 UTC] PHP Parse error:  syntax error, unexpected '}' in /home/merakisan/public_html/shopping.merakisan.com/application/views/findus.php on line 39
[28-Aug-2017 10:38:11 UTC] PHP Parse error:  syntax error, unexpected '}' in /home/merakisan/public_html/shopping.merakisan.com/application/views/findus.php on line 39
[28-Aug-2017 10:39:02 UTC] PHP Parse error:  syntax error, unexpected '}' in /home/merakisan/public_html/shopping.merakisan.com/application/views/findus.php on line 39
[28-Aug-2017 12:06:34 UTC] PHP Fatal error:  Cannot redeclare product_model::searchproduct() in /home/merakisan/public_html/shopping.merakisan.com/application/models/product_model.php on line 123
[28-Aug-2017 12:09:23 UTC] PHP Fatal error:  Cannot redeclare product_model::searchproduct() in /home/merakisan/public_html/shopping.merakisan.com/application/models/product_model.php on line 123
[28-Aug-2017 12:09:56 UTC] PHP Fatal error:  Cannot redeclare product_model::searchproduct() in /home/merakisan/public_html/shopping.merakisan.com/application/models/product_model.php on line 123
[28-Aug-2017 12:10:04 UTC] PHP Fatal error:  Cannot redeclare product_model::searchproduct() in /home/merakisan/public_html/shopping.merakisan.com/application/models/product_model.php on line 123
[28-Aug-2017 12:10:08 UTC] PHP Fatal error:  Cannot redeclare product_model::searchproduct() in /home/merakisan/public_html/shopping.merakisan.com/application/models/product_model.php on line 123
[28-Aug-2017 12:10:10 UTC] PHP Fatal error:  Cannot redeclare product_model::searchproduct() in /home/merakisan/public_html/shopping.merakisan.com/application/models/product_model.php on line 123
[28-Aug-2017 12:10:12 UTC] PHP Fatal error:  Cannot redeclare product_model::searchproduct() in /home/merakisan/public_html/shopping.merakisan.com/application/models/product_model.php on line 123
[28-Aug-2017 12:10:15 UTC] PHP Fatal error:  Cannot redeclare product_model::searchproduct() in /home/merakisan/public_html/shopping.merakisan.com/application/models/product_model.php on line 123
[28-Aug-2017 12:10:36 UTC] PHP Fatal error:  Cannot redeclare product_model::searchproduct() in /home/merakisan/public_html/shopping.merakisan.com/application/models/product_model.php on line 123
[28-Aug-2017 12:10:38 UTC] PHP Fatal error:  Cannot redeclare product_model::searchproduct() in /home/merakisan/public_html/shopping.merakisan.com/application/models/product_model.php on line 123
[28-Aug-2017 12:10:53 UTC] PHP Fatal error:  Cannot redeclare product_model::searchproduct() in /home/merakisan/public_html/shopping.merakisan.com/application/models/product_model.php on line 123
[28-Aug-2017 12:10:57 UTC] PHP Fatal error:  Cannot redeclare product_model::searchproduct() in /home/merakisan/public_html/shopping.merakisan.com/application/models/product_model.php on line 123
[28-Aug-2017 12:11:00 UTC] PHP Fatal error:  Cannot redeclare product_model::searchproduct() in /home/merakisan/public_html/shopping.merakisan.com/application/models/product_model.php on line 123
[28-Aug-2017 12:11:02 UTC] PHP Fatal error:  Cannot redeclare product_model::searchproduct() in /home/merakisan/public_html/shopping.merakisan.com/application/models/product_model.php on line 123
[28-Aug-2017 12:11:03 UTC] PHP Fatal error:  Cannot redeclare product_model::searchproduct() in /home/merakisan/public_html/shopping.merakisan.com/application/models/product_model.php on line 123
[28-Aug-2017 12:11:04 UTC] PHP Fatal error:  Cannot redeclare product_model::searchproduct() in /home/merakisan/public_html/shopping.merakisan.com/application/models/product_model.php on line 123
[28-Aug-2017 12:11:05 UTC] PHP Fatal error:  Cannot redeclare product_model::searchproduct() in /home/merakisan/public_html/shopping.merakisan.com/application/models/product_model.php on line 123
[28-Aug-2017 12:11:05 UTC] PHP Fatal error:  Cannot redeclare product_model::searchproduct() in /home/merakisan/public_html/shopping.merakisan.com/application/models/product_model.php on line 123
[28-Aug-2017 12:11:06 UTC] PHP Fatal error:  Cannot redeclare product_model::searchproduct() in /home/merakisan/public_html/shopping.merakisan.com/application/models/product_model.php on line 123
[28-Aug-2017 12:11:07 UTC] PHP Fatal error:  Cannot redeclare product_model::searchproduct() in /home/merakisan/public_html/shopping.merakisan.com/application/models/product_model.php on line 123
[28-Aug-2017 12:11:09 UTC] PHP Fatal error:  Cannot redeclare product_model::searchproduct() in /home/merakisan/public_html/shopping.merakisan.com/application/models/product_model.php on line 123
[28-Aug-2017 12:11:14 UTC] PHP Fatal error:  Cannot redeclare product_model::searchproduct() in /home/merakisan/public_html/shopping.merakisan.com/application/models/product_model.php on line 123
[28-Aug-2017 12:11:16 UTC] PHP Fatal error:  Cannot redeclare product_model::searchproduct() in /home/merakisan/public_html/shopping.merakisan.com/application/models/product_model.php on line 123
[28-Aug-2017 12:11:24 UTC] PHP Fatal error:  Cannot redeclare product_model::searchproduct() in /home/merakisan/public_html/shopping.merakisan.com/application/models/product_model.php on line 123
[28-Aug-2017 12:11:32 UTC] PHP Fatal error:  Cannot redeclare product_model::searchproduct() in /home/merakisan/public_html/shopping.merakisan.com/application/models/product_model.php on line 123
[28-Aug-2017 12:12:12 UTC] PHP Fatal error:  Cannot redeclare product_model::searchproduct() in /home/merakisan/public_html/shopping.merakisan.com/application/models/product_model.php on line 123
[28-Aug-2017 12:12:14 UTC] PHP Fatal error:  Cannot redeclare product_model::searchproduct() in /home/merakisan/public_html/shopping.merakisan.com/application/models/product_model.php on line 123
[28-Aug-2017 12:12:15 UTC] PHP Fatal error:  Cannot redeclare product_model::searchproduct() in /home/merakisan/public_html/shopping.merakisan.com/application/models/product_model.php on line 123
[28-Aug-2017 12:12:17 UTC] PHP Fatal error:  Cannot redeclare product_model::searchproduct() in /home/merakisan/public_html/shopping.merakisan.com/application/models/product_model.php on line 123
[28-Aug-2017 12:12:20 UTC] PHP Fatal error:  Cannot redeclare product_model::searchproduct() in /home/merakisan/public_html/shopping.merakisan.com/application/models/product_model.php on line 123
[28-Aug-2017 12:12:21 UTC] PHP Fatal error:  Cannot redeclare product_model::searchproduct() in /home/merakisan/public_html/shopping.merakisan.com/application/models/product_model.php on line 123
[28-Aug-2017 12:12:24 UTC] PHP Fatal error:  Cannot redeclare product_model::searchproduct() in /home/merakisan/public_html/shopping.merakisan.com/application/models/product_model.php on line 123
[28-Aug-2017 12:12:27 UTC] PHP Fatal error:  Cannot redeclare product_model::searchproduct() in /home/merakisan/public_html/shopping.merakisan.com/application/models/product_model.php on line 123
[28-Aug-2017 12:12:31 UTC] PHP Fatal error:  Cannot redeclare product_model::searchproduct() in /home/merakisan/public_html/shopping.merakisan.com/application/models/product_model.php on line 123
[28-Aug-2017 12:12:34 UTC] PHP Fatal error:  Cannot redeclare product_model::searchproduct() in /home/merakisan/public_html/shopping.merakisan.com/application/models/product_model.php on line 123
[28-Aug-2017 12:12:40 UTC] PHP Fatal error:  Cannot redeclare product_model::searchproduct() in /home/merakisan/public_html/shopping.merakisan.com/application/models/product_model.php on line 123
[28-Aug-2017 12:13:03 UTC] PHP Fatal error:  Cannot redeclare product_model::searchproduct() in /home/merakisan/public_html/shopping.merakisan.com/application/models/product_model.php on line 123
[28-Aug-2017 12:13:05 UTC] PHP Fatal error:  Cannot redeclare product_model::searchproduct() in /home/merakisan/public_html/shopping.merakisan.com/application/models/product_model.php on line 123
[28-Aug-2017 12:13:06 UTC] PHP Fatal error:  Cannot redeclare product_model::searchproduct() in /home/merakisan/public_html/shopping.merakisan.com/application/models/product_model.php on line 123
[28-Aug-2017 12:13:08 UTC] PHP Fatal error:  Cannot redeclare product_model::searchproduct() in /home/merakisan/public_html/shopping.merakisan.com/application/models/product_model.php on line 123
[28-Aug-2017 12:13:09 UTC] PHP Fatal error:  Cannot redeclare product_model::searchproduct() in /home/merakisan/public_html/shopping.merakisan.com/application/models/product_model.php on line 123
[28-Aug-2017 12:13:10 UTC] PHP Fatal error:  Cannot redeclare product_model::searchproduct() in /home/merakisan/public_html/shopping.merakisan.com/application/models/product_model.php on line 123
[28-Aug-2017 12:13:11 UTC] PHP Fatal error:  Cannot redeclare product_model::searchproduct() in /home/merakisan/public_html/shopping.merakisan.com/application/models/product_model.php on line 123
[28-Aug-2017 12:13:12 UTC] PHP Fatal error:  Cannot redeclare product_model::searchproduct() in /home/merakisan/public_html/shopping.merakisan.com/application/models/product_model.php on line 123
[28-Aug-2017 12:13:13 UTC] PHP Fatal error:  Cannot redeclare product_model::searchproduct() in /home/merakisan/public_html/shopping.merakisan.com/application/models/product_model.php on line 123
[28-Aug-2017 12:13:14 UTC] PHP Fatal error:  Cannot redeclare product_model::searchproduct() in /home/merakisan/public_html/shopping.merakisan.com/application/models/product_model.php on line 123
[28-Aug-2017 12:13:16 UTC] PHP Fatal error:  Cannot redeclare product_model::searchproduct() in /home/merakisan/public_html/shopping.merakisan.com/application/models/product_model.php on line 123
[28-Aug-2017 12:13:17 UTC] PHP Fatal error:  Cannot redeclare product_model::searchproduct() in /home/merakisan/public_html/shopping.merakisan.com/application/models/product_model.php on line 123
[28-Aug-2017 12:13:18 UTC] PHP Fatal error:  Cannot redeclare product_model::searchproduct() in /home/merakisan/public_html/shopping.merakisan.com/application/models/product_model.php on line 123
[28-Aug-2017 12:13:19 UTC] PHP Fatal error:  Cannot redeclare product_model::searchproduct() in /home/merakisan/public_html/shopping.merakisan.com/application/models/product_model.php on line 123
[28-Aug-2017 12:13:20 UTC] PHP Fatal error:  Cannot redeclare product_model::searchproduct() in /home/merakisan/public_html/shopping.merakisan.com/application/models/product_model.php on line 123
[28-Aug-2017 12:13:21 UTC] PHP Fatal error:  Cannot redeclare product_model::searchproduct() in /home/merakisan/public_html/shopping.merakisan.com/application/models/product_model.php on line 123
[28-Aug-2017 12:13:47 UTC] PHP Fatal error:  Cannot redeclare product_model::searchproduct() in /home/merakisan/public_html/shopping.merakisan.com/application/models/product_model.php on line 123
[28-Aug-2017 12:14:09 UTC] PHP Fatal error:  Cannot redeclare product_model::searchproduct() in /home/merakisan/public_html/shopping.merakisan.com/application/models/product_model.php on line 123
[28-Aug-2017 12:14:20 UTC] PHP Fatal error:  Cannot redeclare product_model::searchproduct() in /home/merakisan/public_html/shopping.merakisan.com/application/models/product_model.php on line 123
[28-Aug-2017 12:14:36 UTC] PHP Fatal error:  Cannot redeclare product_model::searchproduct() in /home/merakisan/public_html/shopping.merakisan.com/application/models/product_model.php on line 123
[28-Aug-2017 12:14:38 UTC] PHP Fatal error:  Cannot redeclare product_model::searchproduct() in /home/merakisan/public_html/shopping.merakisan.com/application/models/product_model.php on line 123
[28-Aug-2017 12:15:06 UTC] PHP Fatal error:  Cannot redeclare product_model::searchproduct() in /home/merakisan/public_html/shopping.merakisan.com/application/models/product_model.php on line 123
[28-Aug-2017 12:15:09 UTC] PHP Fatal error:  Cannot redeclare product_model::searchproduct() in /home/merakisan/public_html/shopping.merakisan.com/application/models/product_model.php on line 123
[28-Aug-2017 12:15:12 UTC] PHP Fatal error:  Cannot redeclare product_model::searchproduct() in /home/merakisan/public_html/shopping.merakisan.com/application/models/product_model.php on line 123
[28-Aug-2017 12:15:13 UTC] PHP Fatal error:  Cannot redeclare product_model::searchproduct() in /home/merakisan/public_html/shopping.merakisan.com/application/models/product_model.php on line 123
[28-Aug-2017 12:15:14 UTC] PHP Fatal error:  Cannot redeclare product_model::searchproduct() in /home/merakisan/public_html/shopping.merakisan.com/application/models/product_model.php on line 123
[28-Aug-2017 12:15:15 UTC] PHP Fatal error:  Cannot redeclare product_model::searchproduct() in /home/merakisan/public_html/shopping.merakisan.com/application/models/product_model.php on line 123
[28-Aug-2017 12:15:16 UTC] PHP Fatal error:  Cannot redeclare product_model::searchproduct() in /home/merakisan/public_html/shopping.merakisan.com/application/models/product_model.php on line 123
[28-Aug-2017 12:15:40 UTC] PHP Fatal error:  Cannot redeclare product_model::searchproduct() in /home/merakisan/public_html/shopping.merakisan.com/application/models/product_model.php on line 123
[28-Aug-2017 12:15:40 UTC] PHP Fatal error:  Cannot redeclare product_model::searchproduct() in /home/merakisan/public_html/shopping.merakisan.com/application/models/product_model.php on line 123
[28-Aug-2017 12:15:43 UTC] PHP Fatal error:  Cannot redeclare product_model::searchproduct() in /home/merakisan/public_html/shopping.merakisan.com/application/models/product_model.php on line 123
[28-Aug-2017 12:16:01 UTC] PHP Fatal error:  Cannot redeclare product_model::searchproduct() in /home/merakisan/public_html/shopping.merakisan.com/application/models/product_model.php on line 123
[28-Aug-2017 12:16:12 UTC] PHP Fatal error:  Cannot redeclare product_model::searchproduct() in /home/merakisan/public_html/shopping.merakisan.com/application/models/product_model.php on line 123
[28-Aug-2017 12:16:17 UTC] PHP Fatal error:  Cannot redeclare product_model::searchproduct() in /home/merakisan/public_html/shopping.merakisan.com/application/models/product_model.php on line 123
[28-Aug-2017 12:16:18 UTC] PHP Fatal error:  Cannot redeclare product_model::searchproduct() in /home/merakisan/public_html/shopping.merakisan.com/application/models/product_model.php on line 123
[28-Aug-2017 12:17:58 UTC] PHP Fatal error:  Cannot redeclare product_model::searchproduct() in /home/merakisan/public_html/shopping.merakisan.com/application/models/product_model.php on line 123
[28-Aug-2017 12:18:40 UTC] PHP Fatal error:  Cannot redeclare product_model::searchproduct() in /home/merakisan/public_html/shopping.merakisan.com/application/models/product_model.php on line 123
[28-Aug-2017 12:18:52 UTC] PHP Fatal error:  Cannot redeclare product_model::searchproduct() in /home/merakisan/public_html/shopping.merakisan.com/application/models/product_model.php on line 123
[28-Aug-2017 12:18:54 UTC] PHP Fatal error:  Cannot redeclare product_model::searchproduct() in /home/merakisan/public_html/shopping.merakisan.com/application/models/product_model.php on line 123
[28-Aug-2017 12:18:55 UTC] PHP Fatal error:  Cannot redeclare product_model::searchproduct() in /home/merakisan/public_html/shopping.merakisan.com/application/models/product_model.php on line 123
[28-Aug-2017 12:18:56 UTC] PHP Fatal error:  Cannot redeclare product_model::searchproduct() in /home/merakisan/public_html/shopping.merakisan.com/application/models/product_model.php on line 123
[28-Aug-2017 12:18:58 UTC] PHP Fatal error:  Cannot redeclare product_model::searchproduct() in /home/merakisan/public_html/shopping.merakisan.com/application/models/product_model.php on line 123
[28-Aug-2017 12:19:03 UTC] PHP Fatal error:  Cannot redeclare product_model::searchproduct() in /home/merakisan/public_html/shopping.merakisan.com/application/models/product_model.php on line 123
[28-Aug-2017 12:20:05 UTC] PHP Fatal error:  Cannot redeclare product_model::searchproduct() in /home/merakisan/public_html/shopping.merakisan.com/application/models/product_model.php on line 123
[28-Aug-2017 12:20:12 UTC] PHP Fatal error:  Cannot redeclare product_model::searchproduct() in /home/merakisan/public_html/shopping.merakisan.com/application/models/product_model.php on line 123
[28-Aug-2017 12:20:15 UTC] PHP Fatal error:  Cannot redeclare product_model::searchproduct() in /home/merakisan/public_html/shopping.merakisan.com/application/models/product_model.php on line 123
[28-Aug-2017 12:20:16 UTC] PHP Fatal error:  Cannot redeclare product_model::searchproduct() in /home/merakisan/public_html/shopping.merakisan.com/application/models/product_model.php on line 123
[28-Aug-2017 12:20:17 UTC] PHP Fatal error:  Cannot redeclare product_model::searchproduct() in /home/merakisan/public_html/shopping.merakisan.com/application/models/product_model.php on line 123
[28-Aug-2017 12:20:36 UTC] PHP Fatal error:  Cannot redeclare product_model::searchproduct() in /home/merakisan/public_html/shopping.merakisan.com/application/models/product_model.php on line 123
[28-Aug-2017 12:20:38 UTC] PHP Fatal error:  Cannot redeclare product_model::searchproduct() in /home/merakisan/public_html/shopping.merakisan.com/application/models/product_model.php on line 123
[28-Aug-2017 12:20:38 UTC] PHP Fatal error:  Cannot redeclare product_model::searchproduct() in /home/merakisan/public_html/shopping.merakisan.com/application/models/product_model.php on line 123
[28-Aug-2017 12:21:27 UTC] PHP Fatal error:  Cannot redeclare product_model::searchproduct() in /home/merakisan/public_html/shopping.merakisan.com/application/models/product_model.php on line 123
[28-Aug-2017 12:21:30 UTC] PHP Fatal error:  Cannot redeclare product_model::searchproduct() in /home/merakisan/public_html/shopping.merakisan.com/application/models/product_model.php on line 123
[28-Aug-2017 12:21:33 UTC] PHP Fatal error:  Cannot redeclare product_model::searchproduct() in /home/merakisan/public_html/shopping.merakisan.com/application/models/product_model.php on line 123
[28-Aug-2017 12:21:39 UTC] PHP Fatal error:  Cannot redeclare product_model::searchproduct() in /home/merakisan/public_html/shopping.merakisan.com/application/models/product_model.php on line 123
[28-Aug-2017 12:23:47 UTC] PHP Fatal error:  Cannot redeclare product_model::searchproduct() in /home/merakisan/public_html/shopping.merakisan.com/application/models/product_model.php on line 123
[28-Aug-2017 12:23:55 UTC] PHP Fatal error:  Cannot redeclare product_model::searchproduct() in /home/merakisan/public_html/shopping.merakisan.com/application/models/product_model.php on line 123
[28-Aug-2017 12:24:02 UTC] PHP Fatal error:  Cannot redeclare product_model::searchproduct() in /home/merakisan/public_html/shopping.merakisan.com/application/models/product_model.php on line 123
[28-Aug-2017 12:24:13 UTC] PHP Fatal error:  Cannot redeclare product_model::searchproduct() in /home/merakisan/public_html/shopping.merakisan.com/application/models/product_model.php on line 123
[28-Aug-2017 12:24:15 UTC] PHP Fatal error:  Cannot redeclare product_model::searchproduct() in /home/merakisan/public_html/shopping.merakisan.com/application/models/product_model.php on line 123
[28-Aug-2017 12:24:17 UTC] PHP Fatal error:  Cannot redeclare product_model::searchproduct() in /home/merakisan/public_html/shopping.merakisan.com/application/models/product_model.php on line 123
[22-Oct-2018 06:37:01 UTC] PHP Fatal error:  Call to a member function library() on null in /home/merakisan/organicpandit.com/application/models/notification_model.php on line 2
[22-Oct-2018 12:12:22 UTC] PHP Fatal error:  Class 'MY_Controller' not found in /home/merakisan/organicpandit.com/application/controllers/notification.php on line 24
[22-Oct-2018 12:12:25 UTC] PHP Fatal error:  Class 'MY_Controller' not found in /home/merakisan/organicpandit.com/application/controllers/notification.php on line 24
[23-Oct-2018 10:06:17 UTC] PHP Fatal error:  Class 'Dashboardview_model' not found in /home/merakisan/organicpandit.com/system/core/Loader.php on line 303
[23-Oct-2018 10:06:27 UTC] PHP Fatal error:  Class 'Dashboardview_model' not found in /home/merakisan/organicpandit.com/system/core/Loader.php on line 303
[23-Oct-2018 12:53:17 UTC] PHP Fatal error:  Cannot redeclare Account_detail_model::get_contents() in /home/merakisan/organicpandit.com/application/models/dashboardview_model.php on line 110
[23-Oct-2018 12:59:16 UTC] PHP Parse error:  syntax error, unexpected '}' in /home/merakisan/organicpandit.com/application/models/dashboardview_model.php on line 597
[23-Oct-2018 12:59:18 UTC] PHP Parse error:  syntax error, unexpected '}' in /home/merakisan/organicpandit.com/application/models/dashboardview_model.php on line 597
[23-Oct-2018 13:00:13 UTC] PHP Fatal error:  Class 'Dashboardview_model' not found in /home/merakisan/organicpandit.com/system/core/Loader.php on line 303
[23-Oct-2018 13:00:17 UTC] PHP Fatal error:  Class 'Dashboardview_model' not found in /home/merakisan/organicpandit.com/system/core/Loader.php on line 303
[23-Oct-2018 13:00:18 UTC] PHP Fatal error:  Class 'Dashboardview_model' not found in /home/merakisan/organicpandit.com/system/core/Loader.php on line 303
[23-Oct-2018 13:00:19 UTC] PHP Fatal error:  Class 'Dashboardview_model' not found in /home/merakisan/organicpandit.com/system/core/Loader.php on line 303
[23-Oct-2018 13:00:20 UTC] PHP Fatal error:  Class 'Dashboardview_model' not found in /home/merakisan/organicpandit.com/system/core/Loader.php on line 303
[23-Oct-2018 13:01:24 UTC] PHP Fatal error:  Class 'Dashboardview_model' not found in /home/merakisan/organicpandit.com/system/core/Loader.php on line 303
[23-Oct-2018 13:01:25 UTC] PHP Fatal error:  Class 'Dashboardview_model' not found in /home/merakisan/organicpandit.com/system/core/Loader.php on line 303
[23-Oct-2018 13:01:26 UTC] PHP Fatal error:  Class 'Dashboardview_model' not found in /home/merakisan/organicpandit.com/system/core/Loader.php on line 303
[24-Oct-2018 07:48:22 UTC] PHP Parse error:  syntax error, unexpected '?>', expecting function (T_FUNCTION) in /home/merakisan/organicpandit.com/application/models/notification_model.php on line 33
[24-Oct-2018 16:43:48 UTC] PHP Fatal error:  Call to undefined function ptint_r() in /home/merakisan/organicpandit.com/application/views/includes/header1.php on line 22
[24-Oct-2018 16:43:58 UTC] PHP Fatal error:  Call to undefined function ptint_r() in /home/merakisan/organicpandit.com/application/views/includes/header1.php on line 22
[25-Oct-2018 04:25:06 UTC] PHP Parse error:  syntax error, unexpected 'is_verify' (T_STRING), expecting ',' or ';' in /home/merakisan/organicpandit.com/application/models/search_detail_model.php on line 271
[25-Oct-2018 04:25:14 UTC] PHP Parse error:  syntax error, unexpected 'is_verify' (T_STRING), expecting ',' or ';' in /home/merakisan/organicpandit.com/application/models/search_detail_model.php on line 271
[25-Oct-2018 04:25:17 UTC] PHP Parse error:  syntax error, unexpected 'is_verify' (T_STRING), expecting ',' or ';' in /home/merakisan/organicpandit.com/application/models/search_detail_model.php on line 271
[25-Oct-2018 04:25:21 UTC] PHP Parse error:  syntax error, unexpected 'is_verify' (T_STRING), expecting ',' or ';' in /home/merakisan/organicpandit.com/application/models/search_detail_model.php on line 271
[25-Oct-2018 04:26:13 UTC] PHP Parse error:  syntax error, unexpected '1' (T_LNUMBER), expecting ',' or ';' in /home/merakisan/organicpandit.com/application/models/search_detail_model.php on line 271
[25-Oct-2018 04:26:15 UTC] PHP Parse error:  syntax error, unexpected '1' (T_LNUMBER), expecting ',' or ';' in /home/merakisan/organicpandit.com/application/models/search_detail_model.php on line 271
[25-Oct-2018 04:26:17 UTC] PHP Parse error:  syntax error, unexpected '1' (T_LNUMBER), expecting ',' or ';' in /home/merakisan/organicpandit.com/application/models/search_detail_model.php on line 271
[25-Oct-2018 04:26:21 UTC] PHP Parse error:  syntax error, unexpected '1' (T_LNUMBER), expecting ',' or ';' in /home/merakisan/organicpandit.com/application/models/search_detail_model.php on line 271
[25-Oct-2018 04:26:37 UTC] PHP Parse error:  syntax error, unexpected '1' (T_LNUMBER), expecting ',' or ';' in /home/merakisan/organicpandit.com/application/models/search_detail_model.php on line 271
[25-Oct-2018 04:26:44 UTC] PHP Parse error:  syntax error, unexpected '1' (T_LNUMBER), expecting ',' or ';' in /home/merakisan/organicpandit.com/application/models/search_detail_model.php on line 271
[25-Oct-2018 04:27:13 UTC] PHP Parse error:  syntax error, unexpected '1' (T_LNUMBER), expecting ',' or ';' in /home/merakisan/organicpandit.com/application/models/search_detail_model.php on line 271
[25-Oct-2018 04:27:21 UTC] PHP Parse error:  syntax error, unexpected '1' (T_LNUMBER), expecting ',' or ';' in /home/merakisan/organicpandit.com/application/models/search_detail_model.php on line 271
[25-Oct-2018 04:31:43 UTC] PHP Parse error:  syntax error, unexpected '$row' (T_VARIABLE), expecting ',' or ';' in /home/merakisan/organicpandit.com/application/models/search_detail_model.php on line 271
[25-Oct-2018 04:31:46 UTC] PHP Parse error:  syntax error, unexpected '$row' (T_VARIABLE), expecting ',' or ';' in /home/merakisan/organicpandit.com/application/models/search_detail_model.php on line 271
[25-Oct-2018 04:32:18 UTC] PHP Parse error:  syntax error, unexpected '$row' (T_VARIABLE), expecting ',' or ';' in /home/merakisan/organicpandit.com/application/models/search_detail_model.php on line 271
[25-Oct-2018 04:39:53 UTC] PHP Parse error:  syntax error, unexpected 'public' (T_PUBLIC) in /home/merakisan/organicpandit.com/application/models/certification_model.php on line 212
[25-Oct-2018 04:39:56 UTC] PHP Parse error:  syntax error, unexpected 'public' (T_PUBLIC) in /home/merakisan/organicpandit.com/application/models/certification_model.php on line 212
[25-Oct-2018 04:39:59 UTC] PHP Parse error:  syntax error, unexpected 'public' (T_PUBLIC) in /home/merakisan/organicpandit.com/application/models/certification_model.php on line 212
[25-Oct-2018 04:40:00 UTC] PHP Parse error:  syntax error, unexpected 'public' (T_PUBLIC) in /home/merakisan/organicpandit.com/application/models/certification_model.php on line 212
[25-Oct-2018 04:40:01 UTC] PHP Parse error:  syntax error, unexpected 'public' (T_PUBLIC) in /home/merakisan/organicpandit.com/application/models/certification_model.php on line 212
[25-Oct-2018 04:40:02 UTC] PHP Parse error:  syntax error, unexpected 'public' (T_PUBLIC) in /home/merakisan/organicpandit.com/application/models/certification_model.php on line 212
[25-Oct-2018 04:40:03 UTC] PHP Parse error:  syntax error, unexpected 'public' (T_PUBLIC) in /home/merakisan/organicpandit.com/application/models/certification_model.php on line 212
[25-Oct-2018 04:41:13 UTC] PHP Parse error:  syntax error, unexpected 'public' (T_PUBLIC) in /home/merakisan/organicpandit.com/application/models/certification_model.php on line 212
[25-Oct-2018 04:44:25 UTC] PHP Parse error:  syntax error, unexpected 'public' (T_PUBLIC) in /home/merakisan/organicpandit.com/application/models/certification_model.php on line 212
[25-Oct-2018 04:44:30 UTC] PHP Parse error:  syntax error, unexpected 'public' (T_PUBLIC) in /home/merakisan/organicpandit.com/application/models/certification_model.php on line 212
[25-Oct-2018 04:44:31 UTC] PHP Parse error:  syntax error, unexpected 'public' (T_PUBLIC) in /home/merakisan/organicpandit.com/application/models/certification_model.php on line 212
[25-Oct-2018 04:44:33 UTC] PHP Parse error:  syntax error, unexpected 'public' (T_PUBLIC) in /home/merakisan/organicpandit.com/application/models/certification_model.php on line 212
[25-Oct-2018 04:44:33 UTC] PHP Parse error:  syntax error, unexpected 'public' (T_PUBLIC) in /home/merakisan/organicpandit.com/application/models/certification_model.php on line 212
[25-Oct-2018 04:44:35 UTC] PHP Parse error:  syntax error, unexpected 'public' (T_PUBLIC) in /home/merakisan/organicpandit.com/application/models/certification_model.php on line 212
[25-Oct-2018 04:44:36 UTC] PHP Parse error:  syntax error, unexpected 'public' (T_PUBLIC) in /home/merakisan/organicpandit.com/application/models/certification_model.php on line 212
[25-Oct-2018 04:45:30 UTC] PHP Parse error:  syntax error, unexpected 'public' (T_PUBLIC) in /home/merakisan/organicpandit.com/application/models/certification_model.php on line 212
[25-Oct-2018 04:45:31 UTC] PHP Parse error:  syntax error, unexpected 'public' (T_PUBLIC) in /home/merakisan/organicpandit.com/application/models/certification_model.php on line 212
[25-Oct-2018 04:45:32 UTC] PHP Parse error:  syntax error, unexpected 'public' (T_PUBLIC) in /home/merakisan/organicpandit.com/application/models/certification_model.php on line 212
[25-Oct-2018 04:45:33 UTC] PHP Parse error:  syntax error, unexpected 'public' (T_PUBLIC) in /home/merakisan/organicpandit.com/application/models/certification_model.php on line 212
[25-Oct-2018 04:46:23 UTC] PHP Parse error:  syntax error, unexpected 'public' (T_PUBLIC) in /home/merakisan/organicpandit.com/application/models/certification_model.php on line 212
[25-Oct-2018 05:21:35 UTC] PHP Parse error:  syntax error, unexpected 'else' (T_ELSE), expecting function (T_FUNCTION) in /home/merakisan/organicpandit.com/application/models/search_detail_model.php on line 281
[25-Oct-2018 05:21:40 UTC] PHP Parse error:  syntax error, unexpected 'else' (T_ELSE), expecting function (T_FUNCTION) in /home/merakisan/organicpandit.com/application/models/search_detail_model.php on line 281
[25-Oct-2018 05:21:43 UTC] PHP Parse error:  syntax error, unexpected 'else' (T_ELSE), expecting function (T_FUNCTION) in /home/merakisan/organicpandit.com/application/models/search_detail_model.php on line 281
[25-Oct-2018 05:37:53 UTC] PHP Parse error:  syntax error, unexpected 'if' (T_IF) in /home/merakisan/organicpandit.com/application/models/search_detail_model.php on line 271
[25-Oct-2018 05:37:54 UTC] PHP Parse error:  syntax error, unexpected 'if' (T_IF) in /home/merakisan/organicpandit.com/application/models/search_detail_model.php on line 271
[25-Oct-2018 05:37:56 UTC] PHP Parse error:  syntax error, unexpected 'if' (T_IF) in /home/merakisan/organicpandit.com/application/models/search_detail_model.php on line 271
[25-Oct-2018 10:58:17 UTC] PHP Parse error:  syntax error, unexpected end of file in /home/merakisan/organicpandit.com/application/models/notification_model.php on line 27
[25-Oct-2018 10:59:14 UTC] PHP Parse error:  syntax error, unexpected end of file in /home/merakisan/organicpandit.com/application/models/notification_model.php on line 27
[25-Oct-2018 10:59:15 UTC] PHP Parse error:  syntax error, unexpected end of file in /home/merakisan/organicpandit.com/application/models/notification_model.php on line 27
[25-Oct-2018 10:59:17 UTC] PHP Parse error:  syntax error, unexpected end of file in /home/merakisan/organicpandit.com/application/models/notification_model.php on line 27
[25-Oct-2018 10:59:18 UTC] PHP Parse error:  syntax error, unexpected end of file in /home/merakisan/organicpandit.com/application/models/notification_model.php on line 27
[25-Oct-2018 10:59:20 UTC] PHP Parse error:  syntax error, unexpected end of file in /home/merakisan/organicpandit.com/application/models/notification_model.php on line 27
[25-Oct-2018 10:59:20 UTC] PHP Parse error:  syntax error, unexpected end of file in /home/merakisan/organicpandit.com/application/models/notification_model.php on line 27
[25-Oct-2018 10:59:22 UTC] PHP Parse error:  syntax error, unexpected end of file in /home/merakisan/organicpandit.com/application/models/notification_model.php on line 27
[25-Oct-2018 10:59:23 UTC] PHP Parse error:  syntax error, unexpected end of file in /home/merakisan/organicpandit.com/application/models/notification_model.php on line 27
[25-Oct-2018 11:00:09 UTC] PHP Parse error:  syntax error, unexpected end of file in /home/merakisan/organicpandit.com/application/models/notification_model.php on line 27
[25-Oct-2018 11:00:10 UTC] PHP Parse error:  syntax error, unexpected end of file in /home/merakisan/organicpandit.com/application/models/notification_model.php on line 27
[25-Oct-2018 11:00:18 UTC] PHP Parse error:  syntax error, unexpected end of file in /home/merakisan/organicpandit.com/application/models/notification_model.php on line 27
[25-Oct-2018 11:00:36 UTC] PHP Parse error:  syntax error, unexpected end of file in /home/merakisan/organicpandit.com/application/models/notification_model.php on line 27
[25-Oct-2018 11:00:38 UTC] PHP Parse error:  syntax error, unexpected end of file in /home/merakisan/organicpandit.com/application/models/notification_model.php on line 27
[25-Oct-2018 11:01:16 UTC] PHP Parse error:  syntax error, unexpected end of file in /home/merakisan/organicpandit.com/application/models/notification_model.php on line 27
[25-Oct-2018 11:01:18 UTC] PHP Parse error:  syntax error, unexpected end of file in /home/merakisan/organicpandit.com/application/models/notification_model.php on line 27
[25-Oct-2018 11:01:19 UTC] PHP Parse error:  syntax error, unexpected end of file in /home/merakisan/organicpandit.com/application/models/notification_model.php on line 27
[25-Oct-2018 11:01:25 UTC] PHP Parse error:  syntax error, unexpected end of file in /home/merakisan/organicpandit.com/application/models/notification_model.php on line 27
[25-Oct-2018 11:01:26 UTC] PHP Parse error:  syntax error, unexpected end of file in /home/merakisan/organicpandit.com/application/models/notification_model.php on line 27
[25-Oct-2018 11:01:28 UTC] PHP Parse error:  syntax error, unexpected end of file in /home/merakisan/organicpandit.com/application/models/notification_model.php on line 27
[25-Oct-2018 11:07:40 UTC] PHP Parse error:  syntax error, unexpected end of file in /home/merakisan/organicpandit.com/application/models/notification_model.php on line 28
[25-Oct-2018 11:07:41 UTC] PHP Parse error:  syntax error, unexpected end of file in /home/merakisan/organicpandit.com/application/models/notification_model.php on line 28
[25-Oct-2018 11:07:42 UTC] PHP Parse error:  syntax error, unexpected end of file in /home/merakisan/organicpandit.com/application/models/notification_model.php on line 28
[25-Oct-2018 11:07:44 UTC] PHP Parse error:  syntax error, unexpected end of file in /home/merakisan/organicpandit.com/application/models/notification_model.php on line 28
[25-Oct-2018 11:07:45 UTC] PHP Parse error:  syntax error, unexpected end of file in /home/merakisan/organicpandit.com/application/models/notification_model.php on line 28
[25-Oct-2018 11:07:46 UTC] PHP Parse error:  syntax error, unexpected end of file in /home/merakisan/organicpandit.com/application/models/notification_model.php on line 28
[25-Oct-2018 11:09:45 UTC] PHP Parse error:  syntax error, unexpected end of file in /home/merakisan/organicpandit.com/application/models/notification_model.php on line 33
[25-Oct-2018 11:09:47 UTC] PHP Parse error:  syntax error, unexpected end of file in /home/merakisan/organicpandit.com/application/models/notification_model.php on line 33
[25-Oct-2018 11:09:48 UTC] PHP Parse error:  syntax error, unexpected end of file in /home/merakisan/organicpandit.com/application/models/notification_model.php on line 33
[25-Oct-2018 11:09:50 UTC] PHP Parse error:  syntax error, unexpected end of file in /home/merakisan/organicpandit.com/application/models/notification_model.php on line 33
[25-Oct-2018 11:10:14 UTC] PHP Fatal error:  Call to undefined method Notification_model::get_contents() in /home/merakisan/organicpandit.com/application/controllers/notification.php on line 18
[25-Oct-2018 11:10:15 UTC] PHP Fatal error:  Call to undefined method Notification_model::get_contents() in /home/merakisan/organicpandit.com/application/controllers/notification.php on line 18
[25-Oct-2018 11:10:39 UTC] PHP Fatal error:  Call to undefined method Notification_model::get_contents() in /home/merakisan/organicpandit.com/application/controllers/notification.php on line 18
[25-Oct-2018 11:10:41 UTC] PHP Fatal error:  Call to undefined method Notification_model::get_contents() in /home/merakisan/organicpandit.com/application/controllers/notification.php on line 18
[25-Oct-2018 11:13:21 UTC] PHP Fatal error:  Call to undefined method Notification_model::get_verification() in /home/merakisan/organicpandit.com/application/controllers/notification.php on line 19
[25-Oct-2018 11:13:23 UTC] PHP Fatal error:  Call to undefined method Notification_model::get_verification() in /home/merakisan/organicpandit.com/application/controllers/notification.php on line 19
[25-Oct-2018 11:37:10 UTC] PHP Fatal error:  Call to a member function row() on null in /home/merakisan/organicpandit.com/application/models/login_model.php on line 72
[25-Oct-2018 11:48:21 UTC] PHP Fatal error:  Call to undefined method Login::row() in /home/merakisan/organicpandit.com/application/controllers/login.php on line 30
[25-Oct-2018 11:49:20 UTC] PHP Fatal error:  Call to a member function row() on null in /home/merakisan/organicpandit.com/application/models/login_model.php on line 72
[25-Oct-2018 11:50:00 UTC] PHP Fatal error:  Call to a member function row() on null in /home/merakisan/organicpandit.com/application/models/login_model.php on line 72
[25-Oct-2018 11:50:23 UTC] PHP Fatal error:  Call to a member function row() on null in /home/merakisan/organicpandit.com/application/models/login_model.php on line 72
[25-Oct-2018 11:51:06 UTC] PHP Fatal error:  Call to a member function row() on null in /home/merakisan/organicpandit.com/application/models/login_model.php on line 72
[25-Oct-2018 12:02:26 UTC] PHP Fatal error:  Method name must be a string in /home/merakisan/organicpandit.com/application/models/notification_model.php on line 16
[25-Oct-2018 12:02:28 UTC] PHP Fatal error:  Method name must be a string in /home/merakisan/organicpandit.com/application/models/notification_model.php on line 16
[26-Oct-2018 06:37:55 UTC] PHP Fatal error:  Call to undefined function submit() in /home/merakisan/organicpandit.com/application/views/includes/header1.php on line 121
[26-Oct-2018 06:38:09 UTC] PHP Fatal error:  Call to undefined function btn_submit() in /home/merakisan/organicpandit.com/application/views/includes/header1.php on line 121
[26-Oct-2018 11:58:36 UTC] PHP Parse error:  syntax error, unexpected '}' in /home/merakisan/organicpandit.com/application/models/notification_model.php on line 38
[26-Oct-2018 11:58:38 UTC] PHP Parse error:  syntax error, unexpected '}' in /home/merakisan/organicpandit.com/application/models/notification_model.php on line 38
[27-Oct-2018 06:22:27 UTC] PHP Fatal error:  Call to undefined method Notification_model::insert_into() in /home/merakisan/organicpandit.com/application/controllers/notification.php on line 25
[27-Oct-2018 13:24:03 UTC] PHP Parse error:  syntax error, unexpected '.' in /home/merakisan/organicpandit.com/application/views/includes/header1.php on line 112
[27-Oct-2018 13:24:18 UTC] PHP Parse error:  syntax error, unexpected '.' in /home/merakisan/organicpandit.com/application/views/includes/header1.php on line 112
[27-Oct-2018 13:54:08 UTC] PHP Fatal error:  Call to undefined method Notification_model::insert_into() in /home/merakisan/organicpandit.com/application/controllers/notification.php on line 25
[27-Oct-2018 14:02:04 UTC] PHP Parse error:  syntax error, unexpected 'endforeach' (T_ENDFOREACH) in /home/merakisan/organicpandit.com/application/views/includes/header1.php on line 122
[27-Oct-2018 14:02:07 UTC] PHP Parse error:  syntax error, unexpected 'endforeach' (T_ENDFOREACH) in /home/merakisan/organicpandit.com/application/views/includes/header1.php on line 122
[27-Oct-2018 14:02:11 UTC] PHP Parse error:  syntax error, unexpected 'endforeach' (T_ENDFOREACH) in /home/merakisan/organicpandit.com/application/views/includes/header1.php on line 122
[27-Oct-2018 14:02:14 UTC] PHP Parse error:  syntax error, unexpected 'endforeach' (T_ENDFOREACH) in /home/merakisan/organicpandit.com/application/views/includes/header1.php on line 122
[27-Oct-2018 14:02:40 UTC] PHP Parse error:  syntax error, unexpected 'endforeach' (T_ENDFOREACH) in /home/merakisan/organicpandit.com/application/views/includes/header1.php on line 126
[27-Oct-2018 14:02:42 UTC] PHP Parse error:  syntax error, unexpected 'endforeach' (T_ENDFOREACH) in /home/merakisan/organicpandit.com/application/views/includes/header1.php on line 126
[27-Oct-2018 14:02:43 UTC] PHP Parse error:  syntax error, unexpected 'endforeach' (T_ENDFOREACH) in /home/merakisan/organicpandit.com/application/views/includes/header1.php on line 126
[27-Oct-2018 14:03:19 UTC] PHP Parse error:  syntax error, unexpected 'endforeach' (T_ENDFOREACH) in /home/merakisan/organicpandit.com/application/views/includes/header1.php on line 126
[27-Oct-2018 14:04:11 UTC] PHP Parse error:  syntax error, unexpected 'endforeach' (T_ENDFOREACH) in /home/merakisan/organicpandit.com/application/views/includes/header1.php on line 126
[27-Oct-2018 14:04:14 UTC] PHP Parse error:  syntax error, unexpected 'endforeach' (T_ENDFOREACH) in /home/merakisan/organicpandit.com/application/views/includes/header1.php on line 126
[27-Oct-2018 14:05:19 UTC] PHP Parse error:  syntax error, unexpected '}' in /home/merakisan/organicpandit.com/application/views/includes/header1.php on line 138
[27-Oct-2018 14:05:20 UTC] PHP Parse error:  syntax error, unexpected '}' in /home/merakisan/organicpandit.com/application/views/includes/header1.php on line 138
[27-Oct-2018 14:05:21 UTC] PHP Parse error:  syntax error, unexpected '}' in /home/merakisan/organicpandit.com/application/views/includes/header1.php on line 138
[27-Oct-2018 14:05:22 UTC] PHP Parse error:  syntax error, unexpected '}' in /home/merakisan/organicpandit.com/application/views/includes/header1.php on line 138
[27-Oct-2018 14:15:11 UTC] PHP Fatal error:  Call to undefined method Notification_model::insert_into() in /home/merakisan/organicpandit.com/application/controllers/notification.php on line 25
[27-Oct-2018 14:15:24 UTC] PHP Fatal error:  Call to undefined method Notification_model::insert_into() in /home/merakisan/organicpandit.com/application/controllers/notification.php on line 25
[29-Oct-2018 06:01:52 UTC] PHP Fatal error:  Call to undefined method Notification_model::insert_into() in /home/merakisan/organicpandit.com/application/controllers/notification.php on line 25
[29-Oct-2018 06:03:59 UTC] PHP Fatal error:  Call to undefined method Notification_model::insert_into() in /home/merakisan/organicpandit.com/application/controllers/notification.php on line 25
[29-Oct-2018 08:39:08 UTC] PHP Fatal error:  Call to undefined method Notification_model::insert_into() in /home/merakisan/organicpandit.com/application/controllers/notification.php on line 25
[29-Oct-2018 10:42:59 UTC] PHP Parse error:  syntax error, unexpected '?' in /home/merakisan/organicpandit.com/application/views/farmer-register.php on line 155
[30-Oct-2018 07:16:50 UTC] PHP Parse error:  syntax error, unexpected '}' in /home/merakisan/organicpandit.com/application/views/includes/header1.php on line 112
[30-Oct-2018 07:50:04 UTC] PHP Fatal error:  Call to undefined method Notification_model::insert_into() in /home/merakisan/organicpandit.com/application/controllers/notification.php on line 25
[30-Oct-2018 07:50:05 UTC] PHP Fatal error:  Call to undefined method Notification_model::insert_into() in /home/merakisan/organicpandit.com/application/controllers/notification.php on line 25
[30-Oct-2018 07:50:06 UTC] PHP Fatal error:  Call to undefined method Notification_model::insert_into() in /home/merakisan/organicpandit.com/application/controllers/notification.php on line 25
[30-Oct-2018 07:50:06 UTC] PHP Fatal error:  Call to undefined method Notification_model::insert_into() in /home/merakisan/organicpandit.com/application/controllers/notification.php on line 25
[30-Oct-2018 08:13:24 UTC] PHP Fatal error:  Call to undefined method Notification_model::insert_into() in /home/merakisan/organicpandit.com/application/controllers/notification.php on line 25
[30-Oct-2018 09:15:02 UTC] PHP Deprecated:  mysql_connect(): The mysql extension is deprecated and will be removed in the future: use mysqli or PDO instead in /home/merakisan/organicpandit.com/uploadfile.php on line 21
[30-Oct-2018 09:16:41 UTC] PHP Deprecated:  mysql_connect(): The mysql extension is deprecated and will be removed in the future: use mysqli or PDO instead in /home/merakisan/organicpandit.com/uploadproductimage.php on line 19
[30-Oct-2018 09:16:41 UTC] PHP Notice:  Undefined index: productid in /home/merakisan/organicpandit.com/uploadproductimage.php on line 13
[30-Oct-2018 09:16:41 UTC] PHP Notice:  Undefined index: role in /home/merakisan/organicpandit.com/uploadproductimage.php on line 14
[30-Oct-2018 09:16:41 UTC] PHP Deprecated:  mysql_connect(): The mysql extension is deprecated and will be removed in the future: use mysqli or PDO instead in /home/merakisan/organicpandit.com/uploadproductimage.php on line 19
[30-Oct-2018 09:16:41 UTC] PHP Notice:  Undefined index: fileToUpload in /home/merakisan/organicpandit.com/uploadproductimage.php on line 22
[30-Oct-2018 09:16:41 UTC] PHP Notice:  Undefined index: fileToUpload in /home/merakisan/organicpandit.com/uploadproductimage.php on line 23
[30-Oct-2018 09:16:41 UTC] PHP Notice:  Undefined index: fileToUpload in /home/merakisan/organicpandit.com/uploadproductimage.php on line 29
[30-Oct-2018 09:16:41 UTC] PHP Notice:  Undefined index: fileToUpload in /home/merakisan/organicpandit.com/uploadproductimage.php on line 36
[30-Oct-2018 09:40:20 UTC] PHP Fatal error:  Call to undefined method Notification_model::insert_into() in /home/merakisan/organicpandit.com/application/controllers/notification.php on line 25
[30-Oct-2018 09:40:25 UTC] PHP Fatal error:  Call to undefined method Notification_model::insert_into() in /home/merakisan/organicpandit.com/application/controllers/notification.php on line 25
[30-Oct-2018 09:46:34 UTC] PHP Fatal error:  Call to undefined method Notification_model::insert_into() in /home/merakisan/organicpandit.com/application/controllers/notification.php on line 25
[30-Oct-2018 09:50:42 UTC] PHP Fatal error:  Call to a member function update_verification() on null in /home/merakisan/organicpandit.com/application/controllers/verification.php on line 23
[30-Oct-2018 09:57:24 UTC] PHP Fatal error:  Call to a member function update_verification() on null in /home/merakisan/organicpandit.com/application/controllers/verification.php on line 23
[30-Oct-2018 09:57:31 UTC] PHP Fatal error:  Call to a member function update_verification() on null in /home/merakisan/organicpandit.com/application/controllers/verification.php on line 23
[30-Oct-2018 09:57:31 UTC] PHP Fatal error:  Call to a member function update_verification() on null in /home/merakisan/organicpandit.com/application/controllers/verification.php on line 23
[30-Oct-2018 09:57:33 UTC] PHP Fatal error:  Call to a member function update_verification() on null in /home/merakisan/organicpandit.com/application/controllers/verification.php on line 23
[30-Oct-2018 09:57:34 UTC] PHP Fatal error:  Call to a member function update_verification() on null in /home/merakisan/organicpandit.com/application/controllers/verification.php on line 23
[30-Oct-2018 09:57:34 UTC] PHP Fatal error:  Call to a member function update_verification() on null in /home/merakisan/organicpandit.com/application/controllers/verification.php on line 23
[30-Oct-2018 09:57:35 UTC] PHP Fatal error:  Call to a member function update_verification() on null in /home/merakisan/organicpandit.com/application/controllers/verification.php on line 23
[30-Oct-2018 09:57:41 UTC] PHP Fatal error:  Call to a member function update_verification() on null in /home/merakisan/organicpandit.com/application/controllers/verification.php on line 23
[30-Oct-2018 09:57:43 UTC] PHP Fatal error:  Call to a member function update_verification() on null in /home/merakisan/organicpandit.com/application/controllers/verification.php on line 23
[30-Oct-2018 09:57:47 UTC] PHP Fatal error:  Call to a member function update_verification() on null in /home/merakisan/organicpandit.com/application/controllers/verification.php on line 23
[30-Oct-2018 09:57:49 UTC] PHP Fatal error:  Call to a member function update_verification() on null in /home/merakisan/organicpandit.com/application/controllers/verification.php on line 23
[30-Oct-2018 10:39:01 UTC] PHP Fatal error:  Call to a member function update_verification() on null in /home/merakisan/organicpandit.com/application/controllers/verification.php on line 23
[30-Oct-2018 10:39:05 UTC] PHP Fatal error:  Call to a member function update_verification() on null in /home/merakisan/organicpandit.com/application/controllers/verification.php on line 23
[30-Oct-2018 10:39:06 UTC] PHP Fatal error:  Call to a member function update_verification() on null in /home/merakisan/organicpandit.com/application/controllers/verification.php on line 23
[30-Oct-2018 10:39:07 UTC] PHP Fatal error:  Call to a member function update_verification() on null in /home/merakisan/organicpandit.com/application/controllers/verification.php on line 23
[30-Oct-2018 10:39:09 UTC] PHP Fatal error:  Call to a member function update_verification() on null in /home/merakisan/organicpandit.com/application/controllers/verification.php on line 23
[30-Oct-2018 10:39:11 UTC] PHP Fatal error:  Call to a member function update_verification() on null in /home/merakisan/organicpandit.com/application/controllers/verification.php on line 23
[30-Oct-2018 10:39:12 UTC] PHP Fatal error:  Call to a member function update_verification() on null in /home/merakisan/organicpandit.com/application/controllers/verification.php on line 23
[30-Oct-2018 10:39:13 UTC] PHP Fatal error:  Call to a member function update_verification() on null in /home/merakisan/organicpandit.com/application/controllers/verification.php on line 23
[30-Oct-2018 10:39:17 UTC] PHP Fatal error:  Call to a member function update_verification() on null in /home/merakisan/organicpandit.com/application/controllers/verification.php on line 23
[30-Oct-2018 10:39:20 UTC] PHP Fatal error:  Call to a member function update_verification() on null in /home/merakisan/organicpandit.com/application/controllers/verification.php on line 23
[30-Oct-2018 10:41:28 UTC] PHP Fatal error:  Call to a member function update_verification() on null in /home/merakisan/organicpandit.com/application/controllers/verification.php on line 23
[30-Oct-2018 10:42:23 UTC] PHP Fatal error:  Call to a member function update_verification() on null in /home/merakisan/organicpandit.com/application/controllers/verification.php on line 23
[30-Oct-2018 10:42:37 UTC] PHP Fatal error:  Call to a member function update_verification() on null in /home/merakisan/organicpandit.com/application/controllers/verification.php on line 23
[30-Oct-2018 10:42:47 UTC] PHP Fatal error:  Call to a member function update_verification() on null in /home/merakisan/organicpandit.com/application/controllers/verification.php on line 23
[30-Oct-2018 10:42:48 UTC] PHP Fatal error:  Call to a member function update_verification() on null in /home/merakisan/organicpandit.com/application/controllers/verification.php on line 23
[30-Oct-2018 10:42:49 UTC] PHP Fatal error:  Call to a member function update_verification() on null in /home/merakisan/organicpandit.com/application/controllers/verification.php on line 23
[30-Oct-2018 10:49:13 UTC] PHP Fatal error:  Call to a member function update_verification() on null in /home/merakisan/organicpandit.com/application/controllers/verification.php on line 23
[30-Oct-2018 10:50:44 UTC] PHP Fatal error:  Call to undefined method Verification_model::insert_into() in /home/merakisan/organicpandit.com/application/controllers/verification.php on line 24
[30-Oct-2018 10:51:59 UTC] PHP Fatal error:  Call to undefined method Verification_model::insert_into() in /home/merakisan/organicpandit.com/application/controllers/verification.php on line 24
[30-Oct-2018 11:05:14 UTC] PHP Fatal error:  Call to undefined method Verification_model::insert_into() in /home/merakisan/organicpandit.com/application/controllers/verification.php on line 24
[30-Oct-2018 11:17:05 UTC] PHP Fatal error:  Call to undefined method Verification_model::insert_into() in /home/merakisan/organicpandit.com/application/controllers/verification.php on line 24
[30-Oct-2018 11:21:02 UTC] PHP Fatal error:  Call to undefined method Verification_model::insert_into() in /home/merakisan/organicpandit.com/application/controllers/verification.php on line 24
[30-Oct-2018 11:21:56 UTC] PHP Fatal error:  Call to undefined method Verification_model::insert_into() in /home/merakisan/organicpandit.com/application/controllers/verification.php on line 24
[30-Oct-2018 11:21:58 UTC] PHP Fatal error:  Call to undefined method Verification_model::insert_into() in /home/merakisan/organicpandit.com/application/controllers/verification.php on line 24
[30-Oct-2018 12:28:47 UTC] PHP Fatal error:  Call to undefined method Verification_model::insert_into() in /home/merakisan/organicpandit.com/application/controllers/verification.php on line 24
[30-Oct-2018 12:53:31 UTC] PHP Fatal error:  Call to undefined method Verification_model::insert_into() in /home/merakisan/organicpandit.com/application/controllers/verification.php on line 24
[30-Oct-2018 12:53:34 UTC] PHP Fatal error:  Call to undefined method Verification_model::insert_into() in /home/merakisan/organicpandit.com/application/controllers/verification.php on line 24
[30-Oct-2018 12:53:39 UTC] PHP Fatal error:  Call to undefined method Verification_model::insert_into() in /home/merakisan/organicpandit.com/application/controllers/verification.php on line 24
[30-Oct-2018 12:53:41 UTC] PHP Fatal error:  Call to undefined method Verification_model::insert_into() in /home/merakisan/organicpandit.com/application/controllers/verification.php on line 24
[30-Oct-2018 14:06:09 UTC] PHP Deprecated:  mysql_connect(): The mysql extension is deprecated and will be removed in the future: use mysqli or PDO instead in /home/merakisan/organicpandit.com/uploadfile.php on line 21
[30-Oct-2018 14:06:56 UTC] PHP Deprecated:  mysql_connect(): The mysql extension is deprecated and will be removed in the future: use mysqli or PDO instead in /home/merakisan/organicpandit.com/uploadvideo.php on line 23
[30-Oct-2018 14:48:39 UTC] PHP Deprecated:  mysql_connect(): The mysql extension is deprecated and will be removed in the future: use mysqli or PDO instead in /home/merakisan/organicpandit.com/uploadvideo.php on line 23
[31-Oct-2018 05:50:26 UTC] PHP Parse error:  syntax error, unexpected '<' in /home/merakisan/organicpandit.com/application/views/verification.php on line 77
[01-Nov-2018 04:25:27 UTC] PHP Fatal error:  Call to a member function query() on null in /home/merakisan/organicpandit.com/application/views/farmer-register.php on line 156
[01-Nov-2018 04:25:51 UTC] PHP Parse error:  syntax error, unexpected '<' in /home/merakisan/organicpandit.com/application/views/farmer-register.php on line 156
[01-Nov-2018 05:43:04 UTC] PHP Parse error:  syntax error, unexpected '&' in /home/merakisan/organicpandit.com/application/views/includes/header1.php on line 127
[02-Nov-2018 04:56:24 UTC] PHP Fatal error:  Call to undefined method Verification_model::update() in /home/merakisan/organicpandit.com/application/controllers/verification.php on line 24
[02-Nov-2018 04:57:23 UTC] PHP Fatal error:  Call to undefined method Verification_model::update() in /home/merakisan/organicpandit.com/application/controllers/verification.php on line 30
[02-Nov-2018 05:02:02 UTC] PHP Fatal error:  Call to undefined method Verification_model::update() in /home/merakisan/organicpandit.com/application/controllers/verification.php on line 24
[02-Nov-2018 05:04:05 UTC] PHP Fatal error:  Call to undefined method Verification_model::update() in /home/merakisan/organicpandit.com/application/controllers/verification.php on line 30
[02-Nov-2018 05:04:27 UTC] PHP Fatal error:  Call to undefined method Verification_model::update() in /home/merakisan/organicpandit.com/application/controllers/verification.php on line 24
[02-Nov-2018 05:19:49 UTC] PHP Fatal error:  Call to undefined method Verification_model::update() in /home/merakisan/organicpandit.com/application/controllers/verification.php on line 24
[19-Nov-2018 09:43:37 UTC] PHP Fatal error:  Call to undefined method Verification_model::update() in /home/merakisan/organicpandit.com/application/controllers/verification.php on line 24
[19-Nov-2018 09:43:46 UTC] PHP Fatal error:  Call to undefined method Verification_model::update() in /home/merakisan/organicpandit.com/application/controllers/verification.php on line 24
